[0.010s] Invoking command in '/home/user/astra_ihm_frontend/ros/build/mqtt_client': AMENT_PREFIX_PATH=/home/user/astra_ihm_frontend/ros/install/mqtt_client_interfaces:${AMENT_PREFIX_PATH} CMAKE_PREFIX_PATH=/home/user/astra_ihm_frontend/ros/install/mqtt_client_interfaces:/home/user/astra_ihm_frontend/ros/install/astra_pcc:/home/user/segway_ws/install/segway_nav:/home/user/segway_ws/install/rmp_teleop:/home/user/segway_ws/install/rmp_base:/home/user/segway_ws/install/rmp_msgs:/home/user/segway_ws/install/rmp_description:/home/user/segway_ws/install/kiss_icp:/home/user/segway_ws/install/hesai_lidar:/home/user/astra/ros2/install/segway_nav:/home/user/astra/ros2/install/plugin_test:/home/user/astra/ros2/install/mapconversion:/home/user/astra/ros2/install/mapconversion_msgs:/home/user/astra/ros2/install/kindr_ros:/home/user/astra/ros2/install/kindr_msgs:/home/user/astra/ros2/install/elevation_map_msgs:/home/user/astra/ros2/install/astra_simu:/home/user/astra/ros2/install/astra_launch:/home/user/astra/ros2/install/astra_interfaces:/home/user/astra/ros2/install/astra_gridmap_filters:/home/user/elevation_mapping_cupy/install/elevation_mapping_cupy:/home/user/elevation_mapping_cupy/install/elevation_map_msgs:/home/user/segway_ws/install/segway_waypoint_follower:/home/user/astra/ros2/install/semantic_sensor:/home/user/astra/ros2/install/elevation_mapping_cupy:/home/user/astra/ros2/install/astra_service:/home/user/astra/ros2/install/astra_rqt_plugin:/home/user/elevation_mapping_cupy/install/semantic_sensor:/opt/ros/iron LD_LIBRARY_PATH=/home/user/astra_ihm_frontend/ros/install/mqtt_client_interfaces/lib:/home/user/segway_ws/install/rmp_msgs/lib:/home/user/segway_ws/install/kiss_icp/lib:/home/user/segway_ws/install/hesai_lidar/lib:/home/user/astra/ros2/install/mapconversion_msgs/lib:/home/user/astra/ros2/install/kindr_msgs/lib:/home/user/astra/ros2/install/elevation_map_msgs/lib:/home/user/astra/ros2/install/astra_interfaces/lib:/home/user/astra/ros2/install/astra_gridmap_filters/lib:/home/user/elevation_mapping_cupy/install/elevation_map_msgs/lib:/opt/ros/iron/opt/rviz_ogre_vendor/lib:/opt/ros/iron/lib/x86_64-linux-gnu:/opt/ros/iron/opt/openvdb_vendor/lib:/opt/ros/iron/lib:/usr/local/cuda-12.9/lib64 PYTHONPATH=/home/user/astra_ihm_frontend/ros/install/mqtt_client_interfaces/lib/python3.10/site-packages:${PYTHONPATH} /usr/bin/cmake /home/user/astra_ihm_frontend/ros/src/mqtt_client/mqtt_client -DAMENT_CMAKE_SYMLINK_INSTALL=1 -DCMAKE_INSTALL_PREFIX=/home/user/astra_ihm_frontend/ros/install/mqtt_client
[0.057s] -- The C compiler identification is GNU 11.4.0
[0.100s] -- The CXX compiler identification is GNU 11.4.0
[0.106s] -- Detecting C compiler ABI info
[0.170s] -- Detecting C compiler ABI info - done
[0.175s] -- Check for working C compiler: /usr/bin/cc - skipped
[0.175s] -- Detecting C compile features
[0.175s] -- Detecting C compile features - done
[0.177s] -- Detecting CXX compiler ABI info
[0.252s] -- Detecting CXX compiler ABI info - done
[0.258s] -- Check for working CXX compiler: /usr/bin/c++ - skipped
[0.259s] -- Detecting CXX compile features
[0.259s] -- Detecting CXX compile features - done
[0.264s] -- Found ament_cmake: 2.0.7 (/opt/ros/iron/share/ament_cmake/cmake)
[0.452s] -- Found Python3: /usr/bin/python3.10 (found version "3.10.12") found components: Interpreter 
[0.517s] -- Override CMake install command with custom implementation using symlinks instead of copying resources
[0.568s] -- Found mqtt_client_interfaces: 2.3.0 (/home/user/astra_ihm_frontend/ros/install/mqtt_client_interfaces/share/mqtt_client_interfaces/cmake)
[0.617s] -- Found rosidl_generator_c: 4.0.1 (/opt/ros/iron/share/rosidl_generator_c/cmake)
[0.632s] -- Found rosidl_generator_cpp: 4.0.1 (/opt/ros/iron/share/rosidl_generator_cpp/cmake)
[0.650s] -- Using all available rosidl_typesupport_c: rosidl_typesupport_fastrtps_c;rosidl_typesupport_introspection_c
[0.671s] -- Using all available rosidl_typesupport_cpp: rosidl_typesupport_fastrtps_cpp;rosidl_typesupport_introspection_cpp
[0.800s] -- Found rclcpp: 21.0.8 (/opt/ros/iron/share/rclcpp/cmake)
[0.894s] -- Found rmw_implementation_cmake: 7.1.0 (/opt/ros/iron/share/rmw_implementation_cmake/cmake)
[0.897s] -- Found rmw_fastrtps_cpp: 7.1.4 (/opt/ros/iron/share/rmw_fastrtps_cpp/cmake)
[1.000s] -- Found OpenSSL: /usr/lib/x86_64-linux-gnu/libcrypto.so (found version "3.0.2")  
[1.027s] -- Found FastRTPS: /opt/ros/iron/include  
[1.069s] -- Using RMW implementation 'rmw_fastrtps_cpp' as default
[1.206s] -- Found rclcpp_components: 21.0.8 (/opt/ros/iron/share/rclcpp_components/cmake)
[1.377s] -- Configuring done
[1.389s] -- Generating done
[1.390s] -- Build files have been written to: /home/user/astra_ihm_frontend/ros/build/mqtt_client
[1.398s] Invoked command in '/home/user/astra_ihm_frontend/ros/build/mqtt_client' returned '0': AMENT_PREFIX_PATH=/home/user/astra_ihm_frontend/ros/install/mqtt_client_interfaces:${AMENT_PREFIX_PATH} CMAKE_PREFIX_PATH=/home/user/astra_ihm_frontend/ros/install/mqtt_client_interfaces:/home/user/astra_ihm_frontend/ros/install/astra_pcc:/home/user/segway_ws/install/segway_nav:/home/user/segway_ws/install/rmp_teleop:/home/user/segway_ws/install/rmp_base:/home/user/segway_ws/install/rmp_msgs:/home/user/segway_ws/install/rmp_description:/home/user/segway_ws/install/kiss_icp:/home/user/segway_ws/install/hesai_lidar:/home/user/astra/ros2/install/segway_nav:/home/user/astra/ros2/install/plugin_test:/home/user/astra/ros2/install/mapconversion:/home/user/astra/ros2/install/mapconversion_msgs:/home/user/astra/ros2/install/kindr_ros:/home/user/astra/ros2/install/kindr_msgs:/home/user/astra/ros2/install/elevation_map_msgs:/home/user/astra/ros2/install/astra_simu:/home/user/astra/ros2/install/astra_launch:/home/user/astra/ros2/install/astra_interfaces:/home/user/astra/ros2/install/astra_gridmap_filters:/home/user/elevation_mapping_cupy/install/elevation_mapping_cupy:/home/user/elevation_mapping_cupy/install/elevation_map_msgs:/home/user/segway_ws/install/segway_waypoint_follower:/home/user/astra/ros2/install/semantic_sensor:/home/user/astra/ros2/install/elevation_mapping_cupy:/home/user/astra/ros2/install/astra_service:/home/user/astra/ros2/install/astra_rqt_plugin:/home/user/elevation_mapping_cupy/install/semantic_sensor:/opt/ros/iron LD_LIBRARY_PATH=/home/user/astra_ihm_frontend/ros/install/mqtt_client_interfaces/lib:/home/user/segway_ws/install/rmp_msgs/lib:/home/user/segway_ws/install/kiss_icp/lib:/home/user/segway_ws/install/hesai_lidar/lib:/home/user/astra/ros2/install/mapconversion_msgs/lib:/home/user/astra/ros2/install/kindr_msgs/lib:/home/user/astra/ros2/install/elevation_map_msgs/lib:/home/user/astra/ros2/install/astra_interfaces/lib:/home/user/astra/ros2/install/astra_gridmap_filters/lib:/home/user/elevation_mapping_cupy/install/elevation_map_msgs/lib:/opt/ros/iron/opt/rviz_ogre_vendor/lib:/opt/ros/iron/lib/x86_64-linux-gnu:/opt/ros/iron/opt/openvdb_vendor/lib:/opt/ros/iron/lib:/usr/local/cuda-12.9/lib64 PYTHONPATH=/home/user/astra_ihm_frontend/ros/install/mqtt_client_interfaces/lib/python3.10/site-packages:${PYTHONPATH} /usr/bin/cmake /home/user/astra_ihm_frontend/ros/src/mqtt_client/mqtt_client -DAMENT_CMAKE_SYMLINK_INSTALL=1 -DCMAKE_INSTALL_PREFIX=/home/user/astra_ihm_frontend/ros/install/mqtt_client
[1.400s] Invoking command in '/home/user/astra_ihm_frontend/ros/build/mqtt_client': AMENT_PREFIX_PATH=/home/user/astra_ihm_frontend/ros/install/mqtt_client_interfaces:${AMENT_PREFIX_PATH} CMAKE_PREFIX_PATH=/home/user/astra_ihm_frontend/ros/install/mqtt_client_interfaces:/home/user/astra_ihm_frontend/ros/install/astra_pcc:/home/user/segway_ws/install/segway_nav:/home/user/segway_ws/install/rmp_teleop:/home/user/segway_ws/install/rmp_base:/home/user/segway_ws/install/rmp_msgs:/home/user/segway_ws/install/rmp_description:/home/user/segway_ws/install/kiss_icp:/home/user/segway_ws/install/hesai_lidar:/home/user/astra/ros2/install/segway_nav:/home/user/astra/ros2/install/plugin_test:/home/user/astra/ros2/install/mapconversion:/home/user/astra/ros2/install/mapconversion_msgs:/home/user/astra/ros2/install/kindr_ros:/home/user/astra/ros2/install/kindr_msgs:/home/user/astra/ros2/install/elevation_map_msgs:/home/user/astra/ros2/install/astra_simu:/home/user/astra/ros2/install/astra_launch:/home/user/astra/ros2/install/astra_interfaces:/home/user/astra/ros2/install/astra_gridmap_filters:/home/user/elevation_mapping_cupy/install/elevation_mapping_cupy:/home/user/elevation_mapping_cupy/install/elevation_map_msgs:/home/user/segway_ws/install/segway_waypoint_follower:/home/user/astra/ros2/install/semantic_sensor:/home/user/astra/ros2/install/elevation_mapping_cupy:/home/user/astra/ros2/install/astra_service:/home/user/astra/ros2/install/astra_rqt_plugin:/home/user/elevation_mapping_cupy/install/semantic_sensor:/opt/ros/iron LD_LIBRARY_PATH=/home/user/astra_ihm_frontend/ros/install/mqtt_client_interfaces/lib:/home/user/segway_ws/install/rmp_msgs/lib:/home/user/segway_ws/install/kiss_icp/lib:/home/user/segway_ws/install/hesai_lidar/lib:/home/user/astra/ros2/install/mapconversion_msgs/lib:/home/user/astra/ros2/install/kindr_msgs/lib:/home/user/astra/ros2/install/elevation_map_msgs/lib:/home/user/astra/ros2/install/astra_interfaces/lib:/home/user/astra/ros2/install/astra_gridmap_filters/lib:/home/user/elevation_mapping_cupy/install/elevation_map_msgs/lib:/opt/ros/iron/opt/rviz_ogre_vendor/lib:/opt/ros/iron/lib/x86_64-linux-gnu:/opt/ros/iron/opt/openvdb_vendor/lib:/opt/ros/iron/lib:/usr/local/cuda-12.9/lib64 PYTHONPATH=/home/user/astra_ihm_frontend/ros/install/mqtt_client_interfaces/lib/python3.10/site-packages:${PYTHONPATH} /usr/bin/cmake --build /home/user/astra_ihm_frontend/ros/build/mqtt_client -- -j20 -l20
[1.445s] [ 25%] [32mBuilding CXX object CMakeFiles/mqtt_client_lib.dir/src/MqttClient.ros2.cpp.o[0m
[1.447s] [ 50%] [32mBuilding CXX object CMakeFiles/mqtt_client.dir/rclcpp_components/node_main_mqtt_client.cpp.o[0m
[4.447s] [ 75%] [32m[1mLinking CXX executable mqtt_client[0m
[4.601s] [ 75%] Built target mqtt_client
[8.559s] [100%] [32m[1mLinking CXX shared library libmqtt_client_lib.so[0m
[8.844s] [100%] Built target mqtt_client_lib
[8.853s] Invoked command in '/home/user/astra_ihm_frontend/ros/build/mqtt_client' returned '0': AMENT_PREFIX_PATH=/home/user/astra_ihm_frontend/ros/install/mqtt_client_interfaces:${AMENT_PREFIX_PATH} CMAKE_PREFIX_PATH=/home/user/astra_ihm_frontend/ros/install/mqtt_client_interfaces:/home/user/astra_ihm_frontend/ros/install/astra_pcc:/home/user/segway_ws/install/segway_nav:/home/user/segway_ws/install/rmp_teleop:/home/user/segway_ws/install/rmp_base:/home/user/segway_ws/install/rmp_msgs:/home/user/segway_ws/install/rmp_description:/home/user/segway_ws/install/kiss_icp:/home/user/segway_ws/install/hesai_lidar:/home/user/astra/ros2/install/segway_nav:/home/user/astra/ros2/install/plugin_test:/home/user/astra/ros2/install/mapconversion:/home/user/astra/ros2/install/mapconversion_msgs:/home/user/astra/ros2/install/kindr_ros:/home/user/astra/ros2/install/kindr_msgs:/home/user/astra/ros2/install/elevation_map_msgs:/home/user/astra/ros2/install/astra_simu:/home/user/astra/ros2/install/astra_launch:/home/user/astra/ros2/install/astra_interfaces:/home/user/astra/ros2/install/astra_gridmap_filters:/home/user/elevation_mapping_cupy/install/elevation_mapping_cupy:/home/user/elevation_mapping_cupy/install/elevation_map_msgs:/home/user/segway_ws/install/segway_waypoint_follower:/home/user/astra/ros2/install/semantic_sensor:/home/user/astra/ros2/install/elevation_mapping_cupy:/home/user/astra/ros2/install/astra_service:/home/user/astra/ros2/install/astra_rqt_plugin:/home/user/elevation_mapping_cupy/install/semantic_sensor:/opt/ros/iron LD_LIBRARY_PATH=/home/user/astra_ihm_frontend/ros/install/mqtt_client_interfaces/lib:/home/user/segway_ws/install/rmp_msgs/lib:/home/user/segway_ws/install/kiss_icp/lib:/home/user/segway_ws/install/hesai_lidar/lib:/home/user/astra/ros2/install/mapconversion_msgs/lib:/home/user/astra/ros2/install/kindr_msgs/lib:/home/user/astra/ros2/install/elevation_map_msgs/lib:/home/user/astra/ros2/install/astra_interfaces/lib:/home/user/astra/ros2/install/astra_gridmap_filters/lib:/home/user/elevation_mapping_cupy/install/elevation_map_msgs/lib:/opt/ros/iron/opt/rviz_ogre_vendor/lib:/opt/ros/iron/lib/x86_64-linux-gnu:/opt/ros/iron/opt/openvdb_vendor/lib:/opt/ros/iron/lib:/usr/local/cuda-12.9/lib64 PYTHONPATH=/home/user/astra_ihm_frontend/ros/install/mqtt_client_interfaces/lib/python3.10/site-packages:${PYTHONPATH} /usr/bin/cmake --build /home/user/astra_ihm_frontend/ros/build/mqtt_client -- -j20 -l20
[8.885s] Invoking command in '/home/user/astra_ihm_frontend/ros/build/mqtt_client': AMENT_PREFIX_PATH=/home/user/astra_ihm_frontend/ros/install/mqtt_client_interfaces:${AMENT_PREFIX_PATH} CMAKE_PREFIX_PATH=/home/user/astra_ihm_frontend/ros/install/mqtt_client_interfaces:/home/user/astra_ihm_frontend/ros/install/astra_pcc:/home/user/segway_ws/install/segway_nav:/home/user/segway_ws/install/rmp_teleop:/home/user/segway_ws/install/rmp_base:/home/user/segway_ws/install/rmp_msgs:/home/user/segway_ws/install/rmp_description:/home/user/segway_ws/install/kiss_icp:/home/user/segway_ws/install/hesai_lidar:/home/user/astra/ros2/install/segway_nav:/home/user/astra/ros2/install/plugin_test:/home/user/astra/ros2/install/mapconversion:/home/user/astra/ros2/install/mapconversion_msgs:/home/user/astra/ros2/install/kindr_ros:/home/user/astra/ros2/install/kindr_msgs:/home/user/astra/ros2/install/elevation_map_msgs:/home/user/astra/ros2/install/astra_simu:/home/user/astra/ros2/install/astra_launch:/home/user/astra/ros2/install/astra_interfaces:/home/user/astra/ros2/install/astra_gridmap_filters:/home/user/elevation_mapping_cupy/install/elevation_mapping_cupy:/home/user/elevation_mapping_cupy/install/elevation_map_msgs:/home/user/segway_ws/install/segway_waypoint_follower:/home/user/astra/ros2/install/semantic_sensor:/home/user/astra/ros2/install/elevation_mapping_cupy:/home/user/astra/ros2/install/astra_service:/home/user/astra/ros2/install/astra_rqt_plugin:/home/user/elevation_mapping_cupy/install/semantic_sensor:/opt/ros/iron LD_LIBRARY_PATH=/home/user/astra_ihm_frontend/ros/install/mqtt_client_interfaces/lib:/home/user/segway_ws/install/rmp_msgs/lib:/home/user/segway_ws/install/kiss_icp/lib:/home/user/segway_ws/install/hesai_lidar/lib:/home/user/astra/ros2/install/mapconversion_msgs/lib:/home/user/astra/ros2/install/kindr_msgs/lib:/home/user/astra/ros2/install/elevation_map_msgs/lib:/home/user/astra/ros2/install/astra_interfaces/lib:/home/user/astra/ros2/install/astra_gridmap_filters/lib:/home/user/elevation_mapping_cupy/install/elevation_map_msgs/lib:/opt/ros/iron/opt/rviz_ogre_vendor/lib:/opt/ros/iron/lib/x86_64-linux-gnu:/opt/ros/iron/opt/openvdb_vendor/lib:/opt/ros/iron/lib:/usr/local/cuda-12.9/lib64 PYTHONPATH=/home/user/astra_ihm_frontend/ros/install/mqtt_client_interfaces/lib/python3.10/site-packages:${PYTHONPATH} /usr/bin/cmake --install /home/user/astra_ihm_frontend/ros/build/mqtt_client
[8.892s] -- Install configuration: ""
[8.892s] -- Execute custom install script
[8.892s] -- Symlinking: /home/user/astra_ihm_frontend/ros/install/mqtt_client/lib/mqtt_client/mqtt_client
[8.902s] -- Symlinking: /home/user/astra_ihm_frontend/ros/install/mqtt_client/lib/libmqtt_client_lib.so
[8.912s] -- Symlinking: /home/user/astra_ihm_frontend/ros/install/mqtt_client/share/ament_index/resource_index/package_run_dependencies/mqtt_client
[8.919s] -- Symlinking: /home/user/astra_ihm_frontend/ros/install/mqtt_client/share/ament_index/resource_index/parent_prefix_path/mqtt_client
[8.925s] -- Symlinking: /home/user/astra_ihm_frontend/ros/install/mqtt_client/share/mqtt_client/environment/ament_prefix_path.sh
[8.934s] -- Symlinking: /home/user/astra_ihm_frontend/ros/install/mqtt_client/share/mqtt_client/environment/ament_prefix_path.dsv
[8.943s] -- Symlinking: /home/user/astra_ihm_frontend/ros/install/mqtt_client/share/mqtt_client/environment/path.sh
[8.951s] -- Symlinking: /home/user/astra_ihm_frontend/ros/install/mqtt_client/share/mqtt_client/environment/path.dsv
[8.958s] -- Symlinking: /home/user/astra_ihm_frontend/ros/install/mqtt_client/share/mqtt_client/local_setup.bash
[8.968s] -- Symlinking: /home/user/astra_ihm_frontend/ros/install/mqtt_client/share/mqtt_client/local_setup.sh
[8.976s] -- Symlinking: /home/user/astra_ihm_frontend/ros/install/mqtt_client/share/mqtt_client/local_setup.zsh
[8.984s] -- Symlinking: /home/user/astra_ihm_frontend/ros/install/mqtt_client/share/mqtt_client/local_setup.dsv
[8.992s] -- Symlinking: /home/user/astra_ihm_frontend/ros/install/mqtt_client/share/mqtt_client/package.dsv
[8.999s] -- Symlinking: /home/user/astra_ihm_frontend/ros/install/mqtt_client/share/ament_index/resource_index/packages/mqtt_client
[9.006s] -- Symlinking: /home/user/astra_ihm_frontend/ros/install/mqtt_client/share/ament_index/resource_index/rclcpp_components/mqtt_client
[9.013s] -- Symlinking: /home/user/astra_ihm_frontend/ros/install/mqtt_client/share/mqtt_client/cmake/mqtt_clientConfig.cmake
[9.021s] -- Symlinking: /home/user/astra_ihm_frontend/ros/install/mqtt_client/share/mqtt_client/cmake/mqtt_clientConfig-version.cmake
[9.029s] -- Symlinking: /home/user/astra_ihm_frontend/ros/install/mqtt_client/share/mqtt_client/package.xml
[9.036s] -- Installing: /home/user/astra_ihm_frontend/ros/install/mqtt_client/share/mqtt_client/launch
[9.036s] -- Installing: /home/user/astra_ihm_frontend/ros/install/mqtt_client/share/mqtt_client/launch/standalone.launch.ros2.xml
[9.036s] -- Installing: /home/user/astra_ihm_frontend/ros/install/mqtt_client/share/mqtt_client/config
[9.036s] -- Installing: /home/user/astra_ihm_frontend/ros/install/mqtt_client/share/mqtt_client/config/params.ros2.yaml
[9.036s] -- Installing: /home/user/astra_ihm_frontend/ros/install/mqtt_client/share/mqtt_client/config/params.ros2.fixed-type-and-qos.yaml
[9.036s] -- Installing: /home/user/astra_ihm_frontend/ros/install/mqtt_client/share/mqtt_client/config/params.ros2.primitive-fixed-type-and-qos.yaml
[9.036s] -- Installing: /home/user/astra_ihm_frontend/ros/install/mqtt_client/share/mqtt_client/config/params.ros2.primitive.yaml
[9.036s] -- Installing: /home/user/astra_ihm_frontend/ros/install/mqtt_client/share/mqtt_client/config/params.ros2.aws.yaml
[9.038s] Invoked command in '/home/user/astra_ihm_frontend/ros/build/mqtt_client' returned '0': AMENT_PREFIX_PATH=/home/user/astra_ihm_frontend/ros/install/mqtt_client_interfaces:${AMENT_PREFIX_PATH} CMAKE_PREFIX_PATH=/home/user/astra_ihm_frontend/ros/install/mqtt_client_interfaces:/home/user/astra_ihm_frontend/ros/install/astra_pcc:/home/user/segway_ws/install/segway_nav:/home/user/segway_ws/install/rmp_teleop:/home/user/segway_ws/install/rmp_base:/home/user/segway_ws/install/rmp_msgs:/home/user/segway_ws/install/rmp_description:/home/user/segway_ws/install/kiss_icp:/home/user/segway_ws/install/hesai_lidar:/home/user/astra/ros2/install/segway_nav:/home/user/astra/ros2/install/plugin_test:/home/user/astra/ros2/install/mapconversion:/home/user/astra/ros2/install/mapconversion_msgs:/home/user/astra/ros2/install/kindr_ros:/home/user/astra/ros2/install/kindr_msgs:/home/user/astra/ros2/install/elevation_map_msgs:/home/user/astra/ros2/install/astra_simu:/home/user/astra/ros2/install/astra_launch:/home/user/astra/ros2/install/astra_interfaces:/home/user/astra/ros2/install/astra_gridmap_filters:/home/user/elevation_mapping_cupy/install/elevation_mapping_cupy:/home/user/elevation_mapping_cupy/install/elevation_map_msgs:/home/user/segway_ws/install/segway_waypoint_follower:/home/user/astra/ros2/install/semantic_sensor:/home/user/astra/ros2/install/elevation_mapping_cupy:/home/user/astra/ros2/install/astra_service:/home/user/astra/ros2/install/astra_rqt_plugin:/home/user/elevation_mapping_cupy/install/semantic_sensor:/opt/ros/iron LD_LIBRARY_PATH=/home/user/astra_ihm_frontend/ros/install/mqtt_client_interfaces/lib:/home/user/segway_ws/install/rmp_msgs/lib:/home/user/segway_ws/install/kiss_icp/lib:/home/user/segway_ws/install/hesai_lidar/lib:/home/user/astra/ros2/install/mapconversion_msgs/lib:/home/user/astra/ros2/install/kindr_msgs/lib:/home/user/astra/ros2/install/elevation_map_msgs/lib:/home/user/astra/ros2/install/astra_interfaces/lib:/home/user/astra/ros2/install/astra_gridmap_filters/lib:/home/user/elevation_mapping_cupy/install/elevation_map_msgs/lib:/opt/ros/iron/opt/rviz_ogre_vendor/lib:/opt/ros/iron/lib/x86_64-linux-gnu:/opt/ros/iron/opt/openvdb_vendor/lib:/opt/ros/iron/lib:/usr/local/cuda-12.9/lib64 PYTHONPATH=/home/user/astra_ihm_frontend/ros/install/mqtt_client_interfaces/lib/python3.10/site-packages:${PYTHONPATH} /usr/bin/cmake --install /home/user/astra_ihm_frontend/ros/build/mqtt_client
