-- The C compiler identification is GNU 11.4.0
-- The CXX compiler identification is GNU 11.4.0
-- Detecting C compiler ABI info
-- Detecting C compiler ABI info - done
-- Check for working C compiler: /usr/bin/cc - skipped
-- Detecting C compile features
-- Detecting C compile features - done
-- Detecting CXX compiler ABI info
-- Detecting CXX compiler ABI info - done
-- Check for working CXX compiler: /usr/bin/c++ - skipped
-- Detecting CXX compile features
-- Detecting CXX compile features - done
-- Found ament_cmake: 2.0.7 (/opt/ros/iron/share/ament_cmake/cmake)
-- Found Python3: /usr/bin/python3.10 (found version "3.10.12") found components: Interpreter 
-- Override CMake install command with custom implementation using symlinks instead of copying resources
-- Found rosidl_default_generators: 1.5.0 (/opt/ros/iron/share/rosidl_default_generators/cmake)
-- Using all available rosidl_typesupport_c: rosidl_typesupport_fastrtps_c;rosidl_typesupport_introspection_c
-- Using all available rosidl_typesupport_cpp: rosidl_typesupport_fastrtps_cpp;rosidl_typesupport_introspection_cpp
-- Found rosidl_adapter: 4.0.1 (/opt/ros/iron/share/rosidl_adapter/cmake)
-- Found std_msgs: 5.0.1 (/opt/ros/iron/share/std_msgs/cmake)
-- Found ament_cmake_ros: 0.11.2 (/opt/ros/iron/share/ament_cmake_ros/cmake)
-- Using all available rosidl_typesupport_c: rosidl_typesupport_fastrtps_c;rosidl_typesupport_introspection_c
-- Using all available rosidl_typesupport_cpp: rosidl_typesupport_fastrtps_cpp;rosidl_typesupport_introspection_cpp
-- Found PythonInterp: /usr/bin/python3 (found suitable version "3.10.12", minimum required is "3.6") 
-- Found python_cmake_module: 0.10.2 (/opt/ros/iron/share/python_cmake_module/cmake)
-- Found PythonLibs: /usr/lib/x86_64-linux-gnu/libpython3.10.so (found suitable version "3.10.12", minimum required is "3.5") 
-- Using PYTHON_EXECUTABLE: /usr/bin/python3
-- Using PYTHON_INCLUDE_DIRS: /usr/include/python3.10
-- Using PYTHON_LIBRARIES: /usr/lib/x86_64-linux-gnu/libpython3.10.so
-- Found PythonExtra: .so  
-- Configuring done
-- Generating done
-- Build files have been written to: /home/user/astra_ihm_frontend/ros/build/mqtt_client_interfaces
[  1%] [34m[1mGenerating type hashes for ROS interfaces[0m
[  1%] Built target ament_cmake_python_symlink_mqtt_client_interfaces
running egg_info
creating mqtt_client_interfaces.egg-info
writing mqtt_client_interfaces.egg-info/PKG-INFO
writing dependency_links to mqtt_client_interfaces.egg-info/dependency_links.txt
writing top-level names to mqtt_client_interfaces.egg-info/top_level.txt
writing manifest file 'mqtt_client_interfaces.egg-info/SOURCES.txt'
reading manifest file 'mqtt_client_interfaces.egg-info/SOURCES.txt'
writing manifest file 'mqtt_client_interfaces.egg-info/SOURCES.txt'
[  1%] Built target ament_cmake_python_build_mqtt_client_interfaces_egg
[  1%] Built target mqtt_client_interfaces__rosidl_generator_type_description
[  3%] [34m[1mGenerating C code for ROS interfaces[0m
[  4%] [34m[1mGenerating C++ code for ROS interfaces[0m
[  4%] Built target mqtt_client_interfaces__cpp
[  6%] [32mBuilding C object CMakeFiles/mqtt_client_interfaces__rosidl_generator_c.dir/rosidl_generator_c/mqtt_client_interfaces/msg/detail/ros_msg_type__functions.c.o[0m
[  7%] [32mBuilding C object CMakeFiles/mqtt_client_interfaces__rosidl_generator_c.dir/rosidl_generator_c/mqtt_client_interfaces/srv/detail/new_mqtt2_ros_bridge__type_support.c.o[0m
[  9%] [32mBuilding C object CMakeFiles/mqtt_client_interfaces__rosidl_generator_c.dir/rosidl_generator_c/mqtt_client_interfaces/srv/detail/new_ros2_mqtt_bridge__functions.c.o[0m
[ 10%] [32mBuilding C object CMakeFiles/mqtt_client_interfaces__rosidl_generator_c.dir/rosidl_generator_c/mqtt_client_interfaces/srv/detail/new_ros2_mqtt_bridge__description.c.o[0m
[ 12%] [32mBuilding C object CMakeFiles/mqtt_client_interfaces__rosidl_generator_c.dir/rosidl_generator_c/mqtt_client_interfaces/srv/detail/is_connected__description.c.o[0m
[ 14%] [32mBuilding C object CMakeFiles/mqtt_client_interfaces__rosidl_generator_c.dir/rosidl_generator_c/mqtt_client_interfaces/msg/detail/ros_msg_type__description.c.o[0m
[ 15%] [32mBuilding C object CMakeFiles/mqtt_client_interfaces__rosidl_generator_c.dir/rosidl_generator_c/mqtt_client_interfaces/msg/detail/ros_msg_type__type_support.c.o[0m
[ 17%] [32mBuilding C object CMakeFiles/mqtt_client_interfaces__rosidl_generator_c.dir/rosidl_generator_c/mqtt_client_interfaces/srv/detail/is_connected__functions.c.o[0m
[ 18%] [32mBuilding C object CMakeFiles/mqtt_client_interfaces__rosidl_generator_c.dir/rosidl_generator_c/mqtt_client_interfaces/srv/detail/is_connected__type_support.c.o[0m
[ 20%] [32mBuilding C object CMakeFiles/mqtt_client_interfaces__rosidl_generator_c.dir/rosidl_generator_c/mqtt_client_interfaces/srv/detail/new_ros2_mqtt_bridge__type_support.c.o[0m
[ 21%] [32mBuilding C object CMakeFiles/mqtt_client_interfaces__rosidl_generator_c.dir/rosidl_generator_c/mqtt_client_interfaces/srv/detail/new_mqtt2_ros_bridge__description.c.o[0m
[ 23%] [32mBuilding C object CMakeFiles/mqtt_client_interfaces__rosidl_generator_c.dir/rosidl_generator_c/mqtt_client_interfaces/srv/detail/new_mqtt2_ros_bridge__functions.c.o[0m
[ 25%] [32m[1mLinking C shared library libmqtt_client_interfaces__rosidl_generator_c.so[0m
[ 25%] Built target mqtt_client_interfaces__rosidl_generator_c
[ 29%] [34m[1mGenerating C introspection for ROS interfaces[0m
[ 29%] [34m[1mGenerating C++ type support for eProsima Fast-RTPS[0m
[ 29%] [34m[1mGenerating C type support dispatch for ROS interfaces[0m
[ 31%] [34m[1mGenerating C++ introspection for ROS interfaces[0m
[ 32%] [34m[1mGenerating C++ type support dispatch for ROS interfaces[0m
[ 34%] [34m[1mGenerating C type support for eProsima Fast-RTPS[0m
[ 35%] [32mBuilding CXX object CMakeFiles/mqtt_client_interfaces__rosidl_typesupport_c.dir/rosidl_typesupport_c/mqtt_client_interfaces/msg/ros_msg_type__type_support.cpp.o[0m
[ 39%] [32mBuilding CXX object CMakeFiles/mqtt_client_interfaces__rosidl_typesupport_c.dir/rosidl_typesupport_c/mqtt_client_interfaces/srv/new_mqtt2_ros_bridge__type_support.cpp.o[0m
[ 39%] [32mBuilding CXX object CMakeFiles/mqtt_client_interfaces__rosidl_typesupport_cpp.dir/rosidl_typesupport_cpp/mqtt_client_interfaces/srv/is_connected__type_support.cpp.o[0m
[ 42%] [32mBuilding CXX object CMakeFiles/mqtt_client_interfaces__rosidl_typesupport_cpp.dir/rosidl_typesupport_cpp/mqtt_client_interfaces/msg/ros_msg_type__type_support.cpp.o[0m
[ 42%] [32mBuilding CXX object CMakeFiles/mqtt_client_interfaces__rosidl_typesupport_cpp.dir/rosidl_typesupport_cpp/mqtt_client_interfaces/srv/new_mqtt2_ros_bridge__type_support.cpp.o[0m
[ 43%] [32mBuilding CXX object CMakeFiles/mqtt_client_interfaces__rosidl_typesupport_cpp.dir/rosidl_typesupport_cpp/mqtt_client_interfaces/srv/new_ros2_mqtt_bridge__type_support.cpp.o[0m
[ 45%] [32mBuilding CXX object CMakeFiles/mqtt_client_interfaces__rosidl_typesupport_c.dir/rosidl_typesupport_c/mqtt_client_interfaces/srv/is_connected__type_support.cpp.o[0m
[ 46%] [32mBuilding CXX object CMakeFiles/mqtt_client_interfaces__rosidl_typesupport_c.dir/rosidl_typesupport_c/mqtt_client_interfaces/srv/new_ros2_mqtt_bridge__type_support.cpp.o[0m
[ 48%] [32m[1mLinking CXX shared library libmqtt_client_interfaces__rosidl_typesupport_c.so[0m
[ 48%] Built target mqtt_client_interfaces__rosidl_typesupport_c
[ 50%] [32mBuilding CXX object CMakeFiles/mqtt_client_interfaces__rosidl_typesupport_introspection_cpp.dir/rosidl_typesupport_introspection_cpp/mqtt_client_interfaces/msg/detail/ros_msg_type__type_support.cpp.o[0m
[ 51%] [32mBuilding CXX object CMakeFiles/mqtt_client_interfaces__rosidl_typesupport_introspection_cpp.dir/rosidl_typesupport_introspection_cpp/mqtt_client_interfaces/srv/detail/new_ros2_mqtt_bridge__type_support.cpp.o[0m
[ 53%] [32mBuilding CXX object CMakeFiles/mqtt_client_interfaces__rosidl_typesupport_introspection_cpp.dir/rosidl_typesupport_introspection_cpp/mqtt_client_interfaces/srv/detail/new_mqtt2_ros_bridge__type_support.cpp.o[0m
[ 54%] [32mBuilding CXX object CMakeFiles/mqtt_client_interfaces__rosidl_typesupport_introspection_cpp.dir/rosidl_typesupport_introspection_cpp/mqtt_client_interfaces/srv/detail/is_connected__type_support.cpp.o[0m
[ 56%] [32mBuilding CXX object CMakeFiles/mqtt_client_interfaces__rosidl_typesupport_fastrtps_cpp.dir/rosidl_typesupport_fastrtps_cpp/mqtt_client_interfaces/srv/detail/dds_fastrtps/is_connected__type_support.cpp.o[0m
[ 57%] [32mBuilding CXX object CMakeFiles/mqtt_client_interfaces__rosidl_typesupport_fastrtps_cpp.dir/rosidl_typesupport_fastrtps_cpp/mqtt_client_interfaces/srv/detail/dds_fastrtps/new_mqtt2_ros_bridge__type_support.cpp.o[0m
[ 59%] [32mBuilding CXX object CMakeFiles/mqtt_client_interfaces__rosidl_typesupport_fastrtps_cpp.dir/rosidl_typesupport_fastrtps_cpp/mqtt_client_interfaces/msg/detail/dds_fastrtps/ros_msg_type__type_support.cpp.o[0m
[ 60%] [32mBuilding CXX object CMakeFiles/mqtt_client_interfaces__rosidl_typesupport_fastrtps_cpp.dir/rosidl_typesupport_fastrtps_cpp/mqtt_client_interfaces/srv/detail/dds_fastrtps/new_ros2_mqtt_bridge__type_support.cpp.o[0m
[ 62%] [32mBuilding C object CMakeFiles/mqtt_client_interfaces__rosidl_typesupport_introspection_c.dir/rosidl_typesupport_introspection_c/mqtt_client_interfaces/srv/detail/new_mqtt2_ros_bridge__type_support.c.o[0m
[ 64%] [32mBuilding C object CMakeFiles/mqtt_client_interfaces__rosidl_typesupport_introspection_c.dir/rosidl_typesupport_introspection_c/mqtt_client_interfaces/msg/detail/ros_msg_type__type_support.c.o[0m
[ 65%] [32mBuilding C object CMakeFiles/mqtt_client_interfaces__rosidl_typesupport_introspection_c.dir/rosidl_typesupport_introspection_c/mqtt_client_interfaces/srv/detail/is_connected__type_support.c.o[0m
[ 67%] [32mBuilding C object CMakeFiles/mqtt_client_interfaces__rosidl_typesupport_introspection_c.dir/rosidl_typesupport_introspection_c/mqtt_client_interfaces/srv/detail/new_ros2_mqtt_bridge__type_support.c.o[0m
[ 68%] [32m[1mLinking C shared library libmqtt_client_interfaces__rosidl_typesupport_introspection_c.so[0m
[ 68%] Built target mqtt_client_interfaces__rosidl_typesupport_introspection_c
[ 70%] [32mBuilding CXX object CMakeFiles/mqtt_client_interfaces__rosidl_typesupport_fastrtps_c.dir/rosidl_typesupport_fastrtps_c/mqtt_client_interfaces/srv/detail/new_mqtt2_ros_bridge__type_support_c.cpp.o[0m
[ 71%] [32mBuilding CXX object CMakeFiles/mqtt_client_interfaces__rosidl_typesupport_fastrtps_c.dir/rosidl_typesupport_fastrtps_c/mqtt_client_interfaces/srv/detail/is_connected__type_support_c.cpp.o[0m
[ 73%] [32mBuilding CXX object CMakeFiles/mqtt_client_interfaces__rosidl_typesupport_fastrtps_c.dir/rosidl_typesupport_fastrtps_c/mqtt_client_interfaces/msg/detail/ros_msg_type__type_support_c.cpp.o[0m
[ 75%] [32mBuilding CXX object CMakeFiles/mqtt_client_interfaces__rosidl_typesupport_fastrtps_c.dir/rosidl_typesupport_fastrtps_c/mqtt_client_interfaces/srv/detail/new_ros2_mqtt_bridge__type_support_c.cpp.o[0m
[ 76%] [32m[1mLinking CXX shared library libmqtt_client_interfaces__rosidl_typesupport_fastrtps_c.so[0m
[ 76%] Built target mqtt_client_interfaces__rosidl_typesupport_fastrtps_c
[ 78%] [32m[1mLinking CXX shared library libmqtt_client_interfaces__rosidl_typesupport_cpp.so[0m
[ 79%] [32m[1mLinking CXX shared library libmqtt_client_interfaces__rosidl_typesupport_introspection_cpp.so[0m
[ 79%] Built target mqtt_client_interfaces__rosidl_typesupport_cpp
[ 79%] Built target mqtt_client_interfaces__rosidl_typesupport_introspection_cpp
[ 81%] [32m[1mLinking CXX shared library libmqtt_client_interfaces__rosidl_typesupport_fastrtps_cpp.so[0m
[ 81%] Built target mqtt_client_interfaces__rosidl_typesupport_fastrtps_cpp
[ 81%] Built target mqtt_client_interfaces
[ 82%] [34m[1mGenerating Python code for ROS interfaces[0m
[ 82%] Built target mqtt_client_interfaces__py
[ 85%] [32mBuilding C object CMakeFiles/mqtt_client_interfaces__rosidl_generator_py.dir/rosidl_generator_py/mqtt_client_interfaces/srv/_new_mqtt2_ros_bridge_s.c.o[0m
[ 85%] [32mBuilding C object CMakeFiles/mqtt_client_interfaces__rosidl_generator_py.dir/rosidl_generator_py/mqtt_client_interfaces/msg/_ros_msg_type_s.c.o[0m
[ 89%] [32mBuilding C object CMakeFiles/mqtt_client_interfaces__rosidl_generator_py.dir/rosidl_generator_py/mqtt_client_interfaces/srv/_new_ros2_mqtt_bridge_s.c.o[0m
[ 89%] [32mBuilding C object CMakeFiles/mqtt_client_interfaces__rosidl_generator_py.dir/rosidl_generator_py/mqtt_client_interfaces/srv/_is_connected_s.c.o[0m
[ 90%] [32m[1mLinking C shared library rosidl_generator_py/mqtt_client_interfaces/libmqtt_client_interfaces__rosidl_generator_py.so[0m
[ 90%] Built target mqtt_client_interfaces__rosidl_generator_py
[ 92%] [32mBuilding C object CMakeFiles/mqtt_client_interfaces__rosidl_typesupport_c__pyext.dir/rosidl_generator_py/mqtt_client_interfaces/_mqtt_client_interfaces_s.ep.rosidl_typesupport_c.c.o[0m
[ 93%] [32mBuilding C object CMakeFiles/mqtt_client_interfaces__rosidl_typesupport_introspection_c__pyext.dir/rosidl_generator_py/mqtt_client_interfaces/_mqtt_client_interfaces_s.ep.rosidl_typesupport_introspection_c.c.o[0m
[ 95%] [32mBuilding C object CMakeFiles/mqtt_client_interfaces__rosidl_typesupport_fastrtps_c__pyext.dir/rosidl_generator_py/mqtt_client_interfaces/_mqtt_client_interfaces_s.ep.rosidl_typesupport_fastrtps_c.c.o[0m
[ 96%] [32m[1mLinking C shared library rosidl_generator_py/mqtt_client_interfaces/mqtt_client_interfaces_s__rosidl_typesupport_fastrtps_c.cpython-310-x86_64-linux-gnu.so[0m
[ 98%] [32m[1mLinking C shared library rosidl_generator_py/mqtt_client_interfaces/mqtt_client_interfaces_s__rosidl_typesupport_introspection_c.cpython-310-x86_64-linux-gnu.so[0m
[100%] [32m[1mLinking C shared library rosidl_generator_py/mqtt_client_interfaces/mqtt_client_interfaces_s__rosidl_typesupport_c.cpython-310-x86_64-linux-gnu.so[0m
[100%] Built target mqtt_client_interfaces__rosidl_typesupport_introspection_c__pyext
[100%] Built target mqtt_client_interfaces__rosidl_typesupport_fastrtps_c__pyext
[100%] Built target mqtt_client_interfaces__rosidl_typesupport_c__pyext
-- Install configuration: ""
-- Execute custom install script
-- Symlinking: /home/user/astra_ihm_frontend/ros/install/mqtt_client_interfaces/share/ament_index/resource_index/rosidl_interfaces/mqtt_client_interfaces
-- Symlinking: /home/user/astra_ihm_frontend/ros/install/mqtt_client_interfaces/share/mqtt_client_interfaces/msg/RosMsgType.json
-- Symlinking: /home/user/astra_ihm_frontend/ros/install/mqtt_client_interfaces/share/mqtt_client_interfaces/srv/IsConnected.json
-- Symlinking: /home/user/astra_ihm_frontend/ros/install/mqtt_client_interfaces/share/mqtt_client_interfaces/srv/NewMqtt2RosBridge.json
-- Symlinking: /home/user/astra_ihm_frontend/ros/install/mqtt_client_interfaces/share/mqtt_client_interfaces/srv/NewRos2MqttBridge.json
-- Symlinking: /home/user/astra_ihm_frontend/ros/install/mqtt_client_interfaces/include/mqtt_client_interfaces/mqtt_client_interfaces/msg/detail/ros_msg_type__functions.h
-- Symlinking: /home/user/astra_ihm_frontend/ros/install/mqtt_client_interfaces/include/mqtt_client_interfaces/mqtt_client_interfaces/msg/detail/ros_msg_type__struct.h
-- Symlinking: /home/user/astra_ihm_frontend/ros/install/mqtt_client_interfaces/include/mqtt_client_interfaces/mqtt_client_interfaces/msg/detail/ros_msg_type__type_support.h
-- Symlinking: /home/user/astra_ihm_frontend/ros/install/mqtt_client_interfaces/include/mqtt_client_interfaces/mqtt_client_interfaces/msg/ros_msg_type.h
-- Symlinking: /home/user/astra_ihm_frontend/ros/install/mqtt_client_interfaces/include/mqtt_client_interfaces/mqtt_client_interfaces/msg/rosidl_generator_c__visibility_control.h
-- Symlinking: /home/user/astra_ihm_frontend/ros/install/mqtt_client_interfaces/include/mqtt_client_interfaces/mqtt_client_interfaces/srv/detail/is_connected__functions.h
-- Symlinking: /home/user/astra_ihm_frontend/ros/install/mqtt_client_interfaces/include/mqtt_client_interfaces/mqtt_client_interfaces/srv/detail/is_connected__struct.h
-- Symlinking: /home/user/astra_ihm_frontend/ros/install/mqtt_client_interfaces/include/mqtt_client_interfaces/mqtt_client_interfaces/srv/detail/is_connected__type_support.h
-- Symlinking: /home/user/astra_ihm_frontend/ros/install/mqtt_client_interfaces/include/mqtt_client_interfaces/mqtt_client_interfaces/srv/detail/new_mqtt2_ros_bridge__functions.h
-- Symlinking: /home/user/astra_ihm_frontend/ros/install/mqtt_client_interfaces/include/mqtt_client_interfaces/mqtt_client_interfaces/srv/detail/new_mqtt2_ros_bridge__struct.h
-- Symlinking: /home/user/astra_ihm_frontend/ros/install/mqtt_client_interfaces/include/mqtt_client_interfaces/mqtt_client_interfaces/srv/detail/new_mqtt2_ros_bridge__type_support.h
-- Symlinking: /home/user/astra_ihm_frontend/ros/install/mqtt_client_interfaces/include/mqtt_client_interfaces/mqtt_client_interfaces/srv/detail/new_ros2_mqtt_bridge__functions.h
-- Symlinking: /home/user/astra_ihm_frontend/ros/install/mqtt_client_interfaces/include/mqtt_client_interfaces/mqtt_client_interfaces/srv/detail/new_ros2_mqtt_bridge__struct.h
-- Symlinking: /home/user/astra_ihm_frontend/ros/install/mqtt_client_interfaces/include/mqtt_client_interfaces/mqtt_client_interfaces/srv/detail/new_ros2_mqtt_bridge__type_support.h
-- Symlinking: /home/user/astra_ihm_frontend/ros/install/mqtt_client_interfaces/include/mqtt_client_interfaces/mqtt_client_interfaces/srv/is_connected.h
-- Symlinking: /home/user/astra_ihm_frontend/ros/install/mqtt_client_interfaces/include/mqtt_client_interfaces/mqtt_client_interfaces/srv/new_mqtt2_ros_bridge.h
-- Symlinking: /home/user/astra_ihm_frontend/ros/install/mqtt_client_interfaces/include/mqtt_client_interfaces/mqtt_client_interfaces/srv/new_ros2_mqtt_bridge.h
-- Symlinking: /home/user/astra_ihm_frontend/ros/install/mqtt_client_interfaces/share/mqtt_client_interfaces/environment/library_path.sh
-- Symlinking: /home/user/astra_ihm_frontend/ros/install/mqtt_client_interfaces/share/mqtt_client_interfaces/environment/library_path.dsv
-- Symlinking: /home/user/astra_ihm_frontend/ros/install/mqtt_client_interfaces/include/mqtt_client_interfaces/mqtt_client_interfaces/msg/detail/ros_msg_type__rosidl_typesupport_fastrtps_c.h
-- Symlinking: /home/user/astra_ihm_frontend/ros/install/mqtt_client_interfaces/include/mqtt_client_interfaces/mqtt_client_interfaces/msg/rosidl_typesupport_fastrtps_c__visibility_control.h
-- Symlinking: /home/user/astra_ihm_frontend/ros/install/mqtt_client_interfaces/include/mqtt_client_interfaces/mqtt_client_interfaces/srv/detail/is_connected__rosidl_typesupport_fastrtps_c.h
-- Symlinking: /home/user/astra_ihm_frontend/ros/install/mqtt_client_interfaces/include/mqtt_client_interfaces/mqtt_client_interfaces/srv/detail/new_mqtt2_ros_bridge__rosidl_typesupport_fastrtps_c.h
-- Symlinking: /home/user/astra_ihm_frontend/ros/install/mqtt_client_interfaces/include/mqtt_client_interfaces/mqtt_client_interfaces/srv/detail/new_ros2_mqtt_bridge__rosidl_typesupport_fastrtps_c.h
-- Symlinking: /home/user/astra_ihm_frontend/ros/install/mqtt_client_interfaces/include/mqtt_client_interfaces/mqtt_client_interfaces/msg/detail/ros_msg_type__rosidl_typesupport_introspection_c.h
-- Symlinking: /home/user/astra_ihm_frontend/ros/install/mqtt_client_interfaces/include/mqtt_client_interfaces/mqtt_client_interfaces/msg/rosidl_typesupport_introspection_c__visibility_control.h
-- Symlinking: /home/user/astra_ihm_frontend/ros/install/mqtt_client_interfaces/include/mqtt_client_interfaces/mqtt_client_interfaces/srv/detail/is_connected__rosidl_typesupport_introspection_c.h
-- Symlinking: /home/user/astra_ihm_frontend/ros/install/mqtt_client_interfaces/include/mqtt_client_interfaces/mqtt_client_interfaces/srv/detail/new_mqtt2_ros_bridge__rosidl_typesupport_introspection_c.h
-- Symlinking: /home/user/astra_ihm_frontend/ros/install/mqtt_client_interfaces/include/mqtt_client_interfaces/mqtt_client_interfaces/srv/detail/new_ros2_mqtt_bridge__rosidl_typesupport_introspection_c.h
-- Symlinking: /home/user/astra_ihm_frontend/ros/install/mqtt_client_interfaces/include/mqtt_client_interfaces/mqtt_client_interfaces/msg/detail/ros_msg_type__builder.hpp
-- Symlinking: /home/user/astra_ihm_frontend/ros/install/mqtt_client_interfaces/include/mqtt_client_interfaces/mqtt_client_interfaces/msg/detail/ros_msg_type__struct.hpp
-- Symlinking: /home/user/astra_ihm_frontend/ros/install/mqtt_client_interfaces/include/mqtt_client_interfaces/mqtt_client_interfaces/msg/detail/ros_msg_type__traits.hpp
-- Symlinking: /home/user/astra_ihm_frontend/ros/install/mqtt_client_interfaces/include/mqtt_client_interfaces/mqtt_client_interfaces/msg/ros_msg_type.hpp
-- Symlinking: /home/user/astra_ihm_frontend/ros/install/mqtt_client_interfaces/include/mqtt_client_interfaces/mqtt_client_interfaces/srv/detail/is_connected__builder.hpp
-- Symlinking: /home/user/astra_ihm_frontend/ros/install/mqtt_client_interfaces/include/mqtt_client_interfaces/mqtt_client_interfaces/srv/detail/is_connected__struct.hpp
-- Symlinking: /home/user/astra_ihm_frontend/ros/install/mqtt_client_interfaces/include/mqtt_client_interfaces/mqtt_client_interfaces/srv/detail/is_connected__traits.hpp
-- Symlinking: /home/user/astra_ihm_frontend/ros/install/mqtt_client_interfaces/include/mqtt_client_interfaces/mqtt_client_interfaces/srv/detail/new_mqtt2_ros_bridge__builder.hpp
-- Symlinking: /home/user/astra_ihm_frontend/ros/install/mqtt_client_interfaces/include/mqtt_client_interfaces/mqtt_client_interfaces/srv/detail/new_mqtt2_ros_bridge__struct.hpp
-- Symlinking: /home/user/astra_ihm_frontend/ros/install/mqtt_client_interfaces/include/mqtt_client_interfaces/mqtt_client_interfaces/srv/detail/new_mqtt2_ros_bridge__traits.hpp
-- Symlinking: /home/user/astra_ihm_frontend/ros/install/mqtt_client_interfaces/include/mqtt_client_interfaces/mqtt_client_interfaces/srv/detail/new_ros2_mqtt_bridge__builder.hpp
-- Symlinking: /home/user/astra_ihm_frontend/ros/install/mqtt_client_interfaces/include/mqtt_client_interfaces/mqtt_client_interfaces/srv/detail/new_ros2_mqtt_bridge__struct.hpp
-- Symlinking: /home/user/astra_ihm_frontend/ros/install/mqtt_client_interfaces/include/mqtt_client_interfaces/mqtt_client_interfaces/srv/detail/new_ros2_mqtt_bridge__traits.hpp
-- Symlinking: /home/user/astra_ihm_frontend/ros/install/mqtt_client_interfaces/include/mqtt_client_interfaces/mqtt_client_interfaces/srv/is_connected.hpp
-- Symlinking: /home/user/astra_ihm_frontend/ros/install/mqtt_client_interfaces/include/mqtt_client_interfaces/mqtt_client_interfaces/srv/new_mqtt2_ros_bridge.hpp
-- Symlinking: /home/user/astra_ihm_frontend/ros/install/mqtt_client_interfaces/include/mqtt_client_interfaces/mqtt_client_interfaces/srv/new_ros2_mqtt_bridge.hpp
-- Symlinking: /home/user/astra_ihm_frontend/ros/install/mqtt_client_interfaces/include/mqtt_client_interfaces/mqtt_client_interfaces/msg/detail/ros_msg_type__rosidl_typesupport_fastrtps_cpp.hpp
-- Symlinking: /home/user/astra_ihm_frontend/ros/install/mqtt_client_interfaces/include/mqtt_client_interfaces/mqtt_client_interfaces/msg/rosidl_typesupport_fastrtps_cpp__visibility_control.h
-- Symlinking: /home/user/astra_ihm_frontend/ros/install/mqtt_client_interfaces/include/mqtt_client_interfaces/mqtt_client_interfaces/srv/detail/is_connected__rosidl_typesupport_fastrtps_cpp.hpp
-- Symlinking: /home/user/astra_ihm_frontend/ros/install/mqtt_client_interfaces/include/mqtt_client_interfaces/mqtt_client_interfaces/srv/detail/new_mqtt2_ros_bridge__rosidl_typesupport_fastrtps_cpp.hpp
-- Symlinking: /home/user/astra_ihm_frontend/ros/install/mqtt_client_interfaces/include/mqtt_client_interfaces/mqtt_client_interfaces/srv/detail/new_ros2_mqtt_bridge__rosidl_typesupport_fastrtps_cpp.hpp
-- Symlinking: /home/user/astra_ihm_frontend/ros/install/mqtt_client_interfaces/include/mqtt_client_interfaces/mqtt_client_interfaces/msg/detail/ros_msg_type__rosidl_typesupport_introspection_cpp.hpp
-- Symlinking: /home/user/astra_ihm_frontend/ros/install/mqtt_client_interfaces/include/mqtt_client_interfaces/mqtt_client_interfaces/srv/detail/is_connected__rosidl_typesupport_introspection_cpp.hpp
-- Symlinking: /home/user/astra_ihm_frontend/ros/install/mqtt_client_interfaces/include/mqtt_client_interfaces/mqtt_client_interfaces/srv/detail/new_mqtt2_ros_bridge__rosidl_typesupport_introspection_cpp.hpp
-- Symlinking: /home/user/astra_ihm_frontend/ros/install/mqtt_client_interfaces/include/mqtt_client_interfaces/mqtt_client_interfaces/srv/detail/new_ros2_mqtt_bridge__rosidl_typesupport_introspection_cpp.hpp
-- Symlinking: /home/user/astra_ihm_frontend/ros/install/mqtt_client_interfaces/share/mqtt_client_interfaces/environment/pythonpath.sh
-- Symlinking: /home/user/astra_ihm_frontend/ros/install/mqtt_client_interfaces/share/mqtt_client_interfaces/environment/pythonpath.dsv
-- Symlinking: /home/user/astra_ihm_frontend/ros/install/mqtt_client_interfaces/lib/python3.10/site-packages/mqtt_client_interfaces-2.3.0-py3.10.egg-info/PKG-INFO
-- Symlinking: /home/user/astra_ihm_frontend/ros/install/mqtt_client_interfaces/lib/python3.10/site-packages/mqtt_client_interfaces-2.3.0-py3.10.egg-info/SOURCES.txt
-- Symlinking: /home/user/astra_ihm_frontend/ros/install/mqtt_client_interfaces/lib/python3.10/site-packages/mqtt_client_interfaces-2.3.0-py3.10.egg-info/dependency_links.txt
-- Symlinking: /home/user/astra_ihm_frontend/ros/install/mqtt_client_interfaces/lib/python3.10/site-packages/mqtt_client_interfaces-2.3.0-py3.10.egg-info/top_level.txt
-- Symlinking: /home/user/astra_ihm_frontend/ros/install/mqtt_client_interfaces/lib/python3.10/site-packages/mqtt_client_interfaces/__init__.py
-- Symlinking: /home/user/astra_ihm_frontend/ros/install/mqtt_client_interfaces/lib/python3.10/site-packages/mqtt_client_interfaces/_mqtt_client_interfaces_s.ep.rosidl_typesupport_c.c
-- Symlinking: /home/user/astra_ihm_frontend/ros/install/mqtt_client_interfaces/lib/python3.10/site-packages/mqtt_client_interfaces/_mqtt_client_interfaces_s.ep.rosidl_typesupport_fastrtps_c.c
-- Symlinking: /home/user/astra_ihm_frontend/ros/install/mqtt_client_interfaces/lib/python3.10/site-packages/mqtt_client_interfaces/_mqtt_client_interfaces_s.ep.rosidl_typesupport_introspection_c.c
-- Symlinking: /home/user/astra_ihm_frontend/ros/install/mqtt_client_interfaces/lib/python3.10/site-packages/mqtt_client_interfaces/libmqtt_client_interfaces__rosidl_generator_py.so
-- Symlinking: /home/user/astra_ihm_frontend/ros/install/mqtt_client_interfaces/lib/python3.10/site-packages/mqtt_client_interfaces/mqtt_client_interfaces_s__rosidl_typesupport_c.cpython-310-x86_64-linux-gnu.so
-- Symlinking: /home/user/astra_ihm_frontend/ros/install/mqtt_client_interfaces/lib/python3.10/site-packages/mqtt_client_interfaces/mqtt_client_interfaces_s__rosidl_typesupport_fastrtps_c.cpython-310-x86_64-linux-gnu.so
-- Symlinking: /home/user/astra_ihm_frontend/ros/install/mqtt_client_interfaces/lib/python3.10/site-packages/mqtt_client_interfaces/mqtt_client_interfaces_s__rosidl_typesupport_introspection_c.cpython-310-x86_64-linux-gnu.so
-- Symlinking: /home/user/astra_ihm_frontend/ros/install/mqtt_client_interfaces/lib/python3.10/site-packages/mqtt_client_interfaces/msg/__init__.py
-- Symlinking: /home/user/astra_ihm_frontend/ros/install/mqtt_client_interfaces/lib/python3.10/site-packages/mqtt_client_interfaces/msg/_ros_msg_type.py
-- Symlinking: /home/user/astra_ihm_frontend/ros/install/mqtt_client_interfaces/lib/python3.10/site-packages/mqtt_client_interfaces/msg/_ros_msg_type_s.c
-- Symlinking: /home/user/astra_ihm_frontend/ros/install/mqtt_client_interfaces/lib/python3.10/site-packages/mqtt_client_interfaces/srv/__init__.py
-- Symlinking: /home/user/astra_ihm_frontend/ros/install/mqtt_client_interfaces/lib/python3.10/site-packages/mqtt_client_interfaces/srv/_is_connected.py
-- Symlinking: /home/user/astra_ihm_frontend/ros/install/mqtt_client_interfaces/lib/python3.10/site-packages/mqtt_client_interfaces/srv/_is_connected_s.c
-- Symlinking: /home/user/astra_ihm_frontend/ros/install/mqtt_client_interfaces/lib/python3.10/site-packages/mqtt_client_interfaces/srv/_new_mqtt2_ros_bridge.py
-- Symlinking: /home/user/astra_ihm_frontend/ros/install/mqtt_client_interfaces/lib/python3.10/site-packages/mqtt_client_interfaces/srv/_new_mqtt2_ros_bridge_s.c
-- Symlinking: /home/user/astra_ihm_frontend/ros/install/mqtt_client_interfaces/lib/python3.10/site-packages/mqtt_client_interfaces/srv/_new_ros2_mqtt_bridge.py
-- Symlinking: /home/user/astra_ihm_frontend/ros/install/mqtt_client_interfaces/lib/python3.10/site-packages/mqtt_client_interfaces/srv/_new_ros2_mqtt_bridge_s.c
-- Up-to-date symlink: /home/user/astra_ihm_frontend/ros/install/mqtt_client_interfaces/lib/python3.10/site-packages/mqtt_client_interfaces/mqtt_client_interfaces_s__rosidl_typesupport_fastrtps_c.cpython-310-x86_64-linux-gnu.so
-- Up-to-date symlink: /home/user/astra_ihm_frontend/ros/install/mqtt_client_interfaces/lib/python3.10/site-packages/mqtt_client_interfaces/mqtt_client_interfaces_s__rosidl_typesupport_introspection_c.cpython-310-x86_64-linux-gnu.so
-- Up-to-date symlink: /home/user/astra_ihm_frontend/ros/install/mqtt_client_interfaces/lib/python3.10/site-packages/mqtt_client_interfaces/mqtt_client_interfaces_s__rosidl_typesupport_c.cpython-310-x86_64-linux-gnu.so
-- Symlinking: /home/user/astra_ihm_frontend/ros/install/mqtt_client_interfaces/share/mqtt_client_interfaces/msg/RosMsgType.idl
-- Symlinking: /home/user/astra_ihm_frontend/ros/install/mqtt_client_interfaces/share/mqtt_client_interfaces/srv/IsConnected.idl
-- Symlinking: /home/user/astra_ihm_frontend/ros/install/mqtt_client_interfaces/share/mqtt_client_interfaces/srv/NewMqtt2RosBridge.idl
-- Symlinking: /home/user/astra_ihm_frontend/ros/install/mqtt_client_interfaces/share/mqtt_client_interfaces/srv/NewRos2MqttBridge.idl
-- Symlinking: /home/user/astra_ihm_frontend/ros/install/mqtt_client_interfaces/share/mqtt_client_interfaces/msg/RosMsgType.msg
-- Symlinking: /home/user/astra_ihm_frontend/ros/install/mqtt_client_interfaces/share/mqtt_client_interfaces/srv/IsConnected.srv
-- Symlinking: /home/user/astra_ihm_frontend/ros/install/mqtt_client_interfaces/share/mqtt_client_interfaces/srv/IsConnected_Request.msg
-- Symlinking: /home/user/astra_ihm_frontend/ros/install/mqtt_client_interfaces/share/mqtt_client_interfaces/srv/IsConnected_Response.msg
-- Symlinking: /home/user/astra_ihm_frontend/ros/install/mqtt_client_interfaces/share/mqtt_client_interfaces/ros2/NewMqtt2RosBridge.srv
-- Symlinking: /home/user/astra_ihm_frontend/ros/install/mqtt_client_interfaces/share/mqtt_client_interfaces/ros2/NewMqtt2RosBridge_Request.msg
-- Symlinking: /home/user/astra_ihm_frontend/ros/install/mqtt_client_interfaces/share/mqtt_client_interfaces/ros2/NewMqtt2RosBridge_Response.msg
-- Symlinking: /home/user/astra_ihm_frontend/ros/install/mqtt_client_interfaces/share/mqtt_client_interfaces/ros2/NewRos2MqttBridge.srv
-- Symlinking: /home/user/astra_ihm_frontend/ros/install/mqtt_client_interfaces/share/mqtt_client_interfaces/ros2/NewRos2MqttBridge_Request.msg
-- Symlinking: /home/user/astra_ihm_frontend/ros/install/mqtt_client_interfaces/share/mqtt_client_interfaces/ros2/NewRos2MqttBridge_Response.msg
-- Symlinking: /home/user/astra_ihm_frontend/ros/install/mqtt_client_interfaces/share/ament_index/resource_index/package_run_dependencies/mqtt_client_interfaces
-- Symlinking: /home/user/astra_ihm_frontend/ros/install/mqtt_client_interfaces/share/ament_index/resource_index/parent_prefix_path/mqtt_client_interfaces
-- Symlinking: /home/user/astra_ihm_frontend/ros/install/mqtt_client_interfaces/share/mqtt_client_interfaces/environment/ament_prefix_path.sh
-- Symlinking: /home/user/astra_ihm_frontend/ros/install/mqtt_client_interfaces/share/mqtt_client_interfaces/environment/ament_prefix_path.dsv
-- Symlinking: /home/user/astra_ihm_frontend/ros/install/mqtt_client_interfaces/share/mqtt_client_interfaces/environment/path.sh
-- Symlinking: /home/user/astra_ihm_frontend/ros/install/mqtt_client_interfaces/share/mqtt_client_interfaces/environment/path.dsv
-- Symlinking: /home/user/astra_ihm_frontend/ros/install/mqtt_client_interfaces/share/mqtt_client_interfaces/local_setup.bash
-- Symlinking: /home/user/astra_ihm_frontend/ros/install/mqtt_client_interfaces/share/mqtt_client_interfaces/local_setup.sh
-- Symlinking: /home/user/astra_ihm_frontend/ros/install/mqtt_client_interfaces/share/mqtt_client_interfaces/local_setup.zsh
-- Symlinking: /home/user/astra_ihm_frontend/ros/install/mqtt_client_interfaces/share/mqtt_client_interfaces/local_setup.dsv
-- Symlinking: /home/user/astra_ihm_frontend/ros/install/mqtt_client_interfaces/share/mqtt_client_interfaces/package.dsv
-- Symlinking: /home/user/astra_ihm_frontend/ros/install/mqtt_client_interfaces/share/ament_index/resource_index/packages/mqtt_client_interfaces
-- Symlinking: /home/user/astra_ihm_frontend/ros/install/mqtt_client_interfaces/share/mqtt_client_interfaces/cmake/rosidl_cmake-extras.cmake
-- Symlinking: /home/user/astra_ihm_frontend/ros/install/mqtt_client_interfaces/share/mqtt_client_interfaces/cmake/ament_cmake_export_dependencies-extras.cmake
-- Symlinking: /home/user/astra_ihm_frontend/ros/install/mqtt_client_interfaces/share/mqtt_client_interfaces/cmake/ament_cmake_export_include_directories-extras.cmake
-- Symlinking: /home/user/astra_ihm_frontend/ros/install/mqtt_client_interfaces/share/mqtt_client_interfaces/cmake/ament_cmake_export_libraries-extras.cmake
-- Symlinking: /home/user/astra_ihm_frontend/ros/install/mqtt_client_interfaces/share/mqtt_client_interfaces/cmake/ament_cmake_export_targets-extras.cmake
-- Symlinking: /home/user/astra_ihm_frontend/ros/install/mqtt_client_interfaces/share/mqtt_client_interfaces/cmake/rosidl_cmake_export_typesupport_targets-extras.cmake
-- Symlinking: /home/user/astra_ihm_frontend/ros/install/mqtt_client_interfaces/share/mqtt_client_interfaces/cmake/rosidl_cmake_export_typesupport_libraries-extras.cmake
-- Symlinking: /home/user/astra_ihm_frontend/ros/install/mqtt_client_interfaces/share/mqtt_client_interfaces/cmake/mqtt_client_interfacesConfig.cmake
-- Symlinking: /home/user/astra_ihm_frontend/ros/install/mqtt_client_interfaces/share/mqtt_client_interfaces/cmake/mqtt_client_interfacesConfig-version.cmake
-- Symlinking: /home/user/astra_ihm_frontend/ros/install/mqtt_client_interfaces/share/mqtt_client_interfaces/package.xml
-- Installing: /home/user/astra_ihm_frontend/ros/install/mqtt_client_interfaces/lib/libmqtt_client_interfaces__rosidl_generator_c.so
-- Set runtime path of "/home/user/astra_ihm_frontend/ros/install/mqtt_client_interfaces/lib/libmqtt_client_interfaces__rosidl_generator_c.so" to ""
-- Installing: /home/user/astra_ihm_frontend/ros/install/mqtt_client_interfaces/lib/libmqtt_client_interfaces__rosidl_typesupport_fastrtps_c.so
-- Set runtime path of "/home/user/astra_ihm_frontend/ros/install/mqtt_client_interfaces/lib/libmqtt_client_interfaces__rosidl_typesupport_fastrtps_c.so" to ""
-- Installing: /home/user/astra_ihm_frontend/ros/install/mqtt_client_interfaces/lib/libmqtt_client_interfaces__rosidl_typesupport_introspection_c.so
-- Set runtime path of "/home/user/astra_ihm_frontend/ros/install/mqtt_client_interfaces/lib/libmqtt_client_interfaces__rosidl_typesupport_introspection_c.so" to ""
-- Installing: /home/user/astra_ihm_frontend/ros/install/mqtt_client_interfaces/lib/libmqtt_client_interfaces__rosidl_typesupport_c.so
-- Set runtime path of "/home/user/astra_ihm_frontend/ros/install/mqtt_client_interfaces/lib/libmqtt_client_interfaces__rosidl_typesupport_c.so" to ""
-- Installing: /home/user/astra_ihm_frontend/ros/install/mqtt_client_interfaces/lib/libmqtt_client_interfaces__rosidl_typesupport_fastrtps_cpp.so
-- Set runtime path of "/home/user/astra_ihm_frontend/ros/install/mqtt_client_interfaces/lib/libmqtt_client_interfaces__rosidl_typesupport_fastrtps_cpp.so" to ""
-- Installing: /home/user/astra_ihm_frontend/ros/install/mqtt_client_interfaces/lib/libmqtt_client_interfaces__rosidl_typesupport_introspection_cpp.so
-- Set runtime path of "/home/user/astra_ihm_frontend/ros/install/mqtt_client_interfaces/lib/libmqtt_client_interfaces__rosidl_typesupport_introspection_cpp.so" to ""
-- Installing: /home/user/astra_ihm_frontend/ros/install/mqtt_client_interfaces/lib/libmqtt_client_interfaces__rosidl_typesupport_cpp.so
-- Set runtime path of "/home/user/astra_ihm_frontend/ros/install/mqtt_client_interfaces/lib/libmqtt_client_interfaces__rosidl_typesupport_cpp.so" to ""
Listing '/home/user/astra_ihm_frontend/ros/install/mqtt_client_interfaces/lib/python3.10/site-packages/mqtt_client_interfaces'...
Compiling '/home/user/astra_ihm_frontend/ros/install/mqtt_client_interfaces/lib/python3.10/site-packages/mqtt_client_interfaces/__init__.py'...
Listing '/home/user/astra_ihm_frontend/ros/install/mqtt_client_interfaces/lib/python3.10/site-packages/mqtt_client_interfaces/msg'...
Compiling '/home/user/astra_ihm_frontend/ros/install/mqtt_client_interfaces/lib/python3.10/site-packages/mqtt_client_interfaces/msg/__init__.py'...
Compiling '/home/user/astra_ihm_frontend/ros/install/mqtt_client_interfaces/lib/python3.10/site-packages/mqtt_client_interfaces/msg/_ros_msg_type.py'...
Listing '/home/user/astra_ihm_frontend/ros/install/mqtt_client_interfaces/lib/python3.10/site-packages/mqtt_client_interfaces/srv'...
Compiling '/home/user/astra_ihm_frontend/ros/install/mqtt_client_interfaces/lib/python3.10/site-packages/mqtt_client_interfaces/srv/__init__.py'...
Compiling '/home/user/astra_ihm_frontend/ros/install/mqtt_client_interfaces/lib/python3.10/site-packages/mqtt_client_interfaces/srv/_is_connected.py'...
Compiling '/home/user/astra_ihm_frontend/ros/install/mqtt_client_interfaces/lib/python3.10/site-packages/mqtt_client_interfaces/srv/_new_mqtt2_ros_bridge.py'...
Compiling '/home/user/astra_ihm_frontend/ros/install/mqtt_client_interfaces/lib/python3.10/site-packages/mqtt_client_interfaces/srv/_new_ros2_mqtt_bridge.py'...
-- Installing: /home/user/astra_ihm_frontend/ros/install/mqtt_client_interfaces/lib/libmqtt_client_interfaces__rosidl_generator_py.so
-- Set runtime path of "/home/user/astra_ihm_frontend/ros/install/mqtt_client_interfaces/lib/libmqtt_client_interfaces__rosidl_generator_py.so" to ""
-- Installing: /home/user/astra_ihm_frontend/ros/install/mqtt_client_interfaces/share/mqtt_client_interfaces/cmake/export_mqtt_client_interfaces__rosidl_generator_cExport.cmake
-- Installing: /home/user/astra_ihm_frontend/ros/install/mqtt_client_interfaces/share/mqtt_client_interfaces/cmake/export_mqtt_client_interfaces__rosidl_generator_cExport-noconfig.cmake
-- Installing: /home/user/astra_ihm_frontend/ros/install/mqtt_client_interfaces/share/mqtt_client_interfaces/cmake/export_mqtt_client_interfaces__rosidl_typesupport_fastrtps_cExport.cmake
-- Installing: /home/user/astra_ihm_frontend/ros/install/mqtt_client_interfaces/share/mqtt_client_interfaces/cmake/export_mqtt_client_interfaces__rosidl_typesupport_fastrtps_cExport-noconfig.cmake
-- Installing: /home/user/astra_ihm_frontend/ros/install/mqtt_client_interfaces/share/mqtt_client_interfaces/cmake/mqtt_client_interfaces__rosidl_typesupport_introspection_cExport.cmake
-- Installing: /home/user/astra_ihm_frontend/ros/install/mqtt_client_interfaces/share/mqtt_client_interfaces/cmake/mqtt_client_interfaces__rosidl_typesupport_introspection_cExport-noconfig.cmake
-- Installing: /home/user/astra_ihm_frontend/ros/install/mqtt_client_interfaces/share/mqtt_client_interfaces/cmake/mqtt_client_interfaces__rosidl_typesupport_cExport.cmake
-- Installing: /home/user/astra_ihm_frontend/ros/install/mqtt_client_interfaces/share/mqtt_client_interfaces/cmake/mqtt_client_interfaces__rosidl_typesupport_cExport-noconfig.cmake
-- Installing: /home/user/astra_ihm_frontend/ros/install/mqtt_client_interfaces/share/mqtt_client_interfaces/cmake/export_mqtt_client_interfaces__rosidl_generator_cppExport.cmake
-- Installing: /home/user/astra_ihm_frontend/ros/install/mqtt_client_interfaces/share/mqtt_client_interfaces/cmake/export_mqtt_client_interfaces__rosidl_typesupport_fastrtps_cppExport.cmake
-- Installing: /home/user/astra_ihm_frontend/ros/install/mqtt_client_interfaces/share/mqtt_client_interfaces/cmake/export_mqtt_client_interfaces__rosidl_typesupport_fastrtps_cppExport-noconfig.cmake
-- Installing: /home/user/astra_ihm_frontend/ros/install/mqtt_client_interfaces/share/mqtt_client_interfaces/cmake/mqtt_client_interfaces__rosidl_typesupport_introspection_cppExport.cmake
-- Installing: /home/user/astra_ihm_frontend/ros/install/mqtt_client_interfaces/share/mqtt_client_interfaces/cmake/mqtt_client_interfaces__rosidl_typesupport_introspection_cppExport-noconfig.cmake
-- Installing: /home/user/astra_ihm_frontend/ros/install/mqtt_client_interfaces/share/mqtt_client_interfaces/cmake/mqtt_client_interfaces__rosidl_typesupport_cppExport.cmake
-- Installing: /home/user/astra_ihm_frontend/ros/install/mqtt_client_interfaces/share/mqtt_client_interfaces/cmake/mqtt_client_interfaces__rosidl_typesupport_cppExport-noconfig.cmake
-- Installing: /home/user/astra_ihm_frontend/ros/install/mqtt_client_interfaces/share/mqtt_client_interfaces/cmake/export_mqtt_client_interfaces__rosidl_generator_pyExport.cmake
-- Installing: /home/user/astra_ihm_frontend/ros/install/mqtt_client_interfaces/share/mqtt_client_interfaces/cmake/export_mqtt_client_interfaces__rosidl_generator_pyExport-noconfig.cmake
