[0.013s] Invoking command in '/home/user/astra_ihm_frontend/ros/build/mqtt_client_interfaces': CMAKE_PREFIX_PATH=${CMAKE_PREFIX_PATH}:/home/user/segway_ws/install/segway_waypoint_follower:/home/user/astra/ros2/install/semantic_sensor:/home/user/astra/ros2/install/elevation_mapping_cupy:/home/user/astra/ros2/install/astra_service:/home/user/astra/ros2/install/astra_rqt_plugin:/home/user/elevation_mapping_cupy/install/semantic_sensor:/opt/ros/iron /usr/bin/cmake /home/user/astra_ihm_frontend/ros/src/mqtt_client/mqtt_client_interfaces -DAMENT_CMAKE_SYMLINK_INSTALL=1 -DCMAKE_INSTALL_PREFIX=/home/user/astra_ihm_frontend/ros/install/mqtt_client_interfaces
[0.087s] -- The C compiler identification is GNU 11.4.0
[0.146s] -- The CXX compiler identification is GNU 11.4.0
[0.153s] -- Detecting C compiler ABI info
[0.219s] -- Detecting C compiler ABI info - done
[0.224s] -- Check for working C compiler: /usr/bin/cc - skipped
[0.225s] -- Detecting C compile features
[0.225s] -- Detecting C compile features - done
[0.228s] -- Detecting CXX compiler ABI info
[0.303s] -- Detecting CXX compiler ABI info - done
[0.312s] -- Check for working CXX compiler: /usr/bin/c++ - skipped
[0.312s] -- Detecting CXX compile features
[0.313s] -- Detecting CXX compile features - done
[0.321s] -- Found ament_cmake: 2.0.7 (/opt/ros/iron/share/ament_cmake/cmake)
[0.500s] -- Found Python3: /usr/bin/python3.10 (found version "3.10.12") found components: Interpreter 
[0.572s] -- Override CMake install command with custom implementation using symlinks instead of copying resources
[0.632s] -- Found rosidl_default_generators: 1.5.0 (/opt/ros/iron/share/rosidl_default_generators/cmake)
[0.646s] -- Using all available rosidl_typesupport_c: rosidl_typesupport_fastrtps_c;rosidl_typesupport_introspection_c
[0.706s] -- Using all available rosidl_typesupport_cpp: rosidl_typesupport_fastrtps_cpp;rosidl_typesupport_introspection_cpp
[0.754s] -- Found rosidl_adapter: 4.0.1 (/opt/ros/iron/share/rosidl_adapter/cmake)
[0.761s] -- Found std_msgs: 5.0.1 (/opt/ros/iron/share/std_msgs/cmake)
[1.204s] -- Found ament_cmake_ros: 0.11.2 (/opt/ros/iron/share/ament_cmake_ros/cmake)
[1.419s] -- Using all available rosidl_typesupport_c: rosidl_typesupport_fastrtps_c;rosidl_typesupport_introspection_c
[1.708s] -- Using all available rosidl_typesupport_cpp: rosidl_typesupport_fastrtps_cpp;rosidl_typesupport_introspection_cpp
[1.731s] -- Found PythonInterp: /usr/bin/python3 (found suitable version "3.10.12", minimum required is "3.6") 
[1.734s] -- Found python_cmake_module: 0.10.2 (/opt/ros/iron/share/python_cmake_module/cmake)
[1.763s] -- Found PythonLibs: /usr/lib/x86_64-linux-gnu/libpython3.10.so (found suitable version "3.10.12", minimum required is "3.5") 
[1.763s] -- Using PYTHON_EXECUTABLE: /usr/bin/python3
[1.763s] -- Using PYTHON_INCLUDE_DIRS: /usr/include/python3.10
[1.763s] -- Using PYTHON_LIBRARIES: /usr/lib/x86_64-linux-gnu/libpython3.10.so
[1.783s] -- Found PythonExtra: .so  
[1.844s] -- Configuring done
[1.873s] -- Generating done
[1.875s] -- Build files have been written to: /home/user/astra_ihm_frontend/ros/build/mqtt_client_interfaces
[1.882s] Invoked command in '/home/user/astra_ihm_frontend/ros/build/mqtt_client_interfaces' returned '0': CMAKE_PREFIX_PATH=${CMAKE_PREFIX_PATH}:/home/user/segway_ws/install/segway_waypoint_follower:/home/user/astra/ros2/install/semantic_sensor:/home/user/astra/ros2/install/elevation_mapping_cupy:/home/user/astra/ros2/install/astra_service:/home/user/astra/ros2/install/astra_rqt_plugin:/home/user/elevation_mapping_cupy/install/semantic_sensor:/opt/ros/iron /usr/bin/cmake /home/user/astra_ihm_frontend/ros/src/mqtt_client/mqtt_client_interfaces -DAMENT_CMAKE_SYMLINK_INSTALL=1 -DCMAKE_INSTALL_PREFIX=/home/user/astra_ihm_frontend/ros/install/mqtt_client_interfaces
[1.883s] Invoking command in '/home/user/astra_ihm_frontend/ros/build/mqtt_client_interfaces': CMAKE_PREFIX_PATH=${CMAKE_PREFIX_PATH}:/home/user/segway_ws/install/segway_waypoint_follower:/home/user/astra/ros2/install/semantic_sensor:/home/user/astra/ros2/install/elevation_mapping_cupy:/home/user/astra/ros2/install/astra_service:/home/user/astra/ros2/install/astra_rqt_plugin:/home/user/elevation_mapping_cupy/install/semantic_sensor:/opt/ros/iron /usr/bin/cmake --build /home/user/astra_ihm_frontend/ros/build/mqtt_client_interfaces -- -j20 -l20
[1.933s] [  1%] [34m[1mGenerating type hashes for ROS interfaces[0m
[1.942s] [  1%] Built target ament_cmake_python_symlink_mqtt_client_interfaces
[2.184s] running egg_info
[2.184s] creating mqtt_client_interfaces.egg-info
[2.184s] writing mqtt_client_interfaces.egg-info/PKG-INFO
[2.184s] writing dependency_links to mqtt_client_interfaces.egg-info/dependency_links.txt
[2.185s] writing top-level names to mqtt_client_interfaces.egg-info/top_level.txt
[2.185s] writing manifest file 'mqtt_client_interfaces.egg-info/SOURCES.txt'
[2.189s] reading manifest file 'mqtt_client_interfaces.egg-info/SOURCES.txt'
[2.190s] writing manifest file 'mqtt_client_interfaces.egg-info/SOURCES.txt'
[2.212s] [  1%] Built target ament_cmake_python_build_mqtt_client_interfaces_egg
[2.239s] [  1%] Built target mqtt_client_interfaces__rosidl_generator_type_description
[2.251s] [  3%] [34m[1mGenerating C code for ROS interfaces[0m
[2.259s] [  4%] [34m[1mGenerating C++ code for ROS interfaces[0m
[2.779s] [  4%] Built target mqtt_client_interfaces__cpp
[2.885s] [  6%] [32mBuilding C object CMakeFiles/mqtt_client_interfaces__rosidl_generator_c.dir/rosidl_generator_c/mqtt_client_interfaces/msg/detail/ros_msg_type__functions.c.o[0m
[2.886s] [  7%] [32mBuilding C object CMakeFiles/mqtt_client_interfaces__rosidl_generator_c.dir/rosidl_generator_c/mqtt_client_interfaces/srv/detail/new_mqtt2_ros_bridge__type_support.c.o[0m
[2.886s] [  9%] [32mBuilding C object CMakeFiles/mqtt_client_interfaces__rosidl_generator_c.dir/rosidl_generator_c/mqtt_client_interfaces/srv/detail/new_ros2_mqtt_bridge__functions.c.o[0m
[2.886s] [ 10%] [32mBuilding C object CMakeFiles/mqtt_client_interfaces__rosidl_generator_c.dir/rosidl_generator_c/mqtt_client_interfaces/srv/detail/new_ros2_mqtt_bridge__description.c.o[0m
[2.887s] [ 12%] [32mBuilding C object CMakeFiles/mqtt_client_interfaces__rosidl_generator_c.dir/rosidl_generator_c/mqtt_client_interfaces/srv/detail/is_connected__description.c.o[0m
[2.887s] [ 14%] [32mBuilding C object CMakeFiles/mqtt_client_interfaces__rosidl_generator_c.dir/rosidl_generator_c/mqtt_client_interfaces/msg/detail/ros_msg_type__description.c.o[0m
[2.887s] [ 15%] [32mBuilding C object CMakeFiles/mqtt_client_interfaces__rosidl_generator_c.dir/rosidl_generator_c/mqtt_client_interfaces/msg/detail/ros_msg_type__type_support.c.o[0m
[2.887s] [ 17%] [32mBuilding C object CMakeFiles/mqtt_client_interfaces__rosidl_generator_c.dir/rosidl_generator_c/mqtt_client_interfaces/srv/detail/is_connected__functions.c.o[0m
[2.888s] [ 18%] [32mBuilding C object CMakeFiles/mqtt_client_interfaces__rosidl_generator_c.dir/rosidl_generator_c/mqtt_client_interfaces/srv/detail/is_connected__type_support.c.o[0m
[2.888s] [ 20%] [32mBuilding C object CMakeFiles/mqtt_client_interfaces__rosidl_generator_c.dir/rosidl_generator_c/mqtt_client_interfaces/srv/detail/new_ros2_mqtt_bridge__type_support.c.o[0m
[2.889s] [ 21%] [32mBuilding C object CMakeFiles/mqtt_client_interfaces__rosidl_generator_c.dir/rosidl_generator_c/mqtt_client_interfaces/srv/detail/new_mqtt2_ros_bridge__description.c.o[0m
[2.889s] [ 23%] [32mBuilding C object CMakeFiles/mqtt_client_interfaces__rosidl_generator_c.dir/rosidl_generator_c/mqtt_client_interfaces/srv/detail/new_mqtt2_ros_bridge__functions.c.o[0m
[2.981s] [ 25%] [32m[1mLinking C shared library libmqtt_client_interfaces__rosidl_generator_c.so[0m
[3.027s] [ 25%] Built target mqtt_client_interfaces__rosidl_generator_c
[3.037s] [ 29%] [34m[1mGenerating C introspection for ROS interfaces[0m
[3.037s] [ 29%] [34m[1mGenerating C++ type support for eProsima Fast-RTPS[0m
[3.037s] [ 29%] [34m[1mGenerating C type support dispatch for ROS interfaces[0m
[3.038s] [ 31%] [34m[1mGenerating C++ introspection for ROS interfaces[0m
[3.039s] [ 32%] [34m[1mGenerating C++ type support dispatch for ROS interfaces[0m
[3.040s] [ 34%] [34m[1mGenerating C type support for eProsima Fast-RTPS[0m
[3.503s] [ 35%] [32mBuilding CXX object CMakeFiles/mqtt_client_interfaces__rosidl_typesupport_c.dir/rosidl_typesupport_c/mqtt_client_interfaces/msg/ros_msg_type__type_support.cpp.o[0m
[3.503s] [ 39%] [32mBuilding CXX object CMakeFiles/mqtt_client_interfaces__rosidl_typesupport_c.dir/rosidl_typesupport_c/mqtt_client_interfaces/srv/new_mqtt2_ros_bridge__type_support.cpp.o[0m
[3.503s] [ 39%] [32mBuilding CXX object CMakeFiles/mqtt_client_interfaces__rosidl_typesupport_cpp.dir/rosidl_typesupport_cpp/mqtt_client_interfaces/srv/is_connected__type_support.cpp.o[0m
[3.503s] [ 42%] [32mBuilding CXX object CMakeFiles/mqtt_client_interfaces__rosidl_typesupport_cpp.dir/rosidl_typesupport_cpp/mqtt_client_interfaces/msg/ros_msg_type__type_support.cpp.o[0m
[3.503s] [ 42%] [32mBuilding CXX object CMakeFiles/mqtt_client_interfaces__rosidl_typesupport_cpp.dir/rosidl_typesupport_cpp/mqtt_client_interfaces/srv/new_mqtt2_ros_bridge__type_support.cpp.o[0m
[3.503s] [ 43%] [32mBuilding CXX object CMakeFiles/mqtt_client_interfaces__rosidl_typesupport_cpp.dir/rosidl_typesupport_cpp/mqtt_client_interfaces/srv/new_ros2_mqtt_bridge__type_support.cpp.o[0m
[3.506s] [ 45%] [32mBuilding CXX object CMakeFiles/mqtt_client_interfaces__rosidl_typesupport_c.dir/rosidl_typesupport_c/mqtt_client_interfaces/srv/is_connected__type_support.cpp.o[0m
[3.507s] [ 46%] [32mBuilding CXX object CMakeFiles/mqtt_client_interfaces__rosidl_typesupport_c.dir/rosidl_typesupport_c/mqtt_client_interfaces/srv/new_ros2_mqtt_bridge__type_support.cpp.o[0m
[3.579s] [ 48%] [32m[1mLinking CXX shared library libmqtt_client_interfaces__rosidl_typesupport_c.so[0m
[3.645s] [ 48%] Built target mqtt_client_interfaces__rosidl_typesupport_c
[3.646s] [ 50%] [32mBuilding CXX object CMakeFiles/mqtt_client_interfaces__rosidl_typesupport_introspection_cpp.dir/rosidl_typesupport_introspection_cpp/mqtt_client_interfaces/msg/detail/ros_msg_type__type_support.cpp.o[0m
[3.646s] [ 51%] [32mBuilding CXX object CMakeFiles/mqtt_client_interfaces__rosidl_typesupport_introspection_cpp.dir/rosidl_typesupport_introspection_cpp/mqtt_client_interfaces/srv/detail/new_ros2_mqtt_bridge__type_support.cpp.o[0m
[3.647s] [ 53%] [32mBuilding CXX object CMakeFiles/mqtt_client_interfaces__rosidl_typesupport_introspection_cpp.dir/rosidl_typesupport_introspection_cpp/mqtt_client_interfaces/srv/detail/new_mqtt2_ros_bridge__type_support.cpp.o[0m
[3.649s] [ 54%] [32mBuilding CXX object CMakeFiles/mqtt_client_interfaces__rosidl_typesupport_introspection_cpp.dir/rosidl_typesupport_introspection_cpp/mqtt_client_interfaces/srv/detail/is_connected__type_support.cpp.o[0m
[3.663s] [ 56%] [32mBuilding CXX object CMakeFiles/mqtt_client_interfaces__rosidl_typesupport_fastrtps_cpp.dir/rosidl_typesupport_fastrtps_cpp/mqtt_client_interfaces/srv/detail/dds_fastrtps/is_connected__type_support.cpp.o[0m
[3.665s] [ 57%] [32mBuilding CXX object CMakeFiles/mqtt_client_interfaces__rosidl_typesupport_fastrtps_cpp.dir/rosidl_typesupport_fastrtps_cpp/mqtt_client_interfaces/srv/detail/dds_fastrtps/new_mqtt2_ros_bridge__type_support.cpp.o[0m
[3.666s] [ 59%] [32mBuilding CXX object CMakeFiles/mqtt_client_interfaces__rosidl_typesupport_fastrtps_cpp.dir/rosidl_typesupport_fastrtps_cpp/mqtt_client_interfaces/msg/detail/dds_fastrtps/ros_msg_type__type_support.cpp.o[0m
[3.669s] [ 60%] [32mBuilding CXX object CMakeFiles/mqtt_client_interfaces__rosidl_typesupport_fastrtps_cpp.dir/rosidl_typesupport_fastrtps_cpp/mqtt_client_interfaces/srv/detail/dds_fastrtps/new_ros2_mqtt_bridge__type_support.cpp.o[0m
[3.698s] [ 62%] [32mBuilding C object CMakeFiles/mqtt_client_interfaces__rosidl_typesupport_introspection_c.dir/rosidl_typesupport_introspection_c/mqtt_client_interfaces/srv/detail/new_mqtt2_ros_bridge__type_support.c.o[0m
[3.698s] [ 64%] [32mBuilding C object CMakeFiles/mqtt_client_interfaces__rosidl_typesupport_introspection_c.dir/rosidl_typesupport_introspection_c/mqtt_client_interfaces/msg/detail/ros_msg_type__type_support.c.o[0m
[3.698s] [ 65%] [32mBuilding C object CMakeFiles/mqtt_client_interfaces__rosidl_typesupport_introspection_c.dir/rosidl_typesupport_introspection_c/mqtt_client_interfaces/srv/detail/is_connected__type_support.c.o[0m
[3.698s] [ 67%] [32mBuilding C object CMakeFiles/mqtt_client_interfaces__rosidl_typesupport_introspection_c.dir/rosidl_typesupport_introspection_c/mqtt_client_interfaces/srv/detail/new_ros2_mqtt_bridge__type_support.c.o[0m
[3.769s] [ 68%] [32m[1mLinking C shared library libmqtt_client_interfaces__rosidl_typesupport_introspection_c.so[0m
[3.817s] [ 68%] Built target mqtt_client_interfaces__rosidl_typesupport_introspection_c
[3.860s] [ 70%] [32mBuilding CXX object CMakeFiles/mqtt_client_interfaces__rosidl_typesupport_fastrtps_c.dir/rosidl_typesupport_fastrtps_c/mqtt_client_interfaces/srv/detail/new_mqtt2_ros_bridge__type_support_c.cpp.o[0m
[3.865s] [ 71%] [32mBuilding CXX object CMakeFiles/mqtt_client_interfaces__rosidl_typesupport_fastrtps_c.dir/rosidl_typesupport_fastrtps_c/mqtt_client_interfaces/srv/detail/is_connected__type_support_c.cpp.o[0m
[3.868s] [ 73%] [32mBuilding CXX object CMakeFiles/mqtt_client_interfaces__rosidl_typesupport_fastrtps_c.dir/rosidl_typesupport_fastrtps_c/mqtt_client_interfaces/msg/detail/ros_msg_type__type_support_c.cpp.o[0m
[3.872s] [ 75%] [32mBuilding CXX object CMakeFiles/mqtt_client_interfaces__rosidl_typesupport_fastrtps_c.dir/rosidl_typesupport_fastrtps_c/mqtt_client_interfaces/srv/detail/new_ros2_mqtt_bridge__type_support_c.cpp.o[0m
[4.418s] [ 76%] [32m[1mLinking CXX shared library libmqtt_client_interfaces__rosidl_typesupport_fastrtps_c.so[0m
[4.510s] [ 76%] Built target mqtt_client_interfaces__rosidl_typesupport_fastrtps_c
[4.656s] [ 78%] [32m[1mLinking CXX shared library libmqtt_client_interfaces__rosidl_typesupport_cpp.so[0m
[4.719s] [ 79%] [32m[1mLinking CXX shared library libmqtt_client_interfaces__rosidl_typesupport_introspection_cpp.so[0m
[4.789s] [ 79%] Built target mqtt_client_interfaces__rosidl_typesupport_cpp
[4.828s] [ 79%] Built target mqtt_client_interfaces__rosidl_typesupport_introspection_cpp
[5.047s] [ 81%] [32m[1mLinking CXX shared library libmqtt_client_interfaces__rosidl_typesupport_fastrtps_cpp.so[0m
[5.185s] [ 81%] Built target mqtt_client_interfaces__rosidl_typesupport_fastrtps_cpp
[5.213s] [ 81%] Built target mqtt_client_interfaces
[5.240s] [ 82%] [34m[1mGenerating Python code for ROS interfaces[0m
[6.080s] [ 82%] Built target mqtt_client_interfaces__py
[6.100s] [ 85%] [32mBuilding C object CMakeFiles/mqtt_client_interfaces__rosidl_generator_py.dir/rosidl_generator_py/mqtt_client_interfaces/srv/_new_mqtt2_ros_bridge_s.c.o[0m
[6.100s] [ 85%] [32mBuilding C object CMakeFiles/mqtt_client_interfaces__rosidl_generator_py.dir/rosidl_generator_py/mqtt_client_interfaces/msg/_ros_msg_type_s.c.o[0m
[6.102s] [ 89%] [32mBuilding C object CMakeFiles/mqtt_client_interfaces__rosidl_generator_py.dir/rosidl_generator_py/mqtt_client_interfaces/srv/_new_ros2_mqtt_bridge_s.c.o[0m
[6.102s] [ 89%] [32mBuilding C object CMakeFiles/mqtt_client_interfaces__rosidl_generator_py.dir/rosidl_generator_py/mqtt_client_interfaces/srv/_is_connected_s.c.o[0m
[6.256s] [ 90%] [32m[1mLinking C shared library rosidl_generator_py/mqtt_client_interfaces/libmqtt_client_interfaces__rosidl_generator_py.so[0m
[6.298s] [ 90%] Built target mqtt_client_interfaces__rosidl_generator_py
[6.319s] [ 92%] [32mBuilding C object CMakeFiles/mqtt_client_interfaces__rosidl_typesupport_c__pyext.dir/rosidl_generator_py/mqtt_client_interfaces/_mqtt_client_interfaces_s.ep.rosidl_typesupport_c.c.o[0m
[6.321s] [ 93%] [32mBuilding C object CMakeFiles/mqtt_client_interfaces__rosidl_typesupport_introspection_c__pyext.dir/rosidl_generator_py/mqtt_client_interfaces/_mqtt_client_interfaces_s.ep.rosidl_typesupport_introspection_c.c.o[0m
[6.322s] [ 95%] [32mBuilding C object CMakeFiles/mqtt_client_interfaces__rosidl_typesupport_fastrtps_c__pyext.dir/rosidl_generator_py/mqtt_client_interfaces/_mqtt_client_interfaces_s.ep.rosidl_typesupport_fastrtps_c.c.o[0m
[6.423s] [ 96%] [32m[1mLinking C shared library rosidl_generator_py/mqtt_client_interfaces/mqtt_client_interfaces_s__rosidl_typesupport_fastrtps_c.cpython-310-x86_64-linux-gnu.so[0m
[6.423s] [ 98%] [32m[1mLinking C shared library rosidl_generator_py/mqtt_client_interfaces/mqtt_client_interfaces_s__rosidl_typesupport_introspection_c.cpython-310-x86_64-linux-gnu.so[0m
[6.423s] [100%] [32m[1mLinking C shared library rosidl_generator_py/mqtt_client_interfaces/mqtt_client_interfaces_s__rosidl_typesupport_c.cpython-310-x86_64-linux-gnu.so[0m
[6.464s] [100%] Built target mqtt_client_interfaces__rosidl_typesupport_introspection_c__pyext
[6.465s] [100%] Built target mqtt_client_interfaces__rosidl_typesupport_fastrtps_c__pyext
[6.465s] [100%] Built target mqtt_client_interfaces__rosidl_typesupport_c__pyext
[6.476s] Invoked command in '/home/user/astra_ihm_frontend/ros/build/mqtt_client_interfaces' returned '0': CMAKE_PREFIX_PATH=${CMAKE_PREFIX_PATH}:/home/user/segway_ws/install/segway_waypoint_follower:/home/user/astra/ros2/install/semantic_sensor:/home/user/astra/ros2/install/elevation_mapping_cupy:/home/user/astra/ros2/install/astra_service:/home/user/astra/ros2/install/astra_rqt_plugin:/home/user/elevation_mapping_cupy/install/semantic_sensor:/opt/ros/iron /usr/bin/cmake --build /home/user/astra_ihm_frontend/ros/build/mqtt_client_interfaces -- -j20 -l20
[6.645s] Invoking command in '/home/user/astra_ihm_frontend/ros/build/mqtt_client_interfaces': CMAKE_PREFIX_PATH=${CMAKE_PREFIX_PATH}:/home/user/segway_ws/install/segway_waypoint_follower:/home/user/astra/ros2/install/semantic_sensor:/home/user/astra/ros2/install/elevation_mapping_cupy:/home/user/astra/ros2/install/astra_service:/home/user/astra/ros2/install/astra_rqt_plugin:/home/user/elevation_mapping_cupy/install/semantic_sensor:/opt/ros/iron /usr/bin/cmake --install /home/user/astra_ihm_frontend/ros/build/mqtt_client_interfaces
[6.655s] -- Install configuration: ""
[6.656s] -- Execute custom install script
[6.656s] -- Symlinking: /home/user/astra_ihm_frontend/ros/install/mqtt_client_interfaces/share/ament_index/resource_index/rosidl_interfaces/mqtt_client_interfaces
[6.664s] -- Symlinking: /home/user/astra_ihm_frontend/ros/install/mqtt_client_interfaces/share/mqtt_client_interfaces/msg/RosMsgType.json
[6.670s] -- Symlinking: /home/user/astra_ihm_frontend/ros/install/mqtt_client_interfaces/share/mqtt_client_interfaces/srv/IsConnected.json
[6.679s] -- Symlinking: /home/user/astra_ihm_frontend/ros/install/mqtt_client_interfaces/share/mqtt_client_interfaces/srv/NewMqtt2RosBridge.json
[6.686s] -- Symlinking: /home/user/astra_ihm_frontend/ros/install/mqtt_client_interfaces/share/mqtt_client_interfaces/srv/NewRos2MqttBridge.json
[6.695s] -- Symlinking: /home/user/astra_ihm_frontend/ros/install/mqtt_client_interfaces/include/mqtt_client_interfaces/mqtt_client_interfaces/msg/detail/ros_msg_type__functions.h
[6.702s] -- Symlinking: /home/user/astra_ihm_frontend/ros/install/mqtt_client_interfaces/include/mqtt_client_interfaces/mqtt_client_interfaces/msg/detail/ros_msg_type__struct.h
[6.708s] -- Symlinking: /home/user/astra_ihm_frontend/ros/install/mqtt_client_interfaces/include/mqtt_client_interfaces/mqtt_client_interfaces/msg/detail/ros_msg_type__type_support.h
[6.716s] -- Symlinking: /home/user/astra_ihm_frontend/ros/install/mqtt_client_interfaces/include/mqtt_client_interfaces/mqtt_client_interfaces/msg/ros_msg_type.h
[6.723s] -- Symlinking: /home/user/astra_ihm_frontend/ros/install/mqtt_client_interfaces/include/mqtt_client_interfaces/mqtt_client_interfaces/msg/rosidl_generator_c__visibility_control.h
[6.730s] -- Symlinking: /home/user/astra_ihm_frontend/ros/install/mqtt_client_interfaces/include/mqtt_client_interfaces/mqtt_client_interfaces/srv/detail/is_connected__functions.h
[6.737s] -- Symlinking: /home/user/astra_ihm_frontend/ros/install/mqtt_client_interfaces/include/mqtt_client_interfaces/mqtt_client_interfaces/srv/detail/is_connected__struct.h
[6.744s] -- Symlinking: /home/user/astra_ihm_frontend/ros/install/mqtt_client_interfaces/include/mqtt_client_interfaces/mqtt_client_interfaces/srv/detail/is_connected__type_support.h
[6.752s] -- Symlinking: /home/user/astra_ihm_frontend/ros/install/mqtt_client_interfaces/include/mqtt_client_interfaces/mqtt_client_interfaces/srv/detail/new_mqtt2_ros_bridge__functions.h
[6.760s] -- Symlinking: /home/user/astra_ihm_frontend/ros/install/mqtt_client_interfaces/include/mqtt_client_interfaces/mqtt_client_interfaces/srv/detail/new_mqtt2_ros_bridge__struct.h
[6.769s] -- Symlinking: /home/user/astra_ihm_frontend/ros/install/mqtt_client_interfaces/include/mqtt_client_interfaces/mqtt_client_interfaces/srv/detail/new_mqtt2_ros_bridge__type_support.h
[6.776s] -- Symlinking: /home/user/astra_ihm_frontend/ros/install/mqtt_client_interfaces/include/mqtt_client_interfaces/mqtt_client_interfaces/srv/detail/new_ros2_mqtt_bridge__functions.h
[6.786s] -- Symlinking: /home/user/astra_ihm_frontend/ros/install/mqtt_client_interfaces/include/mqtt_client_interfaces/mqtt_client_interfaces/srv/detail/new_ros2_mqtt_bridge__struct.h
[6.794s] -- Symlinking: /home/user/astra_ihm_frontend/ros/install/mqtt_client_interfaces/include/mqtt_client_interfaces/mqtt_client_interfaces/srv/detail/new_ros2_mqtt_bridge__type_support.h
[6.801s] -- Symlinking: /home/user/astra_ihm_frontend/ros/install/mqtt_client_interfaces/include/mqtt_client_interfaces/mqtt_client_interfaces/srv/is_connected.h
[6.808s] -- Symlinking: /home/user/astra_ihm_frontend/ros/install/mqtt_client_interfaces/include/mqtt_client_interfaces/mqtt_client_interfaces/srv/new_mqtt2_ros_bridge.h
[6.814s] -- Symlinking: /home/user/astra_ihm_frontend/ros/install/mqtt_client_interfaces/include/mqtt_client_interfaces/mqtt_client_interfaces/srv/new_ros2_mqtt_bridge.h
[6.822s] -- Symlinking: /home/user/astra_ihm_frontend/ros/install/mqtt_client_interfaces/share/mqtt_client_interfaces/environment/library_path.sh
[6.829s] -- Symlinking: /home/user/astra_ihm_frontend/ros/install/mqtt_client_interfaces/share/mqtt_client_interfaces/environment/library_path.dsv
[6.837s] -- Symlinking: /home/user/astra_ihm_frontend/ros/install/mqtt_client_interfaces/include/mqtt_client_interfaces/mqtt_client_interfaces/msg/detail/ros_msg_type__rosidl_typesupport_fastrtps_c.h
[6.846s] -- Symlinking: /home/user/astra_ihm_frontend/ros/install/mqtt_client_interfaces/include/mqtt_client_interfaces/mqtt_client_interfaces/msg/rosidl_typesupport_fastrtps_c__visibility_control.h
[6.854s] -- Symlinking: /home/user/astra_ihm_frontend/ros/install/mqtt_client_interfaces/include/mqtt_client_interfaces/mqtt_client_interfaces/srv/detail/is_connected__rosidl_typesupport_fastrtps_c.h
[6.863s] -- Symlinking: /home/user/astra_ihm_frontend/ros/install/mqtt_client_interfaces/include/mqtt_client_interfaces/mqtt_client_interfaces/srv/detail/new_mqtt2_ros_bridge__rosidl_typesupport_fastrtps_c.h
[6.869s] -- Symlinking: /home/user/astra_ihm_frontend/ros/install/mqtt_client_interfaces/include/mqtt_client_interfaces/mqtt_client_interfaces/srv/detail/new_ros2_mqtt_bridge__rosidl_typesupport_fastrtps_c.h
[6.876s] -- Symlinking: /home/user/astra_ihm_frontend/ros/install/mqtt_client_interfaces/include/mqtt_client_interfaces/mqtt_client_interfaces/msg/detail/ros_msg_type__rosidl_typesupport_introspection_c.h
[6.884s] -- Symlinking: /home/user/astra_ihm_frontend/ros/install/mqtt_client_interfaces/include/mqtt_client_interfaces/mqtt_client_interfaces/msg/rosidl_typesupport_introspection_c__visibility_control.h
[6.894s] -- Symlinking: /home/user/astra_ihm_frontend/ros/install/mqtt_client_interfaces/include/mqtt_client_interfaces/mqtt_client_interfaces/srv/detail/is_connected__rosidl_typesupport_introspection_c.h
[6.903s] -- Symlinking: /home/user/astra_ihm_frontend/ros/install/mqtt_client_interfaces/include/mqtt_client_interfaces/mqtt_client_interfaces/srv/detail/new_mqtt2_ros_bridge__rosidl_typesupport_introspection_c.h
[6.911s] -- Symlinking: /home/user/astra_ihm_frontend/ros/install/mqtt_client_interfaces/include/mqtt_client_interfaces/mqtt_client_interfaces/srv/detail/new_ros2_mqtt_bridge__rosidl_typesupport_introspection_c.h
[6.918s] -- Symlinking: /home/user/astra_ihm_frontend/ros/install/mqtt_client_interfaces/include/mqtt_client_interfaces/mqtt_client_interfaces/msg/detail/ros_msg_type__builder.hpp
[6.927s] -- Symlinking: /home/user/astra_ihm_frontend/ros/install/mqtt_client_interfaces/include/mqtt_client_interfaces/mqtt_client_interfaces/msg/detail/ros_msg_type__struct.hpp
[6.935s] -- Symlinking: /home/user/astra_ihm_frontend/ros/install/mqtt_client_interfaces/include/mqtt_client_interfaces/mqtt_client_interfaces/msg/detail/ros_msg_type__traits.hpp
[6.942s] -- Symlinking: /home/user/astra_ihm_frontend/ros/install/mqtt_client_interfaces/include/mqtt_client_interfaces/mqtt_client_interfaces/msg/ros_msg_type.hpp
[6.950s] -- Symlinking: /home/user/astra_ihm_frontend/ros/install/mqtt_client_interfaces/include/mqtt_client_interfaces/mqtt_client_interfaces/srv/detail/is_connected__builder.hpp
[6.957s] -- Symlinking: /home/user/astra_ihm_frontend/ros/install/mqtt_client_interfaces/include/mqtt_client_interfaces/mqtt_client_interfaces/srv/detail/is_connected__struct.hpp
[6.963s] -- Symlinking: /home/user/astra_ihm_frontend/ros/install/mqtt_client_interfaces/include/mqtt_client_interfaces/mqtt_client_interfaces/srv/detail/is_connected__traits.hpp
[6.970s] -- Symlinking: /home/user/astra_ihm_frontend/ros/install/mqtt_client_interfaces/include/mqtt_client_interfaces/mqtt_client_interfaces/srv/detail/new_mqtt2_ros_bridge__builder.hpp
[6.978s] -- Symlinking: /home/user/astra_ihm_frontend/ros/install/mqtt_client_interfaces/include/mqtt_client_interfaces/mqtt_client_interfaces/srv/detail/new_mqtt2_ros_bridge__struct.hpp
[6.985s] -- Symlinking: /home/user/astra_ihm_frontend/ros/install/mqtt_client_interfaces/include/mqtt_client_interfaces/mqtt_client_interfaces/srv/detail/new_mqtt2_ros_bridge__traits.hpp
[6.990s] -- Symlinking: /home/user/astra_ihm_frontend/ros/install/mqtt_client_interfaces/include/mqtt_client_interfaces/mqtt_client_interfaces/srv/detail/new_ros2_mqtt_bridge__builder.hpp
[6.998s] -- Symlinking: /home/user/astra_ihm_frontend/ros/install/mqtt_client_interfaces/include/mqtt_client_interfaces/mqtt_client_interfaces/srv/detail/new_ros2_mqtt_bridge__struct.hpp
[7.004s] -- Symlinking: /home/user/astra_ihm_frontend/ros/install/mqtt_client_interfaces/include/mqtt_client_interfaces/mqtt_client_interfaces/srv/detail/new_ros2_mqtt_bridge__traits.hpp
[7.010s] -- Symlinking: /home/user/astra_ihm_frontend/ros/install/mqtt_client_interfaces/include/mqtt_client_interfaces/mqtt_client_interfaces/srv/is_connected.hpp
[7.018s] -- Symlinking: /home/user/astra_ihm_frontend/ros/install/mqtt_client_interfaces/include/mqtt_client_interfaces/mqtt_client_interfaces/srv/new_mqtt2_ros_bridge.hpp
[7.026s] -- Symlinking: /home/user/astra_ihm_frontend/ros/install/mqtt_client_interfaces/include/mqtt_client_interfaces/mqtt_client_interfaces/srv/new_ros2_mqtt_bridge.hpp
[7.034s] -- Symlinking: /home/user/astra_ihm_frontend/ros/install/mqtt_client_interfaces/include/mqtt_client_interfaces/mqtt_client_interfaces/msg/detail/ros_msg_type__rosidl_typesupport_fastrtps_cpp.hpp
[7.042s] -- Symlinking: /home/user/astra_ihm_frontend/ros/install/mqtt_client_interfaces/include/mqtt_client_interfaces/mqtt_client_interfaces/msg/rosidl_typesupport_fastrtps_cpp__visibility_control.h
[7.049s] -- Symlinking: /home/user/astra_ihm_frontend/ros/install/mqtt_client_interfaces/include/mqtt_client_interfaces/mqtt_client_interfaces/srv/detail/is_connected__rosidl_typesupport_fastrtps_cpp.hpp
[7.056s] -- Symlinking: /home/user/astra_ihm_frontend/ros/install/mqtt_client_interfaces/include/mqtt_client_interfaces/mqtt_client_interfaces/srv/detail/new_mqtt2_ros_bridge__rosidl_typesupport_fastrtps_cpp.hpp
[7.062s] -- Symlinking: /home/user/astra_ihm_frontend/ros/install/mqtt_client_interfaces/include/mqtt_client_interfaces/mqtt_client_interfaces/srv/detail/new_ros2_mqtt_bridge__rosidl_typesupport_fastrtps_cpp.hpp
[7.071s] -- Symlinking: /home/user/astra_ihm_frontend/ros/install/mqtt_client_interfaces/include/mqtt_client_interfaces/mqtt_client_interfaces/msg/detail/ros_msg_type__rosidl_typesupport_introspection_cpp.hpp
[7.077s] -- Symlinking: /home/user/astra_ihm_frontend/ros/install/mqtt_client_interfaces/include/mqtt_client_interfaces/mqtt_client_interfaces/srv/detail/is_connected__rosidl_typesupport_introspection_cpp.hpp
[7.084s] -- Symlinking: /home/user/astra_ihm_frontend/ros/install/mqtt_client_interfaces/include/mqtt_client_interfaces/mqtt_client_interfaces/srv/detail/new_mqtt2_ros_bridge__rosidl_typesupport_introspection_cpp.hpp
[7.092s] -- Symlinking: /home/user/astra_ihm_frontend/ros/install/mqtt_client_interfaces/include/mqtt_client_interfaces/mqtt_client_interfaces/srv/detail/new_ros2_mqtt_bridge__rosidl_typesupport_introspection_cpp.hpp
[7.098s] -- Symlinking: /home/user/astra_ihm_frontend/ros/install/mqtt_client_interfaces/share/mqtt_client_interfaces/environment/pythonpath.sh
[7.105s] -- Symlinking: /home/user/astra_ihm_frontend/ros/install/mqtt_client_interfaces/share/mqtt_client_interfaces/environment/pythonpath.dsv
[7.113s] -- Symlinking: /home/user/astra_ihm_frontend/ros/install/mqtt_client_interfaces/lib/python3.10/site-packages/mqtt_client_interfaces-2.3.0-py3.10.egg-info/PKG-INFO
[7.118s] -- Symlinking: /home/user/astra_ihm_frontend/ros/install/mqtt_client_interfaces/lib/python3.10/site-packages/mqtt_client_interfaces-2.3.0-py3.10.egg-info/SOURCES.txt
[7.126s] -- Symlinking: /home/user/astra_ihm_frontend/ros/install/mqtt_client_interfaces/lib/python3.10/site-packages/mqtt_client_interfaces-2.3.0-py3.10.egg-info/dependency_links.txt
[7.136s] -- Symlinking: /home/user/astra_ihm_frontend/ros/install/mqtt_client_interfaces/lib/python3.10/site-packages/mqtt_client_interfaces-2.3.0-py3.10.egg-info/top_level.txt
[7.144s] -- Symlinking: /home/user/astra_ihm_frontend/ros/install/mqtt_client_interfaces/lib/python3.10/site-packages/mqtt_client_interfaces/__init__.py
[7.154s] -- Symlinking: /home/user/astra_ihm_frontend/ros/install/mqtt_client_interfaces/lib/python3.10/site-packages/mqtt_client_interfaces/_mqtt_client_interfaces_s.ep.rosidl_typesupport_c.c
[7.163s] -- Symlinking: /home/user/astra_ihm_frontend/ros/install/mqtt_client_interfaces/lib/python3.10/site-packages/mqtt_client_interfaces/_mqtt_client_interfaces_s.ep.rosidl_typesupport_fastrtps_c.c
[7.172s] -- Symlinking: /home/user/astra_ihm_frontend/ros/install/mqtt_client_interfaces/lib/python3.10/site-packages/mqtt_client_interfaces/_mqtt_client_interfaces_s.ep.rosidl_typesupport_introspection_c.c
[7.182s] -- Symlinking: /home/user/astra_ihm_frontend/ros/install/mqtt_client_interfaces/lib/python3.10/site-packages/mqtt_client_interfaces/libmqtt_client_interfaces__rosidl_generator_py.so
[7.192s] -- Symlinking: /home/user/astra_ihm_frontend/ros/install/mqtt_client_interfaces/lib/python3.10/site-packages/mqtt_client_interfaces/mqtt_client_interfaces_s__rosidl_typesupport_c.cpython-310-x86_64-linux-gnu.so
[7.199s] -- Symlinking: /home/user/astra_ihm_frontend/ros/install/mqtt_client_interfaces/lib/python3.10/site-packages/mqtt_client_interfaces/mqtt_client_interfaces_s__rosidl_typesupport_fastrtps_c.cpython-310-x86_64-linux-gnu.so
[7.209s] -- Symlinking: /home/user/astra_ihm_frontend/ros/install/mqtt_client_interfaces/lib/python3.10/site-packages/mqtt_client_interfaces/mqtt_client_interfaces_s__rosidl_typesupport_introspection_c.cpython-310-x86_64-linux-gnu.so
[7.217s] -- Symlinking: /home/user/astra_ihm_frontend/ros/install/mqtt_client_interfaces/lib/python3.10/site-packages/mqtt_client_interfaces/msg/__init__.py
[7.224s] -- Symlinking: /home/user/astra_ihm_frontend/ros/install/mqtt_client_interfaces/lib/python3.10/site-packages/mqtt_client_interfaces/msg/_ros_msg_type.py
[7.232s] -- Symlinking: /home/user/astra_ihm_frontend/ros/install/mqtt_client_interfaces/lib/python3.10/site-packages/mqtt_client_interfaces/msg/_ros_msg_type_s.c
[7.240s] -- Symlinking: /home/user/astra_ihm_frontend/ros/install/mqtt_client_interfaces/lib/python3.10/site-packages/mqtt_client_interfaces/srv/__init__.py
[7.248s] -- Symlinking: /home/user/astra_ihm_frontend/ros/install/mqtt_client_interfaces/lib/python3.10/site-packages/mqtt_client_interfaces/srv/_is_connected.py
[7.256s] -- Symlinking: /home/user/astra_ihm_frontend/ros/install/mqtt_client_interfaces/lib/python3.10/site-packages/mqtt_client_interfaces/srv/_is_connected_s.c
[7.265s] -- Symlinking: /home/user/astra_ihm_frontend/ros/install/mqtt_client_interfaces/lib/python3.10/site-packages/mqtt_client_interfaces/srv/_new_mqtt2_ros_bridge.py
[7.274s] -- Symlinking: /home/user/astra_ihm_frontend/ros/install/mqtt_client_interfaces/lib/python3.10/site-packages/mqtt_client_interfaces/srv/_new_mqtt2_ros_bridge_s.c
[7.280s] -- Symlinking: /home/user/astra_ihm_frontend/ros/install/mqtt_client_interfaces/lib/python3.10/site-packages/mqtt_client_interfaces/srv/_new_ros2_mqtt_bridge.py
[7.288s] -- Symlinking: /home/user/astra_ihm_frontend/ros/install/mqtt_client_interfaces/lib/python3.10/site-packages/mqtt_client_interfaces/srv/_new_ros2_mqtt_bridge_s.c
[7.297s] -- Up-to-date symlink: /home/user/astra_ihm_frontend/ros/install/mqtt_client_interfaces/lib/python3.10/site-packages/mqtt_client_interfaces/mqtt_client_interfaces_s__rosidl_typesupport_fastrtps_c.cpython-310-x86_64-linux-gnu.so
[7.297s] -- Up-to-date symlink: /home/user/astra_ihm_frontend/ros/install/mqtt_client_interfaces/lib/python3.10/site-packages/mqtt_client_interfaces/mqtt_client_interfaces_s__rosidl_typesupport_introspection_c.cpython-310-x86_64-linux-gnu.so
[7.297s] -- Up-to-date symlink: /home/user/astra_ihm_frontend/ros/install/mqtt_client_interfaces/lib/python3.10/site-packages/mqtt_client_interfaces/mqtt_client_interfaces_s__rosidl_typesupport_c.cpython-310-x86_64-linux-gnu.so
[7.297s] -- Symlinking: /home/user/astra_ihm_frontend/ros/install/mqtt_client_interfaces/share/mqtt_client_interfaces/msg/RosMsgType.idl
[7.305s] -- Symlinking: /home/user/astra_ihm_frontend/ros/install/mqtt_client_interfaces/share/mqtt_client_interfaces/srv/IsConnected.idl
[7.311s] -- Symlinking: /home/user/astra_ihm_frontend/ros/install/mqtt_client_interfaces/share/mqtt_client_interfaces/srv/NewMqtt2RosBridge.idl
[7.318s] -- Symlinking: /home/user/astra_ihm_frontend/ros/install/mqtt_client_interfaces/share/mqtt_client_interfaces/srv/NewRos2MqttBridge.idl
[7.325s] -- Symlinking: /home/user/astra_ihm_frontend/ros/install/mqtt_client_interfaces/share/mqtt_client_interfaces/msg/RosMsgType.msg
[7.332s] -- Symlinking: /home/user/astra_ihm_frontend/ros/install/mqtt_client_interfaces/share/mqtt_client_interfaces/srv/IsConnected.srv
[7.339s] -- Symlinking: /home/user/astra_ihm_frontend/ros/install/mqtt_client_interfaces/share/mqtt_client_interfaces/srv/IsConnected_Request.msg
[7.347s] -- Symlinking: /home/user/astra_ihm_frontend/ros/install/mqtt_client_interfaces/share/mqtt_client_interfaces/srv/IsConnected_Response.msg
[7.357s] -- Symlinking: /home/user/astra_ihm_frontend/ros/install/mqtt_client_interfaces/share/mqtt_client_interfaces/ros2/NewMqtt2RosBridge.srv
[7.363s] -- Symlinking: /home/user/astra_ihm_frontend/ros/install/mqtt_client_interfaces/share/mqtt_client_interfaces/ros2/NewMqtt2RosBridge_Request.msg
[7.370s] -- Symlinking: /home/user/astra_ihm_frontend/ros/install/mqtt_client_interfaces/share/mqtt_client_interfaces/ros2/NewMqtt2RosBridge_Response.msg
[7.379s] -- Symlinking: /home/user/astra_ihm_frontend/ros/install/mqtt_client_interfaces/share/mqtt_client_interfaces/ros2/NewRos2MqttBridge.srv
[7.385s] -- Symlinking: /home/user/astra_ihm_frontend/ros/install/mqtt_client_interfaces/share/mqtt_client_interfaces/ros2/NewRos2MqttBridge_Request.msg
[7.393s] -- Symlinking: /home/user/astra_ihm_frontend/ros/install/mqtt_client_interfaces/share/mqtt_client_interfaces/ros2/NewRos2MqttBridge_Response.msg
[7.399s] -- Symlinking: /home/user/astra_ihm_frontend/ros/install/mqtt_client_interfaces/share/ament_index/resource_index/package_run_dependencies/mqtt_client_interfaces
[7.409s] -- Symlinking: /home/user/astra_ihm_frontend/ros/install/mqtt_client_interfaces/share/ament_index/resource_index/parent_prefix_path/mqtt_client_interfaces
[7.417s] -- Symlinking: /home/user/astra_ihm_frontend/ros/install/mqtt_client_interfaces/share/mqtt_client_interfaces/environment/ament_prefix_path.sh
[7.425s] -- Symlinking: /home/user/astra_ihm_frontend/ros/install/mqtt_client_interfaces/share/mqtt_client_interfaces/environment/ament_prefix_path.dsv
[7.432s] -- Symlinking: /home/user/astra_ihm_frontend/ros/install/mqtt_client_interfaces/share/mqtt_client_interfaces/environment/path.sh
[7.440s] -- Symlinking: /home/user/astra_ihm_frontend/ros/install/mqtt_client_interfaces/share/mqtt_client_interfaces/environment/path.dsv
[7.449s] -- Symlinking: /home/user/astra_ihm_frontend/ros/install/mqtt_client_interfaces/share/mqtt_client_interfaces/local_setup.bash
[7.458s] -- Symlinking: /home/user/astra_ihm_frontend/ros/install/mqtt_client_interfaces/share/mqtt_client_interfaces/local_setup.sh
[7.467s] -- Symlinking: /home/user/astra_ihm_frontend/ros/install/mqtt_client_interfaces/share/mqtt_client_interfaces/local_setup.zsh
[7.473s] -- Symlinking: /home/user/astra_ihm_frontend/ros/install/mqtt_client_interfaces/share/mqtt_client_interfaces/local_setup.dsv
[7.480s] -- Symlinking: /home/user/astra_ihm_frontend/ros/install/mqtt_client_interfaces/share/mqtt_client_interfaces/package.dsv
[7.489s] -- Symlinking: /home/user/astra_ihm_frontend/ros/install/mqtt_client_interfaces/share/ament_index/resource_index/packages/mqtt_client_interfaces
[7.497s] -- Symlinking: /home/user/astra_ihm_frontend/ros/install/mqtt_client_interfaces/share/mqtt_client_interfaces/cmake/rosidl_cmake-extras.cmake
[7.504s] -- Symlinking: /home/user/astra_ihm_frontend/ros/install/mqtt_client_interfaces/share/mqtt_client_interfaces/cmake/ament_cmake_export_dependencies-extras.cmake
[7.512s] -- Symlinking: /home/user/astra_ihm_frontend/ros/install/mqtt_client_interfaces/share/mqtt_client_interfaces/cmake/ament_cmake_export_include_directories-extras.cmake
[7.519s] -- Symlinking: /home/user/astra_ihm_frontend/ros/install/mqtt_client_interfaces/share/mqtt_client_interfaces/cmake/ament_cmake_export_libraries-extras.cmake
[7.525s] -- Symlinking: /home/user/astra_ihm_frontend/ros/install/mqtt_client_interfaces/share/mqtt_client_interfaces/cmake/ament_cmake_export_targets-extras.cmake
[7.533s] -- Symlinking: /home/user/astra_ihm_frontend/ros/install/mqtt_client_interfaces/share/mqtt_client_interfaces/cmake/rosidl_cmake_export_typesupport_targets-extras.cmake
[7.542s] -- Symlinking: /home/user/astra_ihm_frontend/ros/install/mqtt_client_interfaces/share/mqtt_client_interfaces/cmake/rosidl_cmake_export_typesupport_libraries-extras.cmake
[7.548s] -- Symlinking: /home/user/astra_ihm_frontend/ros/install/mqtt_client_interfaces/share/mqtt_client_interfaces/cmake/mqtt_client_interfacesConfig.cmake
[7.557s] -- Symlinking: /home/user/astra_ihm_frontend/ros/install/mqtt_client_interfaces/share/mqtt_client_interfaces/cmake/mqtt_client_interfacesConfig-version.cmake
[7.564s] -- Symlinking: /home/user/astra_ihm_frontend/ros/install/mqtt_client_interfaces/share/mqtt_client_interfaces/package.xml
[7.573s] -- Installing: /home/user/astra_ihm_frontend/ros/install/mqtt_client_interfaces/lib/libmqtt_client_interfaces__rosidl_generator_c.so
[7.573s] -- Set runtime path of "/home/user/astra_ihm_frontend/ros/install/mqtt_client_interfaces/lib/libmqtt_client_interfaces__rosidl_generator_c.so" to ""
[7.573s] -- Installing: /home/user/astra_ihm_frontend/ros/install/mqtt_client_interfaces/lib/libmqtt_client_interfaces__rosidl_typesupport_fastrtps_c.so
[7.573s] -- Set runtime path of "/home/user/astra_ihm_frontend/ros/install/mqtt_client_interfaces/lib/libmqtt_client_interfaces__rosidl_typesupport_fastrtps_c.so" to ""
[7.573s] -- Installing: /home/user/astra_ihm_frontend/ros/install/mqtt_client_interfaces/lib/libmqtt_client_interfaces__rosidl_typesupport_introspection_c.so
[7.573s] -- Set runtime path of "/home/user/astra_ihm_frontend/ros/install/mqtt_client_interfaces/lib/libmqtt_client_interfaces__rosidl_typesupport_introspection_c.so" to ""
[7.573s] -- Installing: /home/user/astra_ihm_frontend/ros/install/mqtt_client_interfaces/lib/libmqtt_client_interfaces__rosidl_typesupport_c.so
[7.573s] -- Set runtime path of "/home/user/astra_ihm_frontend/ros/install/mqtt_client_interfaces/lib/libmqtt_client_interfaces__rosidl_typesupport_c.so" to ""
[7.573s] -- Installing: /home/user/astra_ihm_frontend/ros/install/mqtt_client_interfaces/lib/libmqtt_client_interfaces__rosidl_typesupport_fastrtps_cpp.so
[7.574s] -- Set runtime path of "/home/user/astra_ihm_frontend/ros/install/mqtt_client_interfaces/lib/libmqtt_client_interfaces__rosidl_typesupport_fastrtps_cpp.so" to ""
[7.574s] -- Installing: /home/user/astra_ihm_frontend/ros/install/mqtt_client_interfaces/lib/libmqtt_client_interfaces__rosidl_typesupport_introspection_cpp.so
[7.574s] -- Set runtime path of "/home/user/astra_ihm_frontend/ros/install/mqtt_client_interfaces/lib/libmqtt_client_interfaces__rosidl_typesupport_introspection_cpp.so" to ""
[7.574s] -- Installing: /home/user/astra_ihm_frontend/ros/install/mqtt_client_interfaces/lib/libmqtt_client_interfaces__rosidl_typesupport_cpp.so
[7.574s] -- Set runtime path of "/home/user/astra_ihm_frontend/ros/install/mqtt_client_interfaces/lib/libmqtt_client_interfaces__rosidl_typesupport_cpp.so" to ""
[7.615s] Listing '/home/user/astra_ihm_frontend/ros/install/mqtt_client_interfaces/lib/python3.10/site-packages/mqtt_client_interfaces'...
[7.615s] Compiling '/home/user/astra_ihm_frontend/ros/install/mqtt_client_interfaces/lib/python3.10/site-packages/mqtt_client_interfaces/__init__.py'...
[7.615s] Listing '/home/user/astra_ihm_frontend/ros/install/mqtt_client_interfaces/lib/python3.10/site-packages/mqtt_client_interfaces/msg'...
[7.615s] Compiling '/home/user/astra_ihm_frontend/ros/install/mqtt_client_interfaces/lib/python3.10/site-packages/mqtt_client_interfaces/msg/__init__.py'...
[7.615s] Compiling '/home/user/astra_ihm_frontend/ros/install/mqtt_client_interfaces/lib/python3.10/site-packages/mqtt_client_interfaces/msg/_ros_msg_type.py'...
[7.615s] Listing '/home/user/astra_ihm_frontend/ros/install/mqtt_client_interfaces/lib/python3.10/site-packages/mqtt_client_interfaces/srv'...
[7.615s] Compiling '/home/user/astra_ihm_frontend/ros/install/mqtt_client_interfaces/lib/python3.10/site-packages/mqtt_client_interfaces/srv/__init__.py'...
[7.615s] Compiling '/home/user/astra_ihm_frontend/ros/install/mqtt_client_interfaces/lib/python3.10/site-packages/mqtt_client_interfaces/srv/_is_connected.py'...
[7.615s] Compiling '/home/user/astra_ihm_frontend/ros/install/mqtt_client_interfaces/lib/python3.10/site-packages/mqtt_client_interfaces/srv/_new_mqtt2_ros_bridge.py'...
[7.615s] Compiling '/home/user/astra_ihm_frontend/ros/install/mqtt_client_interfaces/lib/python3.10/site-packages/mqtt_client_interfaces/srv/_new_ros2_mqtt_bridge.py'...
[7.619s] -- Installing: /home/user/astra_ihm_frontend/ros/install/mqtt_client_interfaces/lib/libmqtt_client_interfaces__rosidl_generator_py.so
[7.619s] -- Set runtime path of "/home/user/astra_ihm_frontend/ros/install/mqtt_client_interfaces/lib/libmqtt_client_interfaces__rosidl_generator_py.so" to ""
[7.619s] -- Installing: /home/user/astra_ihm_frontend/ros/install/mqtt_client_interfaces/share/mqtt_client_interfaces/cmake/export_mqtt_client_interfaces__rosidl_generator_cExport.cmake
[7.619s] -- Installing: /home/user/astra_ihm_frontend/ros/install/mqtt_client_interfaces/share/mqtt_client_interfaces/cmake/export_mqtt_client_interfaces__rosidl_generator_cExport-noconfig.cmake
[7.619s] -- Installing: /home/user/astra_ihm_frontend/ros/install/mqtt_client_interfaces/share/mqtt_client_interfaces/cmake/export_mqtt_client_interfaces__rosidl_typesupport_fastrtps_cExport.cmake
[7.619s] -- Installing: /home/user/astra_ihm_frontend/ros/install/mqtt_client_interfaces/share/mqtt_client_interfaces/cmake/export_mqtt_client_interfaces__rosidl_typesupport_fastrtps_cExport-noconfig.cmake
[7.619s] -- Installing: /home/user/astra_ihm_frontend/ros/install/mqtt_client_interfaces/share/mqtt_client_interfaces/cmake/mqtt_client_interfaces__rosidl_typesupport_introspection_cExport.cmake
[7.619s] -- Installing: /home/user/astra_ihm_frontend/ros/install/mqtt_client_interfaces/share/mqtt_client_interfaces/cmake/mqtt_client_interfaces__rosidl_typesupport_introspection_cExport-noconfig.cmake
[7.619s] -- Installing: /home/user/astra_ihm_frontend/ros/install/mqtt_client_interfaces/share/mqtt_client_interfaces/cmake/mqtt_client_interfaces__rosidl_typesupport_cExport.cmake
[7.619s] -- Installing: /home/user/astra_ihm_frontend/ros/install/mqtt_client_interfaces/share/mqtt_client_interfaces/cmake/mqtt_client_interfaces__rosidl_typesupport_cExport-noconfig.cmake
[7.619s] -- Installing: /home/user/astra_ihm_frontend/ros/install/mqtt_client_interfaces/share/mqtt_client_interfaces/cmake/export_mqtt_client_interfaces__rosidl_generator_cppExport.cmake
[7.619s] -- Installing: /home/user/astra_ihm_frontend/ros/install/mqtt_client_interfaces/share/mqtt_client_interfaces/cmake/export_mqtt_client_interfaces__rosidl_typesupport_fastrtps_cppExport.cmake
[7.619s] -- Installing: /home/user/astra_ihm_frontend/ros/install/mqtt_client_interfaces/share/mqtt_client_interfaces/cmake/export_mqtt_client_interfaces__rosidl_typesupport_fastrtps_cppExport-noconfig.cmake
[7.619s] -- Installing: /home/user/astra_ihm_frontend/ros/install/mqtt_client_interfaces/share/mqtt_client_interfaces/cmake/mqtt_client_interfaces__rosidl_typesupport_introspection_cppExport.cmake
[7.620s] -- Installing: /home/user/astra_ihm_frontend/ros/install/mqtt_client_interfaces/share/mqtt_client_interfaces/cmake/mqtt_client_interfaces__rosidl_typesupport_introspection_cppExport-noconfig.cmake
[7.620s] -- Installing: /home/user/astra_ihm_frontend/ros/install/mqtt_client_interfaces/share/mqtt_client_interfaces/cmake/mqtt_client_interfaces__rosidl_typesupport_cppExport.cmake
[7.620s] -- Installing: /home/user/astra_ihm_frontend/ros/install/mqtt_client_interfaces/share/mqtt_client_interfaces/cmake/mqtt_client_interfaces__rosidl_typesupport_cppExport-noconfig.cmake
[7.620s] -- Installing: /home/user/astra_ihm_frontend/ros/install/mqtt_client_interfaces/share/mqtt_client_interfaces/cmake/export_mqtt_client_interfaces__rosidl_generator_pyExport.cmake
[7.620s] -- Installing: /home/user/astra_ihm_frontend/ros/install/mqtt_client_interfaces/share/mqtt_client_interfaces/cmake/export_mqtt_client_interfaces__rosidl_generator_pyExport-noconfig.cmake
[7.622s] Invoked command in '/home/user/astra_ihm_frontend/ros/build/mqtt_client_interfaces' returned '0': CMAKE_PREFIX_PATH=${CMAKE_PREFIX_PATH}:/home/user/segway_ws/install/segway_waypoint_follower:/home/user/astra/ros2/install/semantic_sensor:/home/user/astra/ros2/install/elevation_mapping_cupy:/home/user/astra/ros2/install/astra_service:/home/user/astra/ros2/install/astra_rqt_plugin:/home/user/elevation_mapping_cupy/install/semantic_sensor:/opt/ros/iron /usr/bin/cmake --install /home/user/astra_ihm_frontend/ros/build/mqtt_client_interfaces
