-- The C compiler identification is GNU 11.4.0
-- The CXX compiler identification is GNU 11.4.0
-- Detecting C compiler ABI info
-- Detecting C compiler ABI info - done
-- Check for working C compiler: /usr/bin/cc - skipped
-- Detecting C compile features
-- Detecting C compile features - done
-- Detecting CXX compiler ABI info
-- Detecting CXX compiler ABI info - done
-- Check for working CXX compiler: /usr/bin/c++ - skipped
-- Detecting CXX compile features
-- Detecting CXX compile features - done
-- Found ament_cmake: 2.0.7 (/opt/ros/iron/share/ament_cmake/cmake)
-- Found Python3: /usr/bin/python3.10 (found version "3.10.12") found components: Interpreter 
-- Override CMake install command with custom implementation using symlinks instead of copying resources
-- Found rclcpp: 21.0.8 (/opt/ros/iron/share/rclcpp/cmake)
-- Found rosidl_generator_c: 4.0.1 (/opt/ros/iron/share/rosidl_generator_c/cmake)
-- Found rosidl_generator_cpp: 4.0.1 (/opt/ros/iron/share/rosidl_generator_cpp/cmake)
-- Using all available rosidl_typesupport_c: rosidl_typesupport_fastrtps_c;rosidl_typesupport_introspection_c
-- Using all available rosidl_typesupport_cpp: rosidl_typesupport_fastrtps_cpp;rosidl_typesupport_introspection_cpp
-- Found rmw_implementation_cmake: 7.1.0 (/opt/ros/iron/share/rmw_implementation_cmake/cmake)
-- Found rmw_fastrtps_cpp: 7.1.4 (/opt/ros/iron/share/rmw_fastrtps_cpp/cmake)
-- Found OpenSSL: /usr/lib/x86_64-linux-gnu/libcrypto.so (found version "3.0.2")  
-- Found FastRTPS: /opt/ros/iron/include  
-- Using RMW implementation 'rmw_fastrtps_cpp' as default
-- Found std_msgs: 5.0.1 (/opt/ros/iron/share/std_msgs/cmake)
-- Found rclpy: 4.1.7 (/opt/ros/iron/share/rclpy/cmake)
-- Found ament_lint_auto: 0.14.4 (/opt/ros/iron/share/ament_lint_auto/cmake)
-- Added test 'lint_cmake' to check CMake code style
-- Added test 'xmllint' to check XML markup files
-- Configuring done
-- Generating done
-- Build files have been written to: /home/user/astra_ihm_frontend/ros/build/astra_pcc
-- Install configuration: ""
-- Execute custom install script
-- Symlinking: /home/user/astra_ihm_frontend/ros/install/astra_pcc/share/astra_pcc//launch/joy_teleop.launch.xml
-- Symlinking: /home/user/astra_ihm_frontend/ros/install/astra_pcc/share/astra_pcc//launch/main.launch.xml
-- Symlinking: /home/user/astra_ihm_frontend/ros/install/astra_pcc/share/astra_pcc//launch/standalone_mqtt.launch.ros2.xml
-- Symlinking: /home/user/astra_ihm_frontend/ros/install/astra_pcc/share/astra_pcc//config/joy.yaml
-- Symlinking: /home/user/astra_ihm_frontend/ros/install/astra_pcc/share/astra_pcc//config/params_mqtt.ros2.yaml
-- Symlinking: /home/user/astra_ihm_frontend/ros/install/astra_pcc/share/ament_index/resource_index/package_run_dependencies/astra_pcc
-- Symlinking: /home/user/astra_ihm_frontend/ros/install/astra_pcc/share/ament_index/resource_index/parent_prefix_path/astra_pcc
-- Symlinking: /home/user/astra_ihm_frontend/ros/install/astra_pcc/share/astra_pcc/environment/ament_prefix_path.sh
-- Symlinking: /home/user/astra_ihm_frontend/ros/install/astra_pcc/share/astra_pcc/environment/ament_prefix_path.dsv
-- Symlinking: /home/user/astra_ihm_frontend/ros/install/astra_pcc/share/astra_pcc/environment/path.sh
-- Symlinking: /home/user/astra_ihm_frontend/ros/install/astra_pcc/share/astra_pcc/environment/path.dsv
-- Symlinking: /home/user/astra_ihm_frontend/ros/install/astra_pcc/share/astra_pcc/local_setup.bash
-- Symlinking: /home/user/astra_ihm_frontend/ros/install/astra_pcc/share/astra_pcc/local_setup.sh
-- Symlinking: /home/user/astra_ihm_frontend/ros/install/astra_pcc/share/astra_pcc/local_setup.zsh
-- Symlinking: /home/user/astra_ihm_frontend/ros/install/astra_pcc/share/astra_pcc/local_setup.dsv
-- Symlinking: /home/user/astra_ihm_frontend/ros/install/astra_pcc/share/astra_pcc/package.dsv
-- Symlinking: /home/user/astra_ihm_frontend/ros/install/astra_pcc/share/ament_index/resource_index/packages/astra_pcc
-- Symlinking: /home/user/astra_ihm_frontend/ros/install/astra_pcc/share/astra_pcc/cmake/astra_pccConfig.cmake
-- Symlinking: /home/user/astra_ihm_frontend/ros/install/astra_pcc/share/astra_pcc/cmake/astra_pccConfig-version.cmake
-- Symlinking: /home/user/astra_ihm_frontend/ros/install/astra_pcc/share/astra_pcc/package.xml
