[0.103s] DEBUG:colcon:Command line arguments: ['/usr/bin/colcon', 'build', '--symlink-install']
[0.103s] DEBUG:colcon:Parsed command line arguments: Namespace(log_base=None, log_level=None, verb_name='build', build_base='build', install_base='install', merge_install=False, symlink_install=True, test_result_base=None, continue_on_error=False, executor='parallel', parallel_workers=20, event_handlers=None, ignore_user_meta=False, metas=['./colcon.meta'], base_paths=['.'], packages_ignore=None, packages_ignore_regex=None, paths=None, packages_up_to=None, packages_up_to_regex=None, packages_above=None, packages_above_and_dependencies=None, packages_above_depth=None, packages_select_by_dep=None, packages_skip_by_dep=None, packages_skip_up_to=None, packages_select_build_failed=False, packages_skip_build_finished=False, packages_select_test_failures=False, packages_skip_test_passed=False, packages_select=None, packages_skip=None, packages_select_regex=None, packages_skip_regex=None, packages_start=None, packages_end=None, allow_overriding=[], cmake_args=None, cmake_target=None, cmake_target_skip_unavailable=False, cmake_clean_cache=False, cmake_clean_first=False, cmake_force_configure=False, ament_cmake_args=None, catkin_cmake_args=None, catkin_skip_building_tests=False, mixin_files=None, mixin=None, verb_parser=<colcon_mixin.mixin.mixin_argument.MixinArgumentDecorator object at 0x72cc2cba9d50>, verb_extension=<colcon_core.verb.build.BuildVerb object at 0x72cc2cba90f0>, main=<bound method BuildVerb.main of <colcon_core.verb.build.BuildVerb object at 0x72cc2cba90f0>>, mixin_verb=('build',))
[0.292s] Level 1:colcon.colcon_core.package_discovery:discover_packages(colcon_meta) check parameters
[0.292s] Level 1:colcon.colcon_core.package_discovery:discover_packages(recursive) check parameters
[0.292s] Level 1:colcon.colcon_core.package_discovery:discover_packages(ignore) check parameters
[0.292s] Level 1:colcon.colcon_core.package_discovery:discover_packages(path) check parameters
[0.292s] Level 1:colcon.colcon_core.package_discovery:discover_packages(colcon_meta) discover
[0.292s] Level 1:colcon.colcon_core.package_discovery:discover_packages(recursive) discover
[0.292s] INFO:colcon.colcon_core.package_discovery:Crawling recursively for packages in '/home/user/astra_ihm_frontend/ros'
[0.292s] Level 1:colcon.colcon_core.package_identification:_identify(.) by extensions ['ignore', 'ignore_ament_install']
[0.292s] Level 1:colcon.colcon_core.package_identification:_identify(.) by extension 'ignore'
[0.293s] Level 1:colcon.colcon_core.package_identification:_identify(.) by extension 'ignore_ament_install'
[0.293s] Level 1:colcon.colcon_core.package_identification:_identify(.) by extensions ['colcon_pkg']
[0.293s] Level 1:colcon.colcon_core.package_identification:_identify(.) by extension 'colcon_pkg'
[0.293s] Level 1:colcon.colcon_core.package_identification:_identify(.) by extensions ['colcon_meta']
[0.293s] Level 1:colcon.colcon_core.package_identification:_identify(.) by extension 'colcon_meta'
[0.293s] Level 1:colcon.colcon_core.package_identification:_identify(.) by extensions ['ros']
[0.293s] Level 1:colcon.colcon_core.package_identification:_identify(.) by extension 'ros'
[0.312s] Level 1:colcon.colcon_core.package_identification:_identify(.) by extensions ['cmake', 'python']
[0.312s] Level 1:colcon.colcon_core.package_identification:_identify(.) by extension 'cmake'
[0.312s] Level 1:colcon.colcon_core.package_identification:_identify(.) by extension 'python'
[0.312s] Level 1:colcon.colcon_core.package_identification:_identify(.) by extensions ['python_setup_py']
[0.312s] Level 1:colcon.colcon_core.package_identification:_identify(.) by extension 'python_setup_py'
[0.312s] Level 1:colcon.colcon_core.package_identification:_identify(build) by extensions ['ignore', 'ignore_ament_install']
[0.312s] Level 1:colcon.colcon_core.package_identification:_identify(build) by extension 'ignore'
[0.312s] Level 1:colcon.colcon_core.package_identification:_identify(build) ignored
[0.312s] Level 1:colcon.colcon_core.package_identification:_identify(install) by extensions ['ignore', 'ignore_ament_install']
[0.312s] Level 1:colcon.colcon_core.package_identification:_identify(install) by extension 'ignore'
[0.312s] Level 1:colcon.colcon_core.package_identification:_identify(install) ignored
[0.312s] Level 1:colcon.colcon_core.package_identification:_identify(log) by extensions ['ignore', 'ignore_ament_install']
[0.312s] Level 1:colcon.colcon_core.package_identification:_identify(log) by extension 'ignore'
[0.312s] Level 1:colcon.colcon_core.package_identification:_identify(log) ignored
[0.312s] Level 1:colcon.colcon_core.package_identification:_identify(src) by extensions ['ignore', 'ignore_ament_install']
[0.312s] Level 1:colcon.colcon_core.package_identification:_identify(src) by extension 'ignore'
[0.312s] Level 1:colcon.colcon_core.package_identification:_identify(src) by extension 'ignore_ament_install'
[0.312s] Level 1:colcon.colcon_core.package_identification:_identify(src) by extensions ['colcon_pkg']
[0.312s] Level 1:colcon.colcon_core.package_identification:_identify(src) by extension 'colcon_pkg'
[0.312s] Level 1:colcon.colcon_core.package_identification:_identify(src) by extensions ['colcon_meta']
[0.312s] Level 1:colcon.colcon_core.package_identification:_identify(src) by extension 'colcon_meta'
[0.312s] Level 1:colcon.colcon_core.package_identification:_identify(src) by extensions ['ros']
[0.312s] Level 1:colcon.colcon_core.package_identification:_identify(src) by extension 'ros'
[0.312s] Level 1:colcon.colcon_core.package_identification:_identify(src) by extensions ['cmake', 'python']
[0.313s] Level 1:colcon.colcon_core.package_identification:_identify(src) by extension 'cmake'
[0.313s] Level 1:colcon.colcon_core.package_identification:_identify(src) by extension 'python'
[0.313s] Level 1:colcon.colcon_core.package_identification:_identify(src) by extensions ['python_setup_py']
[0.313s] Level 1:colcon.colcon_core.package_identification:_identify(src) by extension 'python_setup_py'
[0.313s] Level 1:colcon.colcon_core.package_identification:_identify(src/astra_pcc) by extensions ['ignore', 'ignore_ament_install']
[0.313s] Level 1:colcon.colcon_core.package_identification:_identify(src/astra_pcc) by extension 'ignore'
[0.313s] Level 1:colcon.colcon_core.package_identification:_identify(src/astra_pcc) by extension 'ignore_ament_install'
[0.313s] Level 1:colcon.colcon_core.package_identification:_identify(src/astra_pcc) by extensions ['colcon_pkg']
[0.313s] Level 1:colcon.colcon_core.package_identification:_identify(src/astra_pcc) by extension 'colcon_pkg'
[0.313s] Level 1:colcon.colcon_core.package_identification:_identify(src/astra_pcc) by extensions ['colcon_meta']
[0.313s] Level 1:colcon.colcon_core.package_identification:_identify(src/astra_pcc) by extension 'colcon_meta'
[0.313s] Level 1:colcon.colcon_core.package_identification:_identify(src/astra_pcc) by extensions ['ros']
[0.313s] Level 1:colcon.colcon_core.package_identification:_identify(src/astra_pcc) by extension 'ros'
[0.315s] DEBUG:colcon.colcon_core.package_identification:Package 'src/astra_pcc' with type 'ros.ament_cmake' and name 'astra_pcc'
[0.315s] Level 1:colcon.colcon_core.package_identification:_identify(src/mqtt_client) by extensions ['ignore', 'ignore_ament_install']
[0.316s] Level 1:colcon.colcon_core.package_identification:_identify(src/mqtt_client) by extension 'ignore'
[0.316s] Level 1:colcon.colcon_core.package_identification:_identify(src/mqtt_client) by extension 'ignore_ament_install'
[0.316s] Level 1:colcon.colcon_core.package_identification:_identify(src/mqtt_client) by extensions ['colcon_pkg']
[0.316s] Level 1:colcon.colcon_core.package_identification:_identify(src/mqtt_client) by extension 'colcon_pkg'
[0.316s] Level 1:colcon.colcon_core.package_identification:_identify(src/mqtt_client) by extensions ['colcon_meta']
[0.316s] Level 1:colcon.colcon_core.package_identification:_identify(src/mqtt_client) by extension 'colcon_meta'
[0.316s] Level 1:colcon.colcon_core.package_identification:_identify(src/mqtt_client) by extensions ['ros']
[0.316s] Level 1:colcon.colcon_core.package_identification:_identify(src/mqtt_client) by extension 'ros'
[0.316s] Level 1:colcon.colcon_core.package_identification:_identify(src/mqtt_client) by extensions ['cmake', 'python']
[0.316s] Level 1:colcon.colcon_core.package_identification:_identify(src/mqtt_client) by extension 'cmake'
[0.316s] Level 1:colcon.colcon_core.package_identification:_identify(src/mqtt_client) by extension 'python'
[0.316s] Level 1:colcon.colcon_core.package_identification:_identify(src/mqtt_client) by extensions ['python_setup_py']
[0.316s] Level 1:colcon.colcon_core.package_identification:_identify(src/mqtt_client) by extension 'python_setup_py'
[0.316s] Level 1:colcon.colcon_core.package_identification:_identify(src/mqtt_client/mqtt_client) by extensions ['ignore', 'ignore_ament_install']
[0.316s] Level 1:colcon.colcon_core.package_identification:_identify(src/mqtt_client/mqtt_client) by extension 'ignore'
[0.316s] Level 1:colcon.colcon_core.package_identification:_identify(src/mqtt_client/mqtt_client) by extension 'ignore_ament_install'
[0.316s] Level 1:colcon.colcon_core.package_identification:_identify(src/mqtt_client/mqtt_client) by extensions ['colcon_pkg']
[0.316s] Level 1:colcon.colcon_core.package_identification:_identify(src/mqtt_client/mqtt_client) by extension 'colcon_pkg'
[0.316s] Level 1:colcon.colcon_core.package_identification:_identify(src/mqtt_client/mqtt_client) by extensions ['colcon_meta']
[0.316s] Level 1:colcon.colcon_core.package_identification:_identify(src/mqtt_client/mqtt_client) by extension 'colcon_meta'
[0.316s] Level 1:colcon.colcon_core.package_identification:_identify(src/mqtt_client/mqtt_client) by extensions ['ros']
[0.316s] Level 1:colcon.colcon_core.package_identification:_identify(src/mqtt_client/mqtt_client) by extension 'ros'
[0.323s] DEBUG:colcon.colcon_core.package_identification:Package 'src/mqtt_client/mqtt_client' with type 'ros.ament_cmake' and name 'mqtt_client'
[0.323s] Level 1:colcon.colcon_core.package_identification:_identify(src/mqtt_client/mqtt_client_interfaces) by extensions ['ignore', 'ignore_ament_install']
[0.323s] Level 1:colcon.colcon_core.package_identification:_identify(src/mqtt_client/mqtt_client_interfaces) by extension 'ignore'
[0.324s] Level 1:colcon.colcon_core.package_identification:_identify(src/mqtt_client/mqtt_client_interfaces) by extension 'ignore_ament_install'
[0.324s] Level 1:colcon.colcon_core.package_identification:_identify(src/mqtt_client/mqtt_client_interfaces) by extensions ['colcon_pkg']
[0.324s] Level 1:colcon.colcon_core.package_identification:_identify(src/mqtt_client/mqtt_client_interfaces) by extension 'colcon_pkg'
[0.324s] Level 1:colcon.colcon_core.package_identification:_identify(src/mqtt_client/mqtt_client_interfaces) by extensions ['colcon_meta']
[0.324s] Level 1:colcon.colcon_core.package_identification:_identify(src/mqtt_client/mqtt_client_interfaces) by extension 'colcon_meta'
[0.324s] Level 1:colcon.colcon_core.package_identification:_identify(src/mqtt_client/mqtt_client_interfaces) by extensions ['ros']
[0.324s] Level 1:colcon.colcon_core.package_identification:_identify(src/mqtt_client/mqtt_client_interfaces) by extension 'ros'
[0.327s] DEBUG:colcon.colcon_core.package_identification:Package 'src/mqtt_client/mqtt_client_interfaces' with type 'ros.ament_cmake' and name 'mqtt_client_interfaces'
[0.327s] Level 1:colcon.colcon_core.package_discovery:discover_packages(recursive) using defaults
[0.327s] Level 1:colcon.colcon_core.package_discovery:discover_packages(ignore) discover
[0.327s] Level 1:colcon.colcon_core.package_discovery:discover_packages(ignore) using defaults
[0.327s] Level 1:colcon.colcon_core.package_discovery:discover_packages(path) discover
[0.327s] Level 1:colcon.colcon_core.package_discovery:discover_packages(path) using defaults
[0.346s] Level 1:colcon.colcon_core.package_discovery:discover_packages(prefix_path) check parameters
[0.346s] Level 1:colcon.colcon_core.package_discovery:discover_packages(prefix_path) discover
[0.347s] WARNING:colcon.colcon_ros.prefix_path.ament:The path '/home/user/astra_ihm_frontend/ros/install/astra_pcc' in the environment variable AMENT_PREFIX_PATH doesn't exist
[0.348s] WARNING:colcon.colcon_ros.prefix_path.catkin:The path '/home/user/astra_ihm_frontend/ros/install/astra_pcc' in the environment variable CMAKE_PREFIX_PATH doesn't exist
[0.349s] DEBUG:colcon.colcon_installed_package_information.package_discovery:Found 0 installed packages in /home/user/astra_ihm_frontend/ros/install
[0.349s] DEBUG:colcon.colcon_installed_package_information.package_discovery:Found 8 installed packages in /home/user/segway_ws/install
[0.350s] DEBUG:colcon.colcon_installed_package_information.package_discovery:Found 15 installed packages in /home/user/astra/ros2/install
[0.350s] DEBUG:colcon.colcon_installed_package_information.package_discovery:Found 3 installed packages in /home/user/elevation_mapping_cupy/install
[0.351s] DEBUG:colcon.colcon_installed_package_information.package_discovery:Found 425 installed packages in /opt/ros/iron
[0.352s] Level 1:colcon.colcon_core.package_discovery:discover_packages(prefix_path) using defaults
[0.395s] Level 5:colcon.colcon_core.verb:set package 'astra_pcc' build argument 'cmake_args' from command line to 'None'
[0.395s] Level 5:colcon.colcon_core.verb:set package 'astra_pcc' build argument 'cmake_target' from command line to 'None'
[0.395s] Level 5:colcon.colcon_core.verb:set package 'astra_pcc' build argument 'cmake_target_skip_unavailable' from command line to 'False'
[0.395s] Level 5:colcon.colcon_core.verb:set package 'astra_pcc' build argument 'cmake_clean_cache' from command line to 'False'
[0.395s] Level 5:colcon.colcon_core.verb:set package 'astra_pcc' build argument 'cmake_clean_first' from command line to 'False'
[0.395s] Level 5:colcon.colcon_core.verb:set package 'astra_pcc' build argument 'cmake_force_configure' from command line to 'False'
[0.395s] Level 5:colcon.colcon_core.verb:set package 'astra_pcc' build argument 'ament_cmake_args' from command line to 'None'
[0.395s] Level 5:colcon.colcon_core.verb:set package 'astra_pcc' build argument 'catkin_cmake_args' from command line to 'None'
[0.395s] Level 5:colcon.colcon_core.verb:set package 'astra_pcc' build argument 'catkin_skip_building_tests' from command line to 'False'
[0.395s] DEBUG:colcon.colcon_core.verb:Building package 'astra_pcc' with the following arguments: {'ament_cmake_args': None, 'build_base': '/home/user/astra_ihm_frontend/ros/build/astra_pcc', 'catkin_cmake_args': None, 'catkin_skip_building_tests': False, 'cmake_args': None, 'cmake_clean_cache': False, 'cmake_clean_first': False, 'cmake_force_configure': False, 'cmake_target': None, 'cmake_target_skip_unavailable': False, 'install_base': '/home/user/astra_ihm_frontend/ros/install/astra_pcc', 'merge_install': False, 'path': '/home/user/astra_ihm_frontend/ros/src/astra_pcc', 'symlink_install': True, 'test_result_base': None}
[0.396s] Level 5:colcon.colcon_core.verb:set package 'mqtt_client_interfaces' build argument 'cmake_args' from command line to 'None'
[0.396s] Level 5:colcon.colcon_core.verb:set package 'mqtt_client_interfaces' build argument 'cmake_target' from command line to 'None'
[0.396s] Level 5:colcon.colcon_core.verb:set package 'mqtt_client_interfaces' build argument 'cmake_target_skip_unavailable' from command line to 'False'
[0.396s] Level 5:colcon.colcon_core.verb:set package 'mqtt_client_interfaces' build argument 'cmake_clean_cache' from command line to 'False'
[0.396s] Level 5:colcon.colcon_core.verb:set package 'mqtt_client_interfaces' build argument 'cmake_clean_first' from command line to 'False'
[0.396s] Level 5:colcon.colcon_core.verb:set package 'mqtt_client_interfaces' build argument 'cmake_force_configure' from command line to 'False'
[0.396s] Level 5:colcon.colcon_core.verb:set package 'mqtt_client_interfaces' build argument 'ament_cmake_args' from command line to 'None'
[0.396s] Level 5:colcon.colcon_core.verb:set package 'mqtt_client_interfaces' build argument 'catkin_cmake_args' from command line to 'None'
[0.396s] Level 5:colcon.colcon_core.verb:set package 'mqtt_client_interfaces' build argument 'catkin_skip_building_tests' from command line to 'False'
[0.396s] DEBUG:colcon.colcon_core.verb:Building package 'mqtt_client_interfaces' with the following arguments: {'ament_cmake_args': None, 'build_base': '/home/user/astra_ihm_frontend/ros/build/mqtt_client_interfaces', 'catkin_cmake_args': None, 'catkin_skip_building_tests': False, 'cmake_args': None, 'cmake_clean_cache': False, 'cmake_clean_first': False, 'cmake_force_configure': False, 'cmake_target': None, 'cmake_target_skip_unavailable': False, 'install_base': '/home/user/astra_ihm_frontend/ros/install/mqtt_client_interfaces', 'merge_install': False, 'path': '/home/user/astra_ihm_frontend/ros/src/mqtt_client/mqtt_client_interfaces', 'symlink_install': True, 'test_result_base': None}
[0.396s] Level 5:colcon.colcon_core.verb:set package 'mqtt_client' build argument 'cmake_args' from command line to 'None'
[0.396s] Level 5:colcon.colcon_core.verb:set package 'mqtt_client' build argument 'cmake_target' from command line to 'None'
[0.396s] Level 5:colcon.colcon_core.verb:set package 'mqtt_client' build argument 'cmake_target_skip_unavailable' from command line to 'False'
[0.396s] Level 5:colcon.colcon_core.verb:set package 'mqtt_client' build argument 'cmake_clean_cache' from command line to 'False'
[0.396s] Level 5:colcon.colcon_core.verb:set package 'mqtt_client' build argument 'cmake_clean_first' from command line to 'False'
[0.396s] Level 5:colcon.colcon_core.verb:set package 'mqtt_client' build argument 'cmake_force_configure' from command line to 'False'
[0.396s] Level 5:colcon.colcon_core.verb:set package 'mqtt_client' build argument 'ament_cmake_args' from command line to 'None'
[0.396s] Level 5:colcon.colcon_core.verb:set package 'mqtt_client' build argument 'catkin_cmake_args' from command line to 'None'
[0.396s] Level 5:colcon.colcon_core.verb:set package 'mqtt_client' build argument 'catkin_skip_building_tests' from command line to 'False'
[0.396s] DEBUG:colcon.colcon_core.verb:Building package 'mqtt_client' with the following arguments: {'ament_cmake_args': None, 'build_base': '/home/user/astra_ihm_frontend/ros/build/mqtt_client', 'catkin_cmake_args': None, 'catkin_skip_building_tests': False, 'cmake_args': None, 'cmake_clean_cache': False, 'cmake_clean_first': False, 'cmake_force_configure': False, 'cmake_target': None, 'cmake_target_skip_unavailable': False, 'install_base': '/home/user/astra_ihm_frontend/ros/install/mqtt_client', 'merge_install': False, 'path': '/home/user/astra_ihm_frontend/ros/src/mqtt_client/mqtt_client', 'symlink_install': True, 'test_result_base': None}
[0.396s] INFO:colcon.colcon_core.executor:Executing jobs using 'parallel' executor
[0.397s] DEBUG:colcon.colcon_parallel_executor.executor.parallel:run_until_complete
[0.397s] INFO:colcon.colcon_ros.task.ament_cmake.build:Building ROS package in '/home/user/astra_ihm_frontend/ros/src/mqtt_client/mqtt_client_interfaces' with build type 'ament_cmake'
[0.397s] INFO:colcon.colcon_cmake.task.cmake.build:Building CMake package in '/home/user/astra_ihm_frontend/ros/src/mqtt_client/mqtt_client_interfaces'
[0.400s] INFO:colcon.colcon_core.plugin_system:Skipping extension 'colcon_core.shell.bat': Not used on non-Windows systems
[0.400s] INFO:colcon.colcon_core.shell:Skip shell extension 'powershell' for command environment: Not usable outside of PowerShell
[0.400s] DEBUG:colcon.colcon_core.shell:Skip shell extension 'dsv' for command environment
[0.404s] INFO:colcon.colcon_ros.task.ament_cmake.build:Building ROS package in '/home/user/astra_ihm_frontend/ros/src/astra_pcc' with build type 'ament_cmake'
[0.404s] INFO:colcon.colcon_cmake.task.cmake.build:Building CMake package in '/home/user/astra_ihm_frontend/ros/src/astra_pcc'
[0.404s] INFO:colcon.colcon_core.shell:Skip shell extension 'powershell' for command environment: Not usable outside of PowerShell
[0.404s] DEBUG:colcon.colcon_core.shell:Skip shell extension 'dsv' for command environment
[0.411s] DEBUG:colcon.colcon_core.event_handler.log_command:Invoking command in '/home/user/astra_ihm_frontend/ros/build/mqtt_client_interfaces': CMAKE_PREFIX_PATH=${CMAKE_PREFIX_PATH}:/home/user/segway_ws/install/segway_waypoint_follower:/home/user/astra/ros2/install/semantic_sensor:/home/user/astra/ros2/install/elevation_mapping_cupy:/home/user/astra/ros2/install/astra_service:/home/user/astra/ros2/install/astra_rqt_plugin:/home/user/elevation_mapping_cupy/install/semantic_sensor:/opt/ros/iron /usr/bin/cmake /home/user/astra_ihm_frontend/ros/src/mqtt_client/mqtt_client_interfaces -DAMENT_CMAKE_SYMLINK_INSTALL=1 -DCMAKE_INSTALL_PREFIX=/home/user/astra_ihm_frontend/ros/install/mqtt_client_interfaces
[0.413s] DEBUG:colcon.colcon_core.event_handler.log_command:Invoking command in '/home/user/astra_ihm_frontend/ros/build/astra_pcc': CMAKE_PREFIX_PATH=${CMAKE_PREFIX_PATH}:/home/user/segway_ws/install/segway_waypoint_follower:/home/user/astra/ros2/install/semantic_sensor:/home/user/astra/ros2/install/elevation_mapping_cupy:/home/user/astra/ros2/install/astra_service:/home/user/astra/ros2/install/astra_rqt_plugin:/home/user/elevation_mapping_cupy/install/semantic_sensor:/opt/ros/iron /usr/bin/cmake /home/user/astra_ihm_frontend/ros/src/astra_pcc -DAMENT_CMAKE_SYMLINK_INSTALL=1 -DCMAKE_INSTALL_PREFIX=/home/user/astra_ihm_frontend/ros/install/astra_pcc
[1.812s] DEBUG:colcon.colcon_core.event_handler.log_command:Invoked command in '/home/user/astra_ihm_frontend/ros/build/astra_pcc' returned '0': CMAKE_PREFIX_PATH=${CMAKE_PREFIX_PATH}:/home/user/segway_ws/install/segway_waypoint_follower:/home/user/astra/ros2/install/semantic_sensor:/home/user/astra/ros2/install/elevation_mapping_cupy:/home/user/astra/ros2/install/astra_service:/home/user/astra/ros2/install/astra_rqt_plugin:/home/user/elevation_mapping_cupy/install/semantic_sensor:/opt/ros/iron /usr/bin/cmake /home/user/astra_ihm_frontend/ros/src/astra_pcc -DAMENT_CMAKE_SYMLINK_INSTALL=1 -DCMAKE_INSTALL_PREFIX=/home/user/astra_ihm_frontend/ros/install/astra_pcc
[1.815s] DEBUG:colcon.colcon_core.event_handler.log_command:Invoking command in '/home/user/astra_ihm_frontend/ros/build/astra_pcc': CMAKE_PREFIX_PATH=${CMAKE_PREFIX_PATH}:/home/user/segway_ws/install/segway_waypoint_follower:/home/user/astra/ros2/install/semantic_sensor:/home/user/astra/ros2/install/elevation_mapping_cupy:/home/user/astra/ros2/install/astra_service:/home/user/astra/ros2/install/astra_rqt_plugin:/home/user/elevation_mapping_cupy/install/semantic_sensor:/opt/ros/iron /usr/bin/cmake --build /home/user/astra_ihm_frontend/ros/build/astra_pcc -- -j20 -l20
[1.857s] DEBUG:colcon.colcon_core.event_handler.log_command:Invoked command in '/home/user/astra_ihm_frontend/ros/build/astra_pcc' returned '0': CMAKE_PREFIX_PATH=${CMAKE_PREFIX_PATH}:/home/user/segway_ws/install/segway_waypoint_follower:/home/user/astra/ros2/install/semantic_sensor:/home/user/astra/ros2/install/elevation_mapping_cupy:/home/user/astra/ros2/install/astra_service:/home/user/astra/ros2/install/astra_rqt_plugin:/home/user/elevation_mapping_cupy/install/semantic_sensor:/opt/ros/iron /usr/bin/cmake --build /home/user/astra_ihm_frontend/ros/build/astra_pcc -- -j20 -l20
[1.893s] DEBUG:colcon.colcon_core.event_handler.log_command:Invoking command in '/home/user/astra_ihm_frontend/ros/build/astra_pcc': CMAKE_PREFIX_PATH=${CMAKE_PREFIX_PATH}:/home/user/segway_ws/install/segway_waypoint_follower:/home/user/astra/ros2/install/semantic_sensor:/home/user/astra/ros2/install/elevation_mapping_cupy:/home/user/astra/ros2/install/astra_service:/home/user/astra/ros2/install/astra_rqt_plugin:/home/user/elevation_mapping_cupy/install/semantic_sensor:/opt/ros/iron /usr/bin/cmake --install /home/user/astra_ihm_frontend/ros/build/astra_pcc
[2.073s] Level 1:colcon.colcon_core.environment:create_environment_scripts_only(astra_pcc)
[2.074s] DEBUG:colcon.colcon_core.event_handler.log_command:Invoked command in '/home/user/astra_ihm_frontend/ros/build/astra_pcc' returned '0': CMAKE_PREFIX_PATH=${CMAKE_PREFIX_PATH}:/home/user/segway_ws/install/segway_waypoint_follower:/home/user/astra/ros2/install/semantic_sensor:/home/user/astra/ros2/install/elevation_mapping_cupy:/home/user/astra/ros2/install/astra_service:/home/user/astra/ros2/install/astra_rqt_plugin:/home/user/elevation_mapping_cupy/install/semantic_sensor:/opt/ros/iron /usr/bin/cmake --install /home/user/astra_ihm_frontend/ros/build/astra_pcc
[2.079s] Level 1:colcon.colcon_core.environment:checking '/home/user/astra_ihm_frontend/ros/install/astra_pcc' for CMake module files
[2.079s] Level 1:colcon.colcon_core.environment:checking '/home/user/astra_ihm_frontend/ros/install/astra_pcc' for CMake config files
[2.079s] Level 1:colcon.colcon_core.shell:create_environment_hook('astra_pcc', 'cmake_prefix_path')
[2.079s] INFO:colcon.colcon_core.shell:Creating environment hook '/home/user/astra_ihm_frontend/ros/install/astra_pcc/share/astra_pcc/hook/cmake_prefix_path.ps1'
[2.080s] INFO:colcon.colcon_core.shell:Creating environment descriptor '/home/user/astra_ihm_frontend/ros/install/astra_pcc/share/astra_pcc/hook/cmake_prefix_path.dsv'
[2.080s] INFO:colcon.colcon_core.shell:Creating environment hook '/home/user/astra_ihm_frontend/ros/install/astra_pcc/share/astra_pcc/hook/cmake_prefix_path.sh'
[2.081s] Level 1:colcon.colcon_core.environment:checking '/home/user/astra_ihm_frontend/ros/install/astra_pcc/bin'
[2.081s] Level 1:colcon.colcon_core.environment:checking '/home/user/astra_ihm_frontend/ros/install/astra_pcc/lib/pkgconfig/astra_pcc.pc'
[2.081s] Level 1:colcon.colcon_core.environment:checking '/home/user/astra_ihm_frontend/ros/install/astra_pcc/lib/python3.10/site-packages'
[2.081s] Level 1:colcon.colcon_core.environment:checking '/home/user/astra_ihm_frontend/ros/install/astra_pcc/bin'
[2.082s] INFO:colcon.colcon_core.shell:Creating package script '/home/user/astra_ihm_frontend/ros/install/astra_pcc/share/astra_pcc/package.ps1'
[2.082s] INFO:colcon.colcon_core.shell:Creating package descriptor '/home/user/astra_ihm_frontend/ros/install/astra_pcc/share/astra_pcc/package.dsv'
[2.083s] INFO:colcon.colcon_core.shell:Creating package script '/home/user/astra_ihm_frontend/ros/install/astra_pcc/share/astra_pcc/package.sh'
[2.083s] INFO:colcon.colcon_core.shell:Creating package script '/home/user/astra_ihm_frontend/ros/install/astra_pcc/share/astra_pcc/package.bash'
[2.084s] INFO:colcon.colcon_core.shell:Creating package script '/home/user/astra_ihm_frontend/ros/install/astra_pcc/share/astra_pcc/package.zsh'
[2.085s] Level 1:colcon.colcon_core.environment:create_file_with_runtime_dependencies(/home/user/astra_ihm_frontend/ros/install/astra_pcc/share/colcon-core/packages/astra_pcc)
[2.111s] Level 1:colcon.colcon_core.environment:create_environment_scripts_only(astra_pcc)
[2.111s] Level 1:colcon.colcon_core.environment:checking '/home/user/astra_ihm_frontend/ros/install/astra_pcc' for CMake module files
[2.112s] Level 1:colcon.colcon_core.environment:checking '/home/user/astra_ihm_frontend/ros/install/astra_pcc' for CMake config files
[2.112s] Level 1:colcon.colcon_core.shell:create_environment_hook('astra_pcc', 'cmake_prefix_path')
[2.113s] INFO:colcon.colcon_core.shell:Creating environment hook '/home/user/astra_ihm_frontend/ros/install/astra_pcc/share/astra_pcc/hook/cmake_prefix_path.ps1'
[2.113s] INFO:colcon.colcon_core.shell:Creating environment descriptor '/home/user/astra_ihm_frontend/ros/install/astra_pcc/share/astra_pcc/hook/cmake_prefix_path.dsv'
[2.114s] INFO:colcon.colcon_core.shell:Creating environment hook '/home/user/astra_ihm_frontend/ros/install/astra_pcc/share/astra_pcc/hook/cmake_prefix_path.sh'
[2.114s] Level 1:colcon.colcon_core.environment:checking '/home/user/astra_ihm_frontend/ros/install/astra_pcc/bin'
[2.114s] Level 1:colcon.colcon_core.environment:checking '/home/user/astra_ihm_frontend/ros/install/astra_pcc/lib/pkgconfig/astra_pcc.pc'
[2.115s] Level 1:colcon.colcon_core.environment:checking '/home/user/astra_ihm_frontend/ros/install/astra_pcc/lib/python3.10/site-packages'
[2.115s] Level 1:colcon.colcon_core.environment:checking '/home/user/astra_ihm_frontend/ros/install/astra_pcc/bin'
[2.115s] INFO:colcon.colcon_core.shell:Creating package script '/home/user/astra_ihm_frontend/ros/install/astra_pcc/share/astra_pcc/package.ps1'
[2.116s] INFO:colcon.colcon_core.shell:Creating package descriptor '/home/user/astra_ihm_frontend/ros/install/astra_pcc/share/astra_pcc/package.dsv'
[2.116s] INFO:colcon.colcon_core.shell:Creating package script '/home/user/astra_ihm_frontend/ros/install/astra_pcc/share/astra_pcc/package.sh'
[2.116s] INFO:colcon.colcon_core.shell:Creating package script '/home/user/astra_ihm_frontend/ros/install/astra_pcc/share/astra_pcc/package.bash'
[2.117s] INFO:colcon.colcon_core.shell:Creating package script '/home/user/astra_ihm_frontend/ros/install/astra_pcc/share/astra_pcc/package.zsh'
[2.117s] Level 1:colcon.colcon_core.environment:create_file_with_runtime_dependencies(/home/user/astra_ihm_frontend/ros/install/astra_pcc/share/colcon-core/packages/astra_pcc)
[2.280s] DEBUG:colcon.colcon_core.event_handler.log_command:Invoked command in '/home/user/astra_ihm_frontend/ros/build/mqtt_client_interfaces' returned '0': CMAKE_PREFIX_PATH=${CMAKE_PREFIX_PATH}:/home/user/segway_ws/install/segway_waypoint_follower:/home/user/astra/ros2/install/semantic_sensor:/home/user/astra/ros2/install/elevation_mapping_cupy:/home/user/astra/ros2/install/astra_service:/home/user/astra/ros2/install/astra_rqt_plugin:/home/user/elevation_mapping_cupy/install/semantic_sensor:/opt/ros/iron /usr/bin/cmake /home/user/astra_ihm_frontend/ros/src/mqtt_client/mqtt_client_interfaces -DAMENT_CMAKE_SYMLINK_INSTALL=1 -DCMAKE_INSTALL_PREFIX=/home/user/astra_ihm_frontend/ros/install/mqtt_client_interfaces
[2.281s] DEBUG:colcon.colcon_core.event_handler.log_command:Invoking command in '/home/user/astra_ihm_frontend/ros/build/mqtt_client_interfaces': CMAKE_PREFIX_PATH=${CMAKE_PREFIX_PATH}:/home/user/segway_ws/install/segway_waypoint_follower:/home/user/astra/ros2/install/semantic_sensor:/home/user/astra/ros2/install/elevation_mapping_cupy:/home/user/astra/ros2/install/astra_service:/home/user/astra/ros2/install/astra_rqt_plugin:/home/user/elevation_mapping_cupy/install/semantic_sensor:/opt/ros/iron /usr/bin/cmake --build /home/user/astra_ihm_frontend/ros/build/mqtt_client_interfaces -- -j20 -l20
[6.874s] DEBUG:colcon.colcon_core.event_handler.log_command:Invoked command in '/home/user/astra_ihm_frontend/ros/build/mqtt_client_interfaces' returned '0': CMAKE_PREFIX_PATH=${CMAKE_PREFIX_PATH}:/home/user/segway_ws/install/segway_waypoint_follower:/home/user/astra/ros2/install/semantic_sensor:/home/user/astra/ros2/install/elevation_mapping_cupy:/home/user/astra/ros2/install/astra_service:/home/user/astra/ros2/install/astra_rqt_plugin:/home/user/elevation_mapping_cupy/install/semantic_sensor:/opt/ros/iron /usr/bin/cmake --build /home/user/astra_ihm_frontend/ros/build/mqtt_client_interfaces -- -j20 -l20
[7.043s] DEBUG:colcon.colcon_core.event_handler.log_command:Invoking command in '/home/user/astra_ihm_frontend/ros/build/mqtt_client_interfaces': CMAKE_PREFIX_PATH=${CMAKE_PREFIX_PATH}:/home/user/segway_ws/install/segway_waypoint_follower:/home/user/astra/ros2/install/semantic_sensor:/home/user/astra/ros2/install/elevation_mapping_cupy:/home/user/astra/ros2/install/astra_service:/home/user/astra/ros2/install/astra_rqt_plugin:/home/user/elevation_mapping_cupy/install/semantic_sensor:/opt/ros/iron /usr/bin/cmake --install /home/user/astra_ihm_frontend/ros/build/mqtt_client_interfaces
[8.019s] Level 1:colcon.colcon_core.environment:create_environment_scripts_only(mqtt_client_interfaces)
[8.019s] Level 1:colcon.colcon_core.environment:checking '/home/user/astra_ihm_frontend/ros/install/mqtt_client_interfaces' for CMake module files
[8.019s] DEBUG:colcon.colcon_core.event_handler.log_command:Invoked command in '/home/user/astra_ihm_frontend/ros/build/mqtt_client_interfaces' returned '0': CMAKE_PREFIX_PATH=${CMAKE_PREFIX_PATH}:/home/user/segway_ws/install/segway_waypoint_follower:/home/user/astra/ros2/install/semantic_sensor:/home/user/astra/ros2/install/elevation_mapping_cupy:/home/user/astra/ros2/install/astra_service:/home/user/astra/ros2/install/astra_rqt_plugin:/home/user/elevation_mapping_cupy/install/semantic_sensor:/opt/ros/iron /usr/bin/cmake --install /home/user/astra_ihm_frontend/ros/build/mqtt_client_interfaces
[8.020s] Level 1:colcon.colcon_core.environment:checking '/home/user/astra_ihm_frontend/ros/install/mqtt_client_interfaces' for CMake config files
[8.020s] Level 1:colcon.colcon_core.shell:create_environment_hook('mqtt_client_interfaces', 'cmake_prefix_path')
[8.020s] INFO:colcon.colcon_core.shell:Creating environment hook '/home/user/astra_ihm_frontend/ros/install/mqtt_client_interfaces/share/mqtt_client_interfaces/hook/cmake_prefix_path.ps1'
[8.021s] INFO:colcon.colcon_core.shell:Creating environment descriptor '/home/user/astra_ihm_frontend/ros/install/mqtt_client_interfaces/share/mqtt_client_interfaces/hook/cmake_prefix_path.dsv'
[8.021s] INFO:colcon.colcon_core.shell:Creating environment hook '/home/user/astra_ihm_frontend/ros/install/mqtt_client_interfaces/share/mqtt_client_interfaces/hook/cmake_prefix_path.sh'
[8.021s] Level 1:colcon.colcon_core.environment:checking '/home/user/astra_ihm_frontend/ros/install/mqtt_client_interfaces/lib'
[8.021s] Level 1:colcon.colcon_core.shell:create_environment_hook('mqtt_client_interfaces', 'ld_library_path_lib')
[8.021s] INFO:colcon.colcon_core.shell:Creating environment hook '/home/user/astra_ihm_frontend/ros/install/mqtt_client_interfaces/share/mqtt_client_interfaces/hook/ld_library_path_lib.ps1'
[8.022s] INFO:colcon.colcon_core.shell:Creating environment descriptor '/home/user/astra_ihm_frontend/ros/install/mqtt_client_interfaces/share/mqtt_client_interfaces/hook/ld_library_path_lib.dsv'
[8.022s] INFO:colcon.colcon_core.shell:Creating environment hook '/home/user/astra_ihm_frontend/ros/install/mqtt_client_interfaces/share/mqtt_client_interfaces/hook/ld_library_path_lib.sh'
[8.022s] Level 1:colcon.colcon_core.environment:checking '/home/user/astra_ihm_frontend/ros/install/mqtt_client_interfaces/bin'
[8.022s] Level 1:colcon.colcon_core.environment:checking '/home/user/astra_ihm_frontend/ros/install/mqtt_client_interfaces/lib/pkgconfig/mqtt_client_interfaces.pc'
[8.022s] Level 1:colcon.colcon_core.environment:checking '/home/user/astra_ihm_frontend/ros/install/mqtt_client_interfaces/lib/python3.10/site-packages'
[8.022s] Level 1:colcon.colcon_core.shell:create_environment_hook('mqtt_client_interfaces', 'pythonpath')
[8.022s] INFO:colcon.colcon_core.shell:Creating environment hook '/home/user/astra_ihm_frontend/ros/install/mqtt_client_interfaces/share/mqtt_client_interfaces/hook/pythonpath.ps1'
[8.022s] INFO:colcon.colcon_core.shell:Creating environment descriptor '/home/user/astra_ihm_frontend/ros/install/mqtt_client_interfaces/share/mqtt_client_interfaces/hook/pythonpath.dsv'
[8.023s] INFO:colcon.colcon_core.shell:Creating environment hook '/home/user/astra_ihm_frontend/ros/install/mqtt_client_interfaces/share/mqtt_client_interfaces/hook/pythonpath.sh'
[8.023s] Level 1:colcon.colcon_core.environment:checking '/home/user/astra_ihm_frontend/ros/install/mqtt_client_interfaces/bin'
[8.023s] INFO:colcon.colcon_core.shell:Creating package script '/home/user/astra_ihm_frontend/ros/install/mqtt_client_interfaces/share/mqtt_client_interfaces/package.ps1'
[8.023s] INFO:colcon.colcon_core.shell:Creating package descriptor '/home/user/astra_ihm_frontend/ros/install/mqtt_client_interfaces/share/mqtt_client_interfaces/package.dsv'
[8.024s] INFO:colcon.colcon_core.shell:Creating package script '/home/user/astra_ihm_frontend/ros/install/mqtt_client_interfaces/share/mqtt_client_interfaces/package.sh'
[8.024s] INFO:colcon.colcon_core.shell:Creating package script '/home/user/astra_ihm_frontend/ros/install/mqtt_client_interfaces/share/mqtt_client_interfaces/package.bash'
[8.024s] INFO:colcon.colcon_core.shell:Creating package script '/home/user/astra_ihm_frontend/ros/install/mqtt_client_interfaces/share/mqtt_client_interfaces/package.zsh'
[8.024s] Level 1:colcon.colcon_core.environment:create_file_with_runtime_dependencies(/home/user/astra_ihm_frontend/ros/install/mqtt_client_interfaces/share/colcon-core/packages/mqtt_client_interfaces)
[8.168s] Level 1:colcon.colcon_core.environment:create_environment_scripts_only(mqtt_client_interfaces)
[8.168s] Level 1:colcon.colcon_core.environment:checking '/home/user/astra_ihm_frontend/ros/install/mqtt_client_interfaces' for CMake module files
[8.169s] Level 1:colcon.colcon_core.environment:checking '/home/user/astra_ihm_frontend/ros/install/mqtt_client_interfaces' for CMake config files
[8.169s] Level 1:colcon.colcon_core.shell:create_environment_hook('mqtt_client_interfaces', 'cmake_prefix_path')
[8.169s] INFO:colcon.colcon_core.shell:Creating environment hook '/home/user/astra_ihm_frontend/ros/install/mqtt_client_interfaces/share/mqtt_client_interfaces/hook/cmake_prefix_path.ps1'
[8.170s] INFO:colcon.colcon_core.shell:Creating environment descriptor '/home/user/astra_ihm_frontend/ros/install/mqtt_client_interfaces/share/mqtt_client_interfaces/hook/cmake_prefix_path.dsv'
[8.170s] INFO:colcon.colcon_core.shell:Creating environment hook '/home/user/astra_ihm_frontend/ros/install/mqtt_client_interfaces/share/mqtt_client_interfaces/hook/cmake_prefix_path.sh'
[8.170s] Level 1:colcon.colcon_core.environment:checking '/home/user/astra_ihm_frontend/ros/install/mqtt_client_interfaces/lib'
[8.170s] Level 1:colcon.colcon_core.shell:create_environment_hook('mqtt_client_interfaces', 'ld_library_path_lib')
[8.170s] INFO:colcon.colcon_core.shell:Creating environment hook '/home/user/astra_ihm_frontend/ros/install/mqtt_client_interfaces/share/mqtt_client_interfaces/hook/ld_library_path_lib.ps1'
[8.171s] INFO:colcon.colcon_core.shell:Creating environment descriptor '/home/user/astra_ihm_frontend/ros/install/mqtt_client_interfaces/share/mqtt_client_interfaces/hook/ld_library_path_lib.dsv'
[8.171s] INFO:colcon.colcon_core.shell:Creating environment hook '/home/user/astra_ihm_frontend/ros/install/mqtt_client_interfaces/share/mqtt_client_interfaces/hook/ld_library_path_lib.sh'
[8.171s] Level 1:colcon.colcon_core.environment:checking '/home/user/astra_ihm_frontend/ros/install/mqtt_client_interfaces/bin'
[8.171s] Level 1:colcon.colcon_core.environment:checking '/home/user/astra_ihm_frontend/ros/install/mqtt_client_interfaces/lib/pkgconfig/mqtt_client_interfaces.pc'
[8.171s] Level 1:colcon.colcon_core.environment:checking '/home/user/astra_ihm_frontend/ros/install/mqtt_client_interfaces/lib/python3.10/site-packages'
[8.171s] Level 1:colcon.colcon_core.shell:create_environment_hook('mqtt_client_interfaces', 'pythonpath')
[8.171s] INFO:colcon.colcon_core.shell:Creating environment hook '/home/user/astra_ihm_frontend/ros/install/mqtt_client_interfaces/share/mqtt_client_interfaces/hook/pythonpath.ps1'
[8.172s] INFO:colcon.colcon_core.shell:Creating environment descriptor '/home/user/astra_ihm_frontend/ros/install/mqtt_client_interfaces/share/mqtt_client_interfaces/hook/pythonpath.dsv'
[8.172s] INFO:colcon.colcon_core.shell:Creating environment hook '/home/user/astra_ihm_frontend/ros/install/mqtt_client_interfaces/share/mqtt_client_interfaces/hook/pythonpath.sh'
[8.172s] Level 1:colcon.colcon_core.environment:checking '/home/user/astra_ihm_frontend/ros/install/mqtt_client_interfaces/bin'
[8.172s] INFO:colcon.colcon_core.shell:Creating package script '/home/user/astra_ihm_frontend/ros/install/mqtt_client_interfaces/share/mqtt_client_interfaces/package.ps1'
[8.173s] INFO:colcon.colcon_core.shell:Creating package descriptor '/home/user/astra_ihm_frontend/ros/install/mqtt_client_interfaces/share/mqtt_client_interfaces/package.dsv'
[8.173s] INFO:colcon.colcon_core.shell:Creating package script '/home/user/astra_ihm_frontend/ros/install/mqtt_client_interfaces/share/mqtt_client_interfaces/package.sh'
[8.173s] INFO:colcon.colcon_core.shell:Creating package script '/home/user/astra_ihm_frontend/ros/install/mqtt_client_interfaces/share/mqtt_client_interfaces/package.bash'
[8.173s] INFO:colcon.colcon_core.shell:Creating package script '/home/user/astra_ihm_frontend/ros/install/mqtt_client_interfaces/share/mqtt_client_interfaces/package.zsh'
[8.174s] Level 1:colcon.colcon_core.environment:create_file_with_runtime_dependencies(/home/user/astra_ihm_frontend/ros/install/mqtt_client_interfaces/share/colcon-core/packages/mqtt_client_interfaces)
[8.174s] INFO:colcon.colcon_ros.task.ament_cmake.build:Building ROS package in '/home/user/astra_ihm_frontend/ros/src/mqtt_client/mqtt_client' with build type 'ament_cmake'
[8.174s] INFO:colcon.colcon_cmake.task.cmake.build:Building CMake package in '/home/user/astra_ihm_frontend/ros/src/mqtt_client/mqtt_client'
[8.174s] INFO:colcon.colcon_core.shell:Skip shell extension 'powershell' for command environment: Not usable outside of PowerShell
[8.174s] DEBUG:colcon.colcon_core.shell:Skip shell extension 'dsv' for command environment
[8.185s] DEBUG:colcon.colcon_core.event_handler.log_command:Invoking command in '/home/user/astra_ihm_frontend/ros/build/mqtt_client': AMENT_PREFIX_PATH=/home/user/astra_ihm_frontend/ros/install/mqtt_client_interfaces:${AMENT_PREFIX_PATH} CMAKE_PREFIX_PATH=/home/user/astra_ihm_frontend/ros/install/mqtt_client_interfaces:/home/user/astra_ihm_frontend/ros/install/astra_pcc:/home/user/segway_ws/install/segway_nav:/home/user/segway_ws/install/rmp_teleop:/home/user/segway_ws/install/rmp_base:/home/user/segway_ws/install/rmp_msgs:/home/user/segway_ws/install/rmp_description:/home/user/segway_ws/install/kiss_icp:/home/user/segway_ws/install/hesai_lidar:/home/user/astra/ros2/install/segway_nav:/home/user/astra/ros2/install/plugin_test:/home/user/astra/ros2/install/mapconversion:/home/user/astra/ros2/install/mapconversion_msgs:/home/user/astra/ros2/install/kindr_ros:/home/user/astra/ros2/install/kindr_msgs:/home/user/astra/ros2/install/elevation_map_msgs:/home/user/astra/ros2/install/astra_simu:/home/user/astra/ros2/install/astra_launch:/home/user/astra/ros2/install/astra_interfaces:/home/user/astra/ros2/install/astra_gridmap_filters:/home/user/elevation_mapping_cupy/install/elevation_mapping_cupy:/home/user/elevation_mapping_cupy/install/elevation_map_msgs:/home/user/segway_ws/install/segway_waypoint_follower:/home/user/astra/ros2/install/semantic_sensor:/home/user/astra/ros2/install/elevation_mapping_cupy:/home/user/astra/ros2/install/astra_service:/home/user/astra/ros2/install/astra_rqt_plugin:/home/user/elevation_mapping_cupy/install/semantic_sensor:/opt/ros/iron LD_LIBRARY_PATH=/home/user/astra_ihm_frontend/ros/install/mqtt_client_interfaces/lib:/home/user/segway_ws/install/rmp_msgs/lib:/home/user/segway_ws/install/kiss_icp/lib:/home/user/segway_ws/install/hesai_lidar/lib:/home/user/astra/ros2/install/mapconversion_msgs/lib:/home/user/astra/ros2/install/kindr_msgs/lib:/home/user/astra/ros2/install/elevation_map_msgs/lib:/home/user/astra/ros2/install/astra_interfaces/lib:/home/user/astra/ros2/install/astra_gridmap_filters/lib:/home/user/elevation_mapping_cupy/install/elevation_map_msgs/lib:/opt/ros/iron/opt/rviz_ogre_vendor/lib:/opt/ros/iron/lib/x86_64-linux-gnu:/opt/ros/iron/opt/openvdb_vendor/lib:/opt/ros/iron/lib:/usr/local/cuda-12.9/lib64 PYTHONPATH=/home/user/astra_ihm_frontend/ros/install/mqtt_client_interfaces/lib/python3.10/site-packages:${PYTHONPATH} /usr/bin/cmake /home/user/astra_ihm_frontend/ros/src/mqtt_client/mqtt_client -DAMENT_CMAKE_SYMLINK_INSTALL=1 -DCMAKE_INSTALL_PREFIX=/home/user/astra_ihm_frontend/ros/install/mqtt_client
[9.572s] DEBUG:colcon.colcon_core.event_handler.log_command:Invoked command in '/home/user/astra_ihm_frontend/ros/build/mqtt_client' returned '0': AMENT_PREFIX_PATH=/home/user/astra_ihm_frontend/ros/install/mqtt_client_interfaces:${AMENT_PREFIX_PATH} CMAKE_PREFIX_PATH=/home/user/astra_ihm_frontend/ros/install/mqtt_client_interfaces:/home/user/astra_ihm_frontend/ros/install/astra_pcc:/home/user/segway_ws/install/segway_nav:/home/user/segway_ws/install/rmp_teleop:/home/user/segway_ws/install/rmp_base:/home/user/segway_ws/install/rmp_msgs:/home/user/segway_ws/install/rmp_description:/home/user/segway_ws/install/kiss_icp:/home/user/segway_ws/install/hesai_lidar:/home/user/astra/ros2/install/segway_nav:/home/user/astra/ros2/install/plugin_test:/home/user/astra/ros2/install/mapconversion:/home/user/astra/ros2/install/mapconversion_msgs:/home/user/astra/ros2/install/kindr_ros:/home/user/astra/ros2/install/kindr_msgs:/home/user/astra/ros2/install/elevation_map_msgs:/home/user/astra/ros2/install/astra_simu:/home/user/astra/ros2/install/astra_launch:/home/user/astra/ros2/install/astra_interfaces:/home/user/astra/ros2/install/astra_gridmap_filters:/home/user/elevation_mapping_cupy/install/elevation_mapping_cupy:/home/user/elevation_mapping_cupy/install/elevation_map_msgs:/home/user/segway_ws/install/segway_waypoint_follower:/home/user/astra/ros2/install/semantic_sensor:/home/user/astra/ros2/install/elevation_mapping_cupy:/home/user/astra/ros2/install/astra_service:/home/user/astra/ros2/install/astra_rqt_plugin:/home/user/elevation_mapping_cupy/install/semantic_sensor:/opt/ros/iron LD_LIBRARY_PATH=/home/user/astra_ihm_frontend/ros/install/mqtt_client_interfaces/lib:/home/user/segway_ws/install/rmp_msgs/lib:/home/user/segway_ws/install/kiss_icp/lib:/home/user/segway_ws/install/hesai_lidar/lib:/home/user/astra/ros2/install/mapconversion_msgs/lib:/home/user/astra/ros2/install/kindr_msgs/lib:/home/user/astra/ros2/install/elevation_map_msgs/lib:/home/user/astra/ros2/install/astra_interfaces/lib:/home/user/astra/ros2/install/astra_gridmap_filters/lib:/home/user/elevation_mapping_cupy/install/elevation_map_msgs/lib:/opt/ros/iron/opt/rviz_ogre_vendor/lib:/opt/ros/iron/lib/x86_64-linux-gnu:/opt/ros/iron/opt/openvdb_vendor/lib:/opt/ros/iron/lib:/usr/local/cuda-12.9/lib64 PYTHONPATH=/home/user/astra_ihm_frontend/ros/install/mqtt_client_interfaces/lib/python3.10/site-packages:${PYTHONPATH} /usr/bin/cmake /home/user/astra_ihm_frontend/ros/src/mqtt_client/mqtt_client -DAMENT_CMAKE_SYMLINK_INSTALL=1 -DCMAKE_INSTALL_PREFIX=/home/user/astra_ihm_frontend/ros/install/mqtt_client
[9.574s] DEBUG:colcon.colcon_core.event_handler.log_command:Invoking command in '/home/user/astra_ihm_frontend/ros/build/mqtt_client': AMENT_PREFIX_PATH=/home/user/astra_ihm_frontend/ros/install/mqtt_client_interfaces:${AMENT_PREFIX_PATH} CMAKE_PREFIX_PATH=/home/user/astra_ihm_frontend/ros/install/mqtt_client_interfaces:/home/user/astra_ihm_frontend/ros/install/astra_pcc:/home/user/segway_ws/install/segway_nav:/home/user/segway_ws/install/rmp_teleop:/home/user/segway_ws/install/rmp_base:/home/user/segway_ws/install/rmp_msgs:/home/user/segway_ws/install/rmp_description:/home/user/segway_ws/install/kiss_icp:/home/user/segway_ws/install/hesai_lidar:/home/user/astra/ros2/install/segway_nav:/home/user/astra/ros2/install/plugin_test:/home/user/astra/ros2/install/mapconversion:/home/user/astra/ros2/install/mapconversion_msgs:/home/user/astra/ros2/install/kindr_ros:/home/user/astra/ros2/install/kindr_msgs:/home/user/astra/ros2/install/elevation_map_msgs:/home/user/astra/ros2/install/astra_simu:/home/user/astra/ros2/install/astra_launch:/home/user/astra/ros2/install/astra_interfaces:/home/user/astra/ros2/install/astra_gridmap_filters:/home/user/elevation_mapping_cupy/install/elevation_mapping_cupy:/home/user/elevation_mapping_cupy/install/elevation_map_msgs:/home/user/segway_ws/install/segway_waypoint_follower:/home/user/astra/ros2/install/semantic_sensor:/home/user/astra/ros2/install/elevation_mapping_cupy:/home/user/astra/ros2/install/astra_service:/home/user/astra/ros2/install/astra_rqt_plugin:/home/user/elevation_mapping_cupy/install/semantic_sensor:/opt/ros/iron LD_LIBRARY_PATH=/home/user/astra_ihm_frontend/ros/install/mqtt_client_interfaces/lib:/home/user/segway_ws/install/rmp_msgs/lib:/home/user/segway_ws/install/kiss_icp/lib:/home/user/segway_ws/install/hesai_lidar/lib:/home/user/astra/ros2/install/mapconversion_msgs/lib:/home/user/astra/ros2/install/kindr_msgs/lib:/home/user/astra/ros2/install/elevation_map_msgs/lib:/home/user/astra/ros2/install/astra_interfaces/lib:/home/user/astra/ros2/install/astra_gridmap_filters/lib:/home/user/elevation_mapping_cupy/install/elevation_map_msgs/lib:/opt/ros/iron/opt/rviz_ogre_vendor/lib:/opt/ros/iron/lib/x86_64-linux-gnu:/opt/ros/iron/opt/openvdb_vendor/lib:/opt/ros/iron/lib:/usr/local/cuda-12.9/lib64 PYTHONPATH=/home/user/astra_ihm_frontend/ros/install/mqtt_client_interfaces/lib/python3.10/site-packages:${PYTHONPATH} /usr/bin/cmake --build /home/user/astra_ihm_frontend/ros/build/mqtt_client -- -j20 -l20
[17.028s] DEBUG:colcon.colcon_core.event_handler.log_command:Invoked command in '/home/user/astra_ihm_frontend/ros/build/mqtt_client' returned '0': AMENT_PREFIX_PATH=/home/user/astra_ihm_frontend/ros/install/mqtt_client_interfaces:${AMENT_PREFIX_PATH} CMAKE_PREFIX_PATH=/home/user/astra_ihm_frontend/ros/install/mqtt_client_interfaces:/home/user/astra_ihm_frontend/ros/install/astra_pcc:/home/user/segway_ws/install/segway_nav:/home/user/segway_ws/install/rmp_teleop:/home/user/segway_ws/install/rmp_base:/home/user/segway_ws/install/rmp_msgs:/home/user/segway_ws/install/rmp_description:/home/user/segway_ws/install/kiss_icp:/home/user/segway_ws/install/hesai_lidar:/home/user/astra/ros2/install/segway_nav:/home/user/astra/ros2/install/plugin_test:/home/user/astra/ros2/install/mapconversion:/home/user/astra/ros2/install/mapconversion_msgs:/home/user/astra/ros2/install/kindr_ros:/home/user/astra/ros2/install/kindr_msgs:/home/user/astra/ros2/install/elevation_map_msgs:/home/user/astra/ros2/install/astra_simu:/home/user/astra/ros2/install/astra_launch:/home/user/astra/ros2/install/astra_interfaces:/home/user/astra/ros2/install/astra_gridmap_filters:/home/user/elevation_mapping_cupy/install/elevation_mapping_cupy:/home/user/elevation_mapping_cupy/install/elevation_map_msgs:/home/user/segway_ws/install/segway_waypoint_follower:/home/user/astra/ros2/install/semantic_sensor:/home/user/astra/ros2/install/elevation_mapping_cupy:/home/user/astra/ros2/install/astra_service:/home/user/astra/ros2/install/astra_rqt_plugin:/home/user/elevation_mapping_cupy/install/semantic_sensor:/opt/ros/iron LD_LIBRARY_PATH=/home/user/astra_ihm_frontend/ros/install/mqtt_client_interfaces/lib:/home/user/segway_ws/install/rmp_msgs/lib:/home/user/segway_ws/install/kiss_icp/lib:/home/user/segway_ws/install/hesai_lidar/lib:/home/user/astra/ros2/install/mapconversion_msgs/lib:/home/user/astra/ros2/install/kindr_msgs/lib:/home/user/astra/ros2/install/elevation_map_msgs/lib:/home/user/astra/ros2/install/astra_interfaces/lib:/home/user/astra/ros2/install/astra_gridmap_filters/lib:/home/user/elevation_mapping_cupy/install/elevation_map_msgs/lib:/opt/ros/iron/opt/rviz_ogre_vendor/lib:/opt/ros/iron/lib/x86_64-linux-gnu:/opt/ros/iron/opt/openvdb_vendor/lib:/opt/ros/iron/lib:/usr/local/cuda-12.9/lib64 PYTHONPATH=/home/user/astra_ihm_frontend/ros/install/mqtt_client_interfaces/lib/python3.10/site-packages:${PYTHONPATH} /usr/bin/cmake --build /home/user/astra_ihm_frontend/ros/build/mqtt_client -- -j20 -l20
[17.060s] DEBUG:colcon.colcon_core.event_handler.log_command:Invoking command in '/home/user/astra_ihm_frontend/ros/build/mqtt_client': AMENT_PREFIX_PATH=/home/user/astra_ihm_frontend/ros/install/mqtt_client_interfaces:${AMENT_PREFIX_PATH} CMAKE_PREFIX_PATH=/home/user/astra_ihm_frontend/ros/install/mqtt_client_interfaces:/home/user/astra_ihm_frontend/ros/install/astra_pcc:/home/user/segway_ws/install/segway_nav:/home/user/segway_ws/install/rmp_teleop:/home/user/segway_ws/install/rmp_base:/home/user/segway_ws/install/rmp_msgs:/home/user/segway_ws/install/rmp_description:/home/user/segway_ws/install/kiss_icp:/home/user/segway_ws/install/hesai_lidar:/home/user/astra/ros2/install/segway_nav:/home/user/astra/ros2/install/plugin_test:/home/user/astra/ros2/install/mapconversion:/home/user/astra/ros2/install/mapconversion_msgs:/home/user/astra/ros2/install/kindr_ros:/home/user/astra/ros2/install/kindr_msgs:/home/user/astra/ros2/install/elevation_map_msgs:/home/user/astra/ros2/install/astra_simu:/home/user/astra/ros2/install/astra_launch:/home/user/astra/ros2/install/astra_interfaces:/home/user/astra/ros2/install/astra_gridmap_filters:/home/user/elevation_mapping_cupy/install/elevation_mapping_cupy:/home/user/elevation_mapping_cupy/install/elevation_map_msgs:/home/user/segway_ws/install/segway_waypoint_follower:/home/user/astra/ros2/install/semantic_sensor:/home/user/astra/ros2/install/elevation_mapping_cupy:/home/user/astra/ros2/install/astra_service:/home/user/astra/ros2/install/astra_rqt_plugin:/home/user/elevation_mapping_cupy/install/semantic_sensor:/opt/ros/iron LD_LIBRARY_PATH=/home/user/astra_ihm_frontend/ros/install/mqtt_client_interfaces/lib:/home/user/segway_ws/install/rmp_msgs/lib:/home/user/segway_ws/install/kiss_icp/lib:/home/user/segway_ws/install/hesai_lidar/lib:/home/user/astra/ros2/install/mapconversion_msgs/lib:/home/user/astra/ros2/install/kindr_msgs/lib:/home/user/astra/ros2/install/elevation_map_msgs/lib:/home/user/astra/ros2/install/astra_interfaces/lib:/home/user/astra/ros2/install/astra_gridmap_filters/lib:/home/user/elevation_mapping_cupy/install/elevation_map_msgs/lib:/opt/ros/iron/opt/rviz_ogre_vendor/lib:/opt/ros/iron/lib/x86_64-linux-gnu:/opt/ros/iron/opt/openvdb_vendor/lib:/opt/ros/iron/lib:/usr/local/cuda-12.9/lib64 PYTHONPATH=/home/user/astra_ihm_frontend/ros/install/mqtt_client_interfaces/lib/python3.10/site-packages:${PYTHONPATH} /usr/bin/cmake --install /home/user/astra_ihm_frontend/ros/build/mqtt_client
[17.212s] Level 1:colcon.colcon_core.environment:create_environment_scripts_only(mqtt_client)
[17.212s] Level 1:colcon.colcon_core.environment:checking '/home/user/astra_ihm_frontend/ros/install/mqtt_client' for CMake module files
[17.213s] DEBUG:colcon.colcon_core.event_handler.log_command:Invoked command in '/home/user/astra_ihm_frontend/ros/build/mqtt_client' returned '0': AMENT_PREFIX_PATH=/home/user/astra_ihm_frontend/ros/install/mqtt_client_interfaces:${AMENT_PREFIX_PATH} CMAKE_PREFIX_PATH=/home/user/astra_ihm_frontend/ros/install/mqtt_client_interfaces:/home/user/astra_ihm_frontend/ros/install/astra_pcc:/home/user/segway_ws/install/segway_nav:/home/user/segway_ws/install/rmp_teleop:/home/user/segway_ws/install/rmp_base:/home/user/segway_ws/install/rmp_msgs:/home/user/segway_ws/install/rmp_description:/home/user/segway_ws/install/kiss_icp:/home/user/segway_ws/install/hesai_lidar:/home/user/astra/ros2/install/segway_nav:/home/user/astra/ros2/install/plugin_test:/home/user/astra/ros2/install/mapconversion:/home/user/astra/ros2/install/mapconversion_msgs:/home/user/astra/ros2/install/kindr_ros:/home/user/astra/ros2/install/kindr_msgs:/home/user/astra/ros2/install/elevation_map_msgs:/home/user/astra/ros2/install/astra_simu:/home/user/astra/ros2/install/astra_launch:/home/user/astra/ros2/install/astra_interfaces:/home/user/astra/ros2/install/astra_gridmap_filters:/home/user/elevation_mapping_cupy/install/elevation_mapping_cupy:/home/user/elevation_mapping_cupy/install/elevation_map_msgs:/home/user/segway_ws/install/segway_waypoint_follower:/home/user/astra/ros2/install/semantic_sensor:/home/user/astra/ros2/install/elevation_mapping_cupy:/home/user/astra/ros2/install/astra_service:/home/user/astra/ros2/install/astra_rqt_plugin:/home/user/elevation_mapping_cupy/install/semantic_sensor:/opt/ros/iron LD_LIBRARY_PATH=/home/user/astra_ihm_frontend/ros/install/mqtt_client_interfaces/lib:/home/user/segway_ws/install/rmp_msgs/lib:/home/user/segway_ws/install/kiss_icp/lib:/home/user/segway_ws/install/hesai_lidar/lib:/home/user/astra/ros2/install/mapconversion_msgs/lib:/home/user/astra/ros2/install/kindr_msgs/lib:/home/user/astra/ros2/install/elevation_map_msgs/lib:/home/user/astra/ros2/install/astra_interfaces/lib:/home/user/astra/ros2/install/astra_gridmap_filters/lib:/home/user/elevation_mapping_cupy/install/elevation_map_msgs/lib:/opt/ros/iron/opt/rviz_ogre_vendor/lib:/opt/ros/iron/lib/x86_64-linux-gnu:/opt/ros/iron/opt/openvdb_vendor/lib:/opt/ros/iron/lib:/usr/local/cuda-12.9/lib64 PYTHONPATH=/home/user/astra_ihm_frontend/ros/install/mqtt_client_interfaces/lib/python3.10/site-packages:${PYTHONPATH} /usr/bin/cmake --install /home/user/astra_ihm_frontend/ros/build/mqtt_client
[17.213s] Level 1:colcon.colcon_core.environment:checking '/home/user/astra_ihm_frontend/ros/install/mqtt_client' for CMake config files
[17.213s] Level 1:colcon.colcon_core.shell:create_environment_hook('mqtt_client', 'cmake_prefix_path')
[17.213s] INFO:colcon.colcon_core.shell:Creating environment hook '/home/user/astra_ihm_frontend/ros/install/mqtt_client/share/mqtt_client/hook/cmake_prefix_path.ps1'
[17.213s] INFO:colcon.colcon_core.shell:Creating environment descriptor '/home/user/astra_ihm_frontend/ros/install/mqtt_client/share/mqtt_client/hook/cmake_prefix_path.dsv'
[17.214s] INFO:colcon.colcon_core.shell:Creating environment hook '/home/user/astra_ihm_frontend/ros/install/mqtt_client/share/mqtt_client/hook/cmake_prefix_path.sh'
[17.214s] Level 1:colcon.colcon_core.environment:checking '/home/user/astra_ihm_frontend/ros/install/mqtt_client/lib'
[17.214s] Level 1:colcon.colcon_core.shell:create_environment_hook('mqtt_client', 'ld_library_path_lib')
[17.214s] INFO:colcon.colcon_core.shell:Creating environment hook '/home/user/astra_ihm_frontend/ros/install/mqtt_client/share/mqtt_client/hook/ld_library_path_lib.ps1'
[17.214s] INFO:colcon.colcon_core.shell:Creating environment descriptor '/home/user/astra_ihm_frontend/ros/install/mqtt_client/share/mqtt_client/hook/ld_library_path_lib.dsv'
[17.215s] INFO:colcon.colcon_core.shell:Creating environment hook '/home/user/astra_ihm_frontend/ros/install/mqtt_client/share/mqtt_client/hook/ld_library_path_lib.sh'
[17.215s] Level 1:colcon.colcon_core.environment:checking '/home/user/astra_ihm_frontend/ros/install/mqtt_client/bin'
[17.215s] Level 1:colcon.colcon_core.environment:checking '/home/user/astra_ihm_frontend/ros/install/mqtt_client/lib/pkgconfig/mqtt_client.pc'
[17.215s] Level 1:colcon.colcon_core.environment:checking '/home/user/astra_ihm_frontend/ros/install/mqtt_client/lib/python3.10/site-packages'
[17.215s] Level 1:colcon.colcon_core.environment:checking '/home/user/astra_ihm_frontend/ros/install/mqtt_client/bin'
[17.215s] INFO:colcon.colcon_core.shell:Creating package script '/home/user/astra_ihm_frontend/ros/install/mqtt_client/share/mqtt_client/package.ps1'
[17.216s] INFO:colcon.colcon_core.shell:Creating package descriptor '/home/user/astra_ihm_frontend/ros/install/mqtt_client/share/mqtt_client/package.dsv'
[17.216s] INFO:colcon.colcon_core.shell:Creating package script '/home/user/astra_ihm_frontend/ros/install/mqtt_client/share/mqtt_client/package.sh'
[17.216s] INFO:colcon.colcon_core.shell:Creating package script '/home/user/astra_ihm_frontend/ros/install/mqtt_client/share/mqtt_client/package.bash'
[17.216s] INFO:colcon.colcon_core.shell:Creating package script '/home/user/astra_ihm_frontend/ros/install/mqtt_client/share/mqtt_client/package.zsh'
[17.216s] Level 1:colcon.colcon_core.environment:create_file_with_runtime_dependencies(/home/user/astra_ihm_frontend/ros/install/mqtt_client/share/colcon-core/packages/mqtt_client)
[17.245s] Level 1:colcon.colcon_core.environment:create_environment_scripts_only(mqtt_client)
[17.245s] Level 1:colcon.colcon_core.environment:checking '/home/user/astra_ihm_frontend/ros/install/mqtt_client' for CMake module files
[17.246s] Level 1:colcon.colcon_core.environment:checking '/home/user/astra_ihm_frontend/ros/install/mqtt_client' for CMake config files
[17.246s] Level 1:colcon.colcon_core.shell:create_environment_hook('mqtt_client', 'cmake_prefix_path')
[17.247s] INFO:colcon.colcon_core.shell:Creating environment hook '/home/user/astra_ihm_frontend/ros/install/mqtt_client/share/mqtt_client/hook/cmake_prefix_path.ps1'
[17.247s] INFO:colcon.colcon_core.shell:Creating environment descriptor '/home/user/astra_ihm_frontend/ros/install/mqtt_client/share/mqtt_client/hook/cmake_prefix_path.dsv'
[17.247s] INFO:colcon.colcon_core.shell:Creating environment hook '/home/user/astra_ihm_frontend/ros/install/mqtt_client/share/mqtt_client/hook/cmake_prefix_path.sh'
[17.248s] Level 1:colcon.colcon_core.environment:checking '/home/user/astra_ihm_frontend/ros/install/mqtt_client/lib'
[17.248s] Level 1:colcon.colcon_core.shell:create_environment_hook('mqtt_client', 'ld_library_path_lib')
[17.248s] INFO:colcon.colcon_core.shell:Creating environment hook '/home/user/astra_ihm_frontend/ros/install/mqtt_client/share/mqtt_client/hook/ld_library_path_lib.ps1'
[17.248s] INFO:colcon.colcon_core.shell:Creating environment descriptor '/home/user/astra_ihm_frontend/ros/install/mqtt_client/share/mqtt_client/hook/ld_library_path_lib.dsv'
[17.248s] INFO:colcon.colcon_core.shell:Creating environment hook '/home/user/astra_ihm_frontend/ros/install/mqtt_client/share/mqtt_client/hook/ld_library_path_lib.sh'
[17.248s] Level 1:colcon.colcon_core.environment:checking '/home/user/astra_ihm_frontend/ros/install/mqtt_client/bin'
[17.248s] Level 1:colcon.colcon_core.environment:checking '/home/user/astra_ihm_frontend/ros/install/mqtt_client/lib/pkgconfig/mqtt_client.pc'
[17.249s] Level 1:colcon.colcon_core.environment:checking '/home/user/astra_ihm_frontend/ros/install/mqtt_client/lib/python3.10/site-packages'
[17.249s] Level 1:colcon.colcon_core.environment:checking '/home/user/astra_ihm_frontend/ros/install/mqtt_client/bin'
[17.249s] INFO:colcon.colcon_core.shell:Creating package script '/home/user/astra_ihm_frontend/ros/install/mqtt_client/share/mqtt_client/package.ps1'
[17.249s] INFO:colcon.colcon_core.shell:Creating package descriptor '/home/user/astra_ihm_frontend/ros/install/mqtt_client/share/mqtt_client/package.dsv'
[17.250s] INFO:colcon.colcon_core.shell:Creating package script '/home/user/astra_ihm_frontend/ros/install/mqtt_client/share/mqtt_client/package.sh'
[17.250s] INFO:colcon.colcon_core.shell:Creating package script '/home/user/astra_ihm_frontend/ros/install/mqtt_client/share/mqtt_client/package.bash'
[17.250s] INFO:colcon.colcon_core.shell:Creating package script '/home/user/astra_ihm_frontend/ros/install/mqtt_client/share/mqtt_client/package.zsh'
[17.251s] Level 1:colcon.colcon_core.environment:create_file_with_runtime_dependencies(/home/user/astra_ihm_frontend/ros/install/mqtt_client/share/colcon-core/packages/mqtt_client)
[17.251s] DEBUG:colcon.colcon_parallel_executor.executor.parallel:closing loop
[17.251s] DEBUG:colcon.colcon_parallel_executor.executor.parallel:loop closed
[17.251s] DEBUG:colcon.colcon_parallel_executor.executor.parallel:run_until_complete finished with '0'
[17.251s] DEBUG:colcon.colcon_core.event_reactor:joining thread
[17.251s] DEBUG:colcon.colcon_core.event_reactor:joined thread
[17.251s] INFO:colcon.colcon_core.shell:Creating prefix script '/home/user/astra_ihm_frontend/ros/install/local_setup.ps1'
[17.253s] INFO:colcon.colcon_core.shell:Creating prefix util module '/home/user/astra_ihm_frontend/ros/install/_local_setup_util_ps1.py'
[17.255s] INFO:colcon.colcon_core.shell:Creating prefix chain script '/home/user/astra_ihm_frontend/ros/install/setup.ps1'
[17.257s] INFO:colcon.colcon_core.shell:Creating prefix script '/home/user/astra_ihm_frontend/ros/install/local_setup.sh'
[17.258s] INFO:colcon.colcon_core.shell:Creating prefix util module '/home/user/astra_ihm_frontend/ros/install/_local_setup_util_sh.py'
[17.258s] INFO:colcon.colcon_core.shell:Creating prefix chain script '/home/user/astra_ihm_frontend/ros/install/setup.sh'
[17.260s] INFO:colcon.colcon_core.shell:Creating prefix script '/home/user/astra_ihm_frontend/ros/install/local_setup.bash'
[17.262s] INFO:colcon.colcon_core.shell:Creating prefix chain script '/home/user/astra_ihm_frontend/ros/install/setup.bash'
[17.264s] INFO:colcon.colcon_core.shell:Creating prefix script '/home/user/astra_ihm_frontend/ros/install/local_setup.zsh'
[17.265s] INFO:colcon.colcon_core.shell:Creating prefix chain script '/home/user/astra_ihm_frontend/ros/install/setup.zsh'
